{"C:\\Users\\andre\\StudioProjects\\sharebook\\app\\servidor\\src\\application\\modules\\alert.module.ts": {"path":"C:\\Users\\andre\\StudioProjects\\sharebook\\app\\servidor\\src\\application\\modules\\alert.module.ts","statementMap":{"0":{"start":{"line":1,"column":0},"end":{"line":1,"column":40}},"1":{"start":{"line":2,"column":0},"end":{"line":2,"column":83}},"2":{"start":{"line":3,"column":0},"end":{"line":3,"column":80}},"3":{"start":{"line":4,"column":0},"end":{"line":4,"column":57}},"4":{"start":{"line":5,"column":0},"end":{"line":5,"column":86}},"5":{"start":{"line":13,"column":9},"end":{"line":13,"column":null}},"6":{"start":{"line":13,"column":15},"end":{"line":13,"column":null}},"7":{"start":{"line":13,"column":15},"end":{"line":13,"column":26}}},"fnMap":{},"branchMap":{},"s":{"0":0,"1":0,"2":0,"3":0,"4":0,"5":0,"6":0,"7":0},"f":{},"b":{}}
,"C:\\Users\\andre\\StudioProjects\\sharebook\\app\\servidor\\src\\application\\modules\\app.module.ts": {"path":"C:\\Users\\andre\\StudioProjects\\sharebook\\app\\servidor\\src\\application\\modules\\app.module.ts","statementMap":{"0":{"start":{"line":1,"column":0},"end":{"line":1,"column":null}},"1":{"start":{"line":7,"column":0},"end":{"line":7,"column":76}},"2":{"start":{"line":8,"column":0},"end":{"line":8,"column":53}},"3":{"start":{"line":9,"column":0},"end":{"line":9,"column":43}},"4":{"start":{"line":10,"column":0},"end":{"line":10,"column":43}},"5":{"start":{"line":11,"column":0},"end":{"line":11,"column":41}},"6":{"start":{"line":12,"column":0},"end":{"line":12,"column":70}},"7":{"start":{"line":13,"column":0},"end":{"line":13,"column":43}},"8":{"start":{"line":14,"column":0},"end":{"line":14,"column":45}},"9":{"start":{"line":15,"column":0},"end":{"line":15,"column":41}},"10":{"start":{"line":16,"column":0},"end":{"line":16,"column":47}},"11":{"start":{"line":17,"column":0},"end":{"line":17,"column":82}},"12":{"start":{"line":24,"column":7},"end":{"line":30,"column":null}},"13":{"start":{"line":26,"column":4},"end":{"line":28,"column":114}},"14":{"start":{"line":24,"column":13},"end":{"line":30,"column":null}},"15":{"start":{"line":24,"column":13},"end":{"line":24,"column":22}}},"fnMap":{"0":{"name":"(anonymous_1)","decl":{"start":{"line":25,"column":2},"end":{"line":25,"column":11}},"loc":{"start":{"line":25,"column":40},"end":{"line":29,"column":3}}}},"branchMap":{},"s":{"0":0,"1":0,"2":0,"3":0,"4":0,"5":0,"6":0,"7":0,"8":0,"9":0,"10":0,"11":0,"12":0,"13":0,"14":0,"15":0},"f":{"0":0},"b":{}}
,"C:\\Users\\andre\\StudioProjects\\sharebook\\app\\servidor\\src\\application\\modules\\auth.module.ts": {"path":"C:\\Users\\andre\\StudioProjects\\sharebook\\app\\servidor\\src\\application\\modules\\auth.module.ts","statementMap":{"0":{"start":{"line":1,"column":0},"end":{"line":1,"column":72}},"1":{"start":{"line":2,"column":0},"end":{"line":2,"column":40}},"2":{"start":{"line":4,"column":0},"end":{"line":4,"column":55}},"3":{"start":{"line":5,"column":0},"end":{"line":5,"column":78}},"4":{"start":{"line":6,"column":0},"end":{"line":6,"column":61}},"5":{"start":{"line":7,"column":0},"end":{"line":7,"column":43}},"6":{"start":{"line":8,"column":0},"end":{"line":8,"column":57}},"7":{"start":{"line":9,"column":0},"end":{"line":9,"column":99}},"8":{"start":{"line":19,"column":7},"end":{"line":23,"column":null}},"9":{"start":{"line":21,"column":4},"end":{"line":21,"column":65}},"10":{"start":{"line":19,"column":13},"end":{"line":23,"column":null}},"11":{"start":{"line":19,"column":13},"end":{"line":19,"column":23}}},"fnMap":{"0":{"name":"(anonymous_1)","decl":{"start":{"line":20,"column":2},"end":{"line":20,"column":11}},"loc":{"start":{"line":20,"column":40},"end":{"line":22,"column":3}}}},"branchMap":{},"s":{"0":0,"1":0,"2":0,"3":0,"4":0,"5":0,"6":0,"7":0,"8":0,"9":0,"10":0,"11":0},"f":{"0":0},"b":{}}
,"C:\\Users\\andre\\StudioProjects\\sharebook\\app\\servidor\\src\\application\\modules\\book-gender.module.ts": {"path":"C:\\Users\\andre\\StudioProjects\\sharebook\\app\\servidor\\src\\application\\modules\\book-gender.module.ts","statementMap":{"0":{"start":{"line":1,"column":0},"end":{"line":1,"column":40}},"1":{"start":{"line":3,"column":0},"end":{"line":3,"column":59}},"2":{"start":{"line":4,"column":0},"end":{"line":4,"column":69}},"3":{"start":{"line":5,"column":0},"end":{"line":5,"column":96}},"4":{"start":{"line":7,"column":0},"end":{"line":7,"column":83}},"5":{"start":{"line":8,"column":0},"end":{"line":8,"column":86}},"6":{"start":{"line":20,"column":29},"end":{"line":20,"column":null}},"7":{"start":{"line":20,"column":13},"end":{"line":20,"column":null}},"8":{"start":{"line":20,"column":13},"end":{"line":20,"column":29}}},"fnMap":{},"branchMap":{},"s":{"0":0,"1":0,"2":0,"3":0,"4":0,"5":0,"6":0,"7":0,"8":0},"f":{},"b":{}}
,"C:\\Users\\andre\\StudioProjects\\sharebook\\app\\servidor\\src\\application\\modules\\book.module.ts": {"path":"C:\\Users\\andre\\StudioProjects\\sharebook\\app\\servidor\\src\\application\\modules\\book.module.ts","statementMap":{"0":{"start":{"line":1,"column":0},"end":{"line":1,"column":40}},"1":{"start":{"line":2,"column":0},"end":{"line":2,"column":77}},"2":{"start":{"line":3,"column":0},"end":{"line":3,"column":55}},"3":{"start":{"line":4,"column":0},"end":{"line":4,"column":84}},"4":{"start":{"line":5,"column":0},"end":{"line":5,"column":83}},"5":{"start":{"line":6,"column":0},"end":{"line":6,"column":68}},"6":{"start":{"line":7,"column":0},"end":{"line":7,"column":84}},"7":{"start":{"line":8,"column":0},"end":{"line":8,"column":69}},"8":{"start":{"line":9,"column":0},"end":{"line":9,"column":69}},"9":{"start":{"line":10,"column":0},"end":{"line":10,"column":98}},"10":{"start":{"line":11,"column":0},"end":{"line":11,"column":98}},"11":{"start":{"line":12,"column":0},"end":{"line":12,"column":59}},"12":{"start":{"line":13,"column":0},"end":{"line":13,"column":86}},"13":{"start":{"line":14,"column":0},"end":{"line":14,"column":93}},"14":{"start":{"line":15,"column":0},"end":{"line":15,"column":66}},"15":{"start":{"line":16,"column":0},"end":{"line":16,"column":59}},"16":{"start":{"line":17,"column":0},"end":{"line":17,"column":86}},"17":{"start":{"line":18,"column":0},"end":{"line":18,"column":63}},"18":{"start":{"line":41,"column":7},"end":{"line":41,"column":null}},"19":{"start":{"line":41,"column":13},"end":{"line":41,"column":null}},"20":{"start":{"line":41,"column":13},"end":{"line":41,"column":23}}},"fnMap":{},"branchMap":{},"s":{"0":0,"1":0,"2":0,"3":0,"4":0,"5":0,"6":0,"7":0,"8":0,"9":0,"10":0,"11":0,"12":0,"13":0,"14":0,"15":0,"16":0,"17":0,"18":0,"19":0,"20":0},"f":{},"b":{}}
,"C:\\Users\\andre\\StudioProjects\\sharebook\\app\\servidor\\src\\application\\modules\\gender.module.ts": {"path":"C:\\Users\\andre\\StudioProjects\\sharebook\\app\\servidor\\src\\application\\modules\\gender.module.ts","statementMap":{"0":{"start":{"line":1,"column":0},"end":{"line":1,"column":40}},"1":{"start":{"line":2,"column":0},"end":{"line":2,"column":82}},"2":{"start":{"line":3,"column":0},"end":{"line":3,"column":59}},"3":{"start":{"line":9,"column":7},"end":{"line":9,"column":null}},"4":{"start":{"line":9,"column":13},"end":{"line":9,"column":null}},"5":{"start":{"line":9,"column":13},"end":{"line":9,"column":23}}},"fnMap":{},"branchMap":{},"s":{"0":0,"1":0,"2":0,"3":0,"4":0,"5":0},"f":{},"b":{}}
,"C:\\Users\\andre\\StudioProjects\\sharebook\\app\\servidor\\src\\application\\modules\\rescue.module.ts": {"path":"C:\\Users\\andre\\StudioProjects\\sharebook\\app\\servidor\\src\\application\\modules\\rescue.module.ts","statementMap":{"0":{"start":{"line":1,"column":0},"end":{"line":1,"column":40}},"1":{"start":{"line":2,"column":0},"end":{"line":2,"column":59}},"2":{"start":{"line":3,"column":0},"end":{"line":3,"column":82}},"3":{"start":{"line":4,"column":0},"end":{"line":4,"column":83}},"4":{"start":{"line":5,"column":0},"end":{"line":5,"column":63}},"5":{"start":{"line":6,"column":0},"end":{"line":6,"column":82}},"6":{"start":{"line":7,"column":0},"end":{"line":7,"column":82}},"7":{"start":{"line":8,"column":0},"end":{"line":8,"column":86}},"8":{"start":{"line":9,"column":0},"end":{"line":9,"column":93}},"9":{"start":{"line":10,"column":0},"end":{"line":10,"column":69}},"10":{"start":{"line":11,"column":0},"end":{"line":11,"column":59}},"11":{"start":{"line":12,"column":0},"end":{"line":12,"column":86}},"12":{"start":{"line":13,"column":0},"end":{"line":13,"column":96}},"13":{"start":{"line":31,"column":7},"end":{"line":31,"column":null}},"14":{"start":{"line":31,"column":13},"end":{"line":31,"column":null}},"15":{"start":{"line":31,"column":13},"end":{"line":31,"column":25}}},"fnMap":{},"branchMap":{},"s":{"0":0,"1":0,"2":0,"3":0,"4":0,"5":0,"6":0,"7":0,"8":0,"9":0,"10":0,"11":0,"12":0,"13":0,"14":0,"15":0},"f":{},"b":{}}
,"C:\\Users\\andre\\StudioProjects\\sharebook\\app\\servidor\\src\\application\\modules\\user.module.ts": {"path":"C:\\Users\\andre\\StudioProjects\\sharebook\\app\\servidor\\src\\application\\modules\\user.module.ts","statementMap":{"0":{"start":{"line":1,"column":0},"end":{"line":1,"column":40}},"1":{"start":{"line":2,"column":0},"end":{"line":2,"column":55}},"2":{"start":{"line":3,"column":0},"end":{"line":3,"column":78}},"3":{"start":{"line":4,"column":0},"end":{"line":4,"column":83}},"4":{"start":{"line":5,"column":0},"end":{"line":5,"column":84}},"5":{"start":{"line":6,"column":0},"end":{"line":6,"column":40}},"6":{"start":{"line":7,"column":0},"end":{"line":7,"column":57}},"7":{"start":{"line":8,"column":0},"end":{"line":8,"column":55}},"8":{"start":{"line":22,"column":7},"end":{"line":22,"column":null}},"9":{"start":{"line":22,"column":13},"end":{"line":22,"column":null}},"10":{"start":{"line":22,"column":13},"end":{"line":22,"column":23}}},"fnMap":{},"branchMap":{},"s":{"0":0,"1":0,"2":0,"3":0,"4":0,"5":0,"6":0,"7":0,"8":0,"9":0,"10":0},"f":{},"b":{}}
,"C:\\Users\\andre\\StudioProjects\\sharebook\\app\\servidor\\src\\application\\services\\alert.service.ts": {"path":"C:\\Users\\andre\\StudioProjects\\sharebook\\app\\servidor\\src\\application\\services\\alert.service.ts","statementMap":{"0":{"start":{"line":1,"column":0},"end":{"line":1,"column":63}},"1":{"start":{"line":3,"column":0},"end":{"line":3,"column":86}},"2":{"start":{"line":6,"column":7},"end":{"line":27,"column":null}},"3":{"start":{"line":8,"column":21},"end":{"line":8,"column":38}},"4":{"start":{"line":12,"column":18},"end":{"line":12,"column":80}},"5":{"start":{"line":14,"column":4},"end":{"line":16,"column":null}},"6":{"start":{"line":15,"column":6},"end":{"line":15,"column":36}},"7":{"start":{"line":18,"column":29},"end":{"line":23,"column":null}},"8":{"start":{"line":25,"column":4},"end":{"line":25,"column":56}},"9":{"start":{"line":6,"column":13},"end":{"line":27,"column":null}},"10":{"start":{"line":6,"column":13},"end":{"line":6,"column":25}}},"fnMap":{"0":{"name":"(anonymous_2)","decl":{"start":{"line":7,"column":2},"end":{"line":7,"column":null}},"loc":{"start":{"line":8,"column":53},"end":{"line":9,"column":6}}},"1":{"name":"(anonymous_3)","decl":{"start":{"line":11,"column":2},"end":{"line":11,"column":7}},"loc":{"start":{"line":11,"column":114},"end":{"line":26,"column":3}}}},"branchMap":{"0":{"loc":{"start":{"line":14,"column":4},"end":{"line":16,"column":null}},"type":"if","locations":[{"start":{"line":14,"column":4},"end":{"line":16,"column":null}}]},"1":{"loc":{"start":{"line":21,"column":34},"end":{"line":21,"column":93}},"type":"cond-expr","locations":[{"start":{"line":21,"column":61},"end":{"line":21,"column":85}},{"start":{"line":21,"column":88},"end":{"line":21,"column":93}}]},"2":{"loc":{"start":{"line":22,"column":26},"end":{"line":22,"column":69}},"type":"cond-expr","locations":[{"start":{"line":22,"column":45},"end":{"line":22,"column":61}},{"start":{"line":22,"column":64},"end":{"line":22,"column":69}}]}},"s":{"0":1,"1":1,"2":1,"3":1,"4":0,"5":0,"6":0,"7":0,"8":0,"9":1,"10":1},"f":{"0":1,"1":0},"b":{"0":[0],"1":[0,0],"2":[0,0]}}
,"C:\\Users\\andre\\StudioProjects\\sharebook\\app\\servidor\\src\\application\\services\\app.service.ts": {"path":"C:\\Users\\andre\\StudioProjects\\sharebook\\app\\servidor\\src\\application\\services\\app.service.ts","statementMap":{"0":{"start":{"line":1,"column":0},"end":{"line":1,"column":44}},"1":{"start":{"line":4,"column":7},"end":{"line":8,"column":null}},"2":{"start":{"line":6,"column":4},"end":{"line":6,"column":26}},"3":{"start":{"line":4,"column":13},"end":{"line":8,"column":null}},"4":{"start":{"line":4,"column":13},"end":{"line":4,"column":23}}},"fnMap":{"0":{"name":"(anonymous_1)","decl":{"start":{"line":5,"column":2},"end":{"line":5,"column":10}},"loc":{"start":{"line":5,"column":10},"end":{"line":7,"column":3}}}},"branchMap":{},"s":{"0":1,"1":1,"2":1,"3":1,"4":1},"f":{"0":1},"b":{}}
,"C:\\Users\\andre\\StudioProjects\\sharebook\\app\\servidor\\src\\application\\services\\auth.service.ts": {"path":"C:\\Users\\andre\\StudioProjects\\sharebook\\app\\servidor\\src\\application\\services\\auth.service.ts","statementMap":{"0":{"start":{"line":1,"column":0},"end":{"line":1,"column":44}},"1":{"start":{"line":2,"column":0},"end":{"line":2,"column":33}},"2":{"start":{"line":3,"column":0},"end":{"line":3,"column":45}},"3":{"start":{"line":5,"column":0},"end":{"line":5,"column":41}},"4":{"start":{"line":10,"column":7},"end":{"line":56,"column":null}},"5":{"start":{"line":12,"column":21},"end":{"line":12,"column":34}},"6":{"start":{"line":13,"column":21},"end":{"line":13,"column":33}},"7":{"start":{"line":17,"column":17},"end":{"line":17,"column":61}},"8":{"start":{"line":19,"column":4},"end":{"line":28,"column":null}},"9":{"start":{"line":20,"column":30},"end":{"line":20,"column":72}},"10":{"start":{"line":23,"column":6},"end":{"line":26,"column":null}},"11":{"start":{"line":24,"column":8},"end":{"line":26,"column":null}},"12":{"start":{"line":30,"column":4},"end":{"line":30,"column":54}},"13":{"start":{"line":34,"column":33},"end":{"line":40,"column":6}},"14":{"start":{"line":42,"column":21},"end":{"line":42,"column":50}},"15":{"start":{"line":43,"column":39},"end":{"line":49,"column":6}},"16":{"start":{"line":51,"column":4},"end":{"line":54,"column":6}},"17":{"start":{"line":10,"column":13},"end":{"line":56,"column":null}},"18":{"start":{"line":10,"column":13},"end":{"line":10,"column":24}}},"fnMap":{"0":{"name":"(anonymous_2)","decl":{"start":{"line":11,"column":2},"end":{"line":11,"column":null}},"loc":{"start":{"line":13,"column":43},"end":{"line":14,"column":6}}},"1":{"name":"(anonymous_3)","decl":{"start":{"line":16,"column":2},"end":{"line":16,"column":7}},"loc":{"start":{"line":16,"column":52},"end":{"line":31,"column":3}}},"2":{"name":"(anonymous_4)","decl":{"start":{"line":33,"column":2},"end":{"line":33,"column":7}},"loc":{"start":{"line":33,"column":24},"end":{"line":55,"column":3}}}},"branchMap":{"0":{"loc":{"start":{"line":19,"column":4},"end":{"line":28,"column":null}},"type":"if","locations":[{"start":{"line":19,"column":4},"end":{"line":28,"column":null}}]},"1":{"loc":{"start":{"line":23,"column":6},"end":{"line":26,"column":null}},"type":"if","locations":[{"start":{"line":23,"column":6},"end":{"line":26,"column":null}}]}},"s":{"0":1,"1":1,"2":1,"3":1,"4":1,"5":4,"6":4,"7":2,"8":1,"9":1,"10":1,"11":1,"12":0,"13":1,"14":1,"15":1,"16":1,"17":1,"18":1},"f":{"0":4,"1":2,"2":1},"b":{"0":[1],"1":[1]}}
,"C:\\Users\\andre\\StudioProjects\\sharebook\\app\\servidor\\src\\application\\services\\book-gender.service.ts": {"path":"C:\\Users\\andre\\StudioProjects\\sharebook\\app\\servidor\\src\\application\\services\\book-gender.service.ts","statementMap":{"0":{"start":{"line":1,"column":0},"end":{"line":1,"column":44}},"1":{"start":{"line":2,"column":0},"end":{"line":2,"column":98}},"2":{"start":{"line":3,"column":0},"end":{"line":3,"column":49}},"3":{"start":{"line":6,"column":7},"end":{"line":37,"column":null}},"4":{"start":{"line":8,"column":12},"end":{"line":8,"column":34}},"5":{"start":{"line":9,"column":12},"end":{"line":9,"column":27}},"6":{"start":{"line":13,"column":4},"end":{"line":13,"column":54}},"7":{"start":{"line":17,"column":24},"end":{"line":17,"column":44}},"8":{"start":{"line":19,"column":20},"end":{"line":21,"column":48}},"9":{"start":{"line":20,"column":30},"end":{"line":20,"column":61}},"10":{"start":{"line":21,"column":27},"end":{"line":21,"column":47}},"11":{"start":{"line":23,"column":4},"end":{"line":23,"column":19}},"12":{"start":{"line":27,"column":22},"end":{"line":27,"column":57}},"13":{"start":{"line":28,"column":23},"end":{"line":32,"column":null}},"14":{"start":{"line":30,"column":23},"end":{"line":30,"column":65}},"15":{"start":{"line":31,"column":8},"end":{"line":31,"column":27}},"16":{"start":{"line":35,"column":4},"end":{"line":35,"column":22}},"17":{"start":{"line":6,"column":13},"end":{"line":37,"column":null}},"18":{"start":{"line":6,"column":13},"end":{"line":6,"column":31}}},"fnMap":{"0":{"name":"(anonymous_2)","decl":{"start":{"line":7,"column":2},"end":{"line":7,"column":null}},"loc":{"start":{"line":9,"column":40},"end":{"line":10,"column":6}}},"1":{"name":"(anonymous_3)","decl":{"start":{"line":12,"column":2},"end":{"line":12,"column":7}},"loc":{"start":{"line":12,"column":15},"end":{"line":14,"column":3}}},"2":{"name":"(anonymous_4)","decl":{"start":{"line":16,"column":2},"end":{"line":16,"column":7}},"loc":{"start":{"line":16,"column":39},"end":{"line":24,"column":3}}},"3":{"name":"(anonymous_5)","decl":{"start":{"line":20,"column":14},"end":{"line":20,"column":15}},"loc":{"start":{"line":20,"column":30},"end":{"line":20,"column":61}}},"4":{"name":"(anonymous_6)","decl":{"start":{"line":21,"column":11},"end":{"line":21,"column":12}},"loc":{"start":{"line":21,"column":27},"end":{"line":21,"column":47}}},"5":{"name":"(anonymous_7)","decl":{"start":{"line":26,"column":2},"end":{"line":26,"column":7}},"loc":{"start":{"line":26,"column":38},"end":{"line":36,"column":3}}},"6":{"name":"(anonymous_8)","decl":{"start":{"line":29,"column":20},"end":{"line":29,"column":25}},"loc":{"start":{"line":29,"column":39},"end":{"line":32,"column":7}}}},"branchMap":{},"s":{"0":2,"1":2,"2":2,"3":2,"4":12,"5":12,"6":10,"7":10,"8":10,"9":60,"10":11,"11":10,"12":5,"13":5,"14":5,"15":5,"16":5,"17":2,"18":2},"f":{"0":12,"1":10,"2":10,"3":60,"4":11,"5":5,"6":5},"b":{}}
,"C:\\Users\\andre\\StudioProjects\\sharebook\\app\\servidor\\src\\application\\services\\book-state.service.ts": {"path":"C:\\Users\\andre\\StudioProjects\\sharebook\\app\\servidor\\src\\application\\services\\book-state.service.ts","statementMap":{"0":{"start":{"line":1,"column":0},"end":{"line":1,"column":44}},"1":{"start":{"line":2,"column":0},"end":{"line":2,"column":95}},"2":{"start":{"line":5,"column":7},"end":{"line":15,"column":null}},"3":{"start":{"line":6,"column":22},"end":{"line":6,"column":43}},"4":{"start":{"line":9,"column":4},"end":{"line":9,"column":54}},"5":{"start":{"line":13,"column":4},"end":{"line":13,"column":53}},"6":{"start":{"line":5,"column":13},"end":{"line":15,"column":null}},"7":{"start":{"line":5,"column":13},"end":{"line":5,"column":29}}},"fnMap":{"0":{"name":"(anonymous_2)","decl":{"start":{"line":6,"column":2},"end":{"line":6,"column":22}},"loc":{"start":{"line":6,"column":62},"end":{"line":6,"column":66}}},"1":{"name":"(anonymous_3)","decl":{"start":{"line":8,"column":2},"end":{"line":8,"column":7}},"loc":{"start":{"line":8,"column":26},"end":{"line":10,"column":3}}},"2":{"name":"(anonymous_4)","decl":{"start":{"line":12,"column":2},"end":{"line":12,"column":7}},"loc":{"start":{"line":12,"column":16},"end":{"line":14,"column":3}}}},"branchMap":{},"s":{"0":1,"1":1,"2":1,"3":9,"4":3,"5":0,"6":1,"7":1},"f":{"0":9,"1":3,"2":0},"b":{}}
,"C:\\Users\\andre\\StudioProjects\\sharebook\\app\\servidor\\src\\application\\services\\book.service.ts": {"path":"C:\\Users\\andre\\StudioProjects\\sharebook\\app\\servidor\\src\\application\\services\\book.service.ts","statementMap":{"0":{"start":{"line":2,"column":0},"end":{"line":2,"column":63}},"1":{"start":{"line":3,"column":0},"end":{"line":3,"column":84}},"2":{"start":{"line":4,"column":0},"end":{"line":4,"column":58}},"3":{"start":{"line":5,"column":0},"end":{"line":5,"column":84}},"4":{"start":{"line":6,"column":0},"end":{"line":6,"column":59}},"5":{"start":{"line":7,"column":0},"end":{"line":7,"column":59}},"6":{"start":{"line":8,"column":0},"end":{"line":8,"column":56}},"7":{"start":{"line":9,"column":0},"end":{"line":9,"column":49}},"8":{"start":{"line":11,"column":0},"end":{"line":11,"column":53}},"9":{"start":{"line":15,"column":7},"end":{"line":211,"column":null}},"10":{"start":{"line":17,"column":12},"end":{"line":17,"column":28}},"11":{"start":{"line":18,"column":12},"end":{"line":18,"column":31}},"12":{"start":{"line":19,"column":12},"end":{"line":19,"column":28}},"13":{"start":{"line":20,"column":12},"end":{"line":20,"column":31}},"14":{"start":{"line":21,"column":12},"end":{"line":21,"column":31}},"15":{"start":{"line":22,"column":12},"end":{"line":22,"column":30}},"16":{"start":{"line":23,"column":12},"end":{"line":23,"column":27}},"17":{"start":{"line":24,"column":12},"end":{"line":24,"column":29}},"18":{"start":{"line":28,"column":4},"end":{"line":28,"column":58}},"19":{"start":{"line":32,"column":4},"end":{"line":32,"column":56}},"20":{"start":{"line":36,"column":24},"end":{"line":36,"column":77}},"21":{"start":{"line":37,"column":24},"end":{"line":37,"column":77}},"22":{"start":{"line":39,"column":4},"end":{"line":39,"column":80}},"23":{"start":{"line":39,"column":45},"end":{"line":39,"column":78}},"24":{"start":{"line":43,"column":17},"end":{"line":43,"column":59}},"25":{"start":{"line":44,"column":22},"end":{"line":44,"column":73}},"26":{"start":{"line":46,"column":28},"end":{"line":51,"column":6}},"27":{"start":{"line":53,"column":17},"end":{"line":53,"column":19}},"28":{"start":{"line":55,"column":4},"end":{"line":63,"column":null}},"29":{"start":{"line":56,"column":6},"end":{"line":62,"column":8}},"30":{"start":{"line":58,"column":29},"end":{"line":58,"column":41}},"31":{"start":{"line":60,"column":12},"end":{"line":60,"column":64}},"32":{"start":{"line":65,"column":4},"end":{"line":85,"column":6}},"33":{"start":{"line":89,"column":17},"end":{"line":89,"column":60}},"34":{"start":{"line":90,"column":19},"end":{"line":90,"column":49}},"35":{"start":{"line":92,"column":18},"end":{"line":92,"column":54}},"36":{"start":{"line":93,"column":26},"end":{"line":93,"column":77}},"37":{"start":{"line":93,"column":49},"end":{"line":93,"column":76}},"38":{"start":{"line":95,"column":23},"end":{"line":102,"column":6}},"39":{"start":{"line":95,"column":46},"end":{"line":102,"column":6}},"40":{"start":{"line":104,"column":57},"end":{"line":122,"column":6}},"41":{"start":{"line":108,"column":28},"end":{"line":108,"column":65}},"42":{"start":{"line":114,"column":34},"end":{"line":115,"column":null}},"43":{"start":{"line":117,"column":36},"end":{"line":117,"column":75}},"44":{"start":{"line":118,"column":12},"end":{"line":118,"column":46}},"45":{"start":{"line":124,"column":4},"end":{"line":124,"column":58}},"46":{"start":{"line":128,"column":18},"end":{"line":128,"column":54}},"47":{"start":{"line":130,"column":20},"end":{"line":143,"column":null}},"48":{"start":{"line":132,"column":26},"end":{"line":132,"column":53}},"49":{"start":{"line":133,"column":30},"end":{"line":143,"column":10}},"50":{"start":{"line":146,"column":4},"end":{"line":146,"column":19}},"51":{"start":{"line":150,"column":17},"end":{"line":150,"column":59}},"52":{"start":{"line":151,"column":17},"end":{"line":151,"column":60}},"53":{"start":{"line":152,"column":25},"end":{"line":152,"column":57}},"54":{"start":{"line":153,"column":4},"end":{"line":177,"column":null}},"55":{"start":{"line":154,"column":33},"end":{"line":164,"column":10}},"56":{"start":{"line":155,"column":26},"end":{"line":155,"column":53}},"57":{"start":{"line":157,"column":23},"end":{"line":157,"column":88}},"58":{"start":{"line":158,"column":10},"end":{"line":163,"column":12}},"59":{"start":{"line":165,"column":22},"end":{"line":165,"column":59}},"60":{"start":{"line":166,"column":6},"end":{"line":170,"column":8}},"61":{"start":{"line":172,"column":25},"end":{"line":172,"column":94}},"62":{"start":{"line":173,"column":6},"end":{"line":176,"column":8}},"63":{"start":{"line":181,"column":17},"end":{"line":181,"column":75}},"64":{"start":{"line":182,"column":4},"end":{"line":182,"column":58}},"65":{"start":{"line":184,"column":4},"end":{"line":186,"column":null}},"66":{"start":{"line":191,"column":23},"end":{"line":191,"column":65}},"67":{"start":{"line":193,"column":4},"end":{"line":193,"column":53}},"68":{"start":{"line":193,"column":23},"end":{"line":193,"column":53}},"69":{"start":{"line":194,"column":4},"end":{"line":197,"column":7}},"70":{"start":{"line":201,"column":17},"end":{"line":201,"column":59}},"71":{"start":{"line":203,"column":4},"end":{"line":209,"column":null}},"72":{"start":{"line":204,"column":6},"end":{"line":204,"column":null}},"73":{"start":{"line":205,"column":11},"end":{"line":209,"column":null}},"74":{"start":{"line":206,"column":6},"end":{"line":206,"column":36}},"75":{"start":{"line":208,"column":6},"end":{"line":208,"column":42}},"76":{"start":{"line":15,"column":13},"end":{"line":211,"column":null}},"77":{"start":{"line":15,"column":13},"end":{"line":15,"column":24}}},"fnMap":{"0":{"name":"(anonymous_2)","decl":{"start":{"line":16,"column":2},"end":{"line":16,"column":null}},"loc":{"start":{"line":24,"column":44},"end":{"line":25,"column":6}}},"1":{"name":"(anonymous_3)","decl":{"start":{"line":27,"column":2},"end":{"line":27,"column":7}},"loc":{"start":{"line":27,"column":36},"end":{"line":29,"column":3}}},"2":{"name":"(anonymous_4)","decl":{"start":{"line":31,"column":2},"end":{"line":31,"column":7}},"loc":{"start":{"line":31,"column":34},"end":{"line":33,"column":3}}},"3":{"name":"(anonymous_5)","decl":{"start":{"line":35,"column":2},"end":{"line":35,"column":7}},"loc":{"start":{"line":35,"column":55},"end":{"line":40,"column":3}}},"4":{"name":"(anonymous_6)","decl":{"start":{"line":39,"column":28},"end":{"line":39,"column":29}},"loc":{"start":{"line":39,"column":45},"end":{"line":39,"column":78}}},"5":{"name":"(anonymous_7)","decl":{"start":{"line":42,"column":2},"end":{"line":42,"column":7}},"loc":{"start":{"line":42,"column":36},"end":{"line":86,"column":3}}},"6":{"name":"(anonymous_8)","decl":{"start":{"line":58,"column":18},"end":{"line":58,"column":19}},"loc":{"start":{"line":58,"column":29},"end":{"line":58,"column":41}}},"7":{"name":"(anonymous_9)","decl":{"start":{"line":59,"column":15},"end":{"line":59,"column":16}},"loc":{"start":{"line":60,"column":12},"end":{"line":60,"column":64}}},"8":{"name":"(anonymous_10)","decl":{"start":{"line":88,"column":2},"end":{"line":88,"column":7}},"loc":{"start":{"line":88,"column":31},"end":{"line":125,"column":3}}},"9":{"name":"(anonymous_11)","decl":{"start":{"line":93,"column":39},"end":{"line":93,"column":40}},"loc":{"start":{"line":93,"column":49},"end":{"line":93,"column":76}}},"10":{"name":"(anonymous_12)","decl":{"start":{"line":95,"column":23},"end":{"line":95,"column":28}},"loc":{"start":{"line":95,"column":46},"end":{"line":102,"column":6}}},"11":{"name":"(anonymous_13)","decl":{"start":{"line":108,"column":18},"end":{"line":108,"column":19}},"loc":{"start":{"line":108,"column":28},"end":{"line":108,"column":65}}},"12":{"name":"(anonymous_14)","decl":{"start":{"line":113,"column":18},"end":{"line":113,"column":23}},"loc":{"start":{"line":113,"column":33},"end":{"line":119,"column":11}}},"13":{"name":"(anonymous_15)","decl":{"start":{"line":127,"column":2},"end":{"line":127,"column":7}},"loc":{"start":{"line":127,"column":35},"end":{"line":147,"column":3}}},"14":{"name":"(anonymous_16)","decl":{"start":{"line":132,"column":16},"end":{"line":132,"column":17}},"loc":{"start":{"line":132,"column":26},"end":{"line":132,"column":53}}},"15":{"name":"(anonymous_17)","decl":{"start":{"line":133,"column":13},"end":{"line":133,"column":18}},"loc":{"start":{"line":133,"column":30},"end":{"line":143,"column":10}}},"16":{"name":"(anonymous_18)","decl":{"start":{"line":149,"column":2},"end":{"line":149,"column":7}},"loc":{"start":{"line":149,"column":48},"end":{"line":178,"column":3}}},"17":{"name":"(anonymous_19)","decl":{"start":{"line":155,"column":16},"end":{"line":155,"column":22}},"loc":{"start":{"line":155,"column":26},"end":{"line":155,"column":53}}},"18":{"name":"(anonymous_20)","decl":{"start":{"line":156,"column":13},"end":{"line":156,"column":18}},"loc":{"start":{"line":156,"column":30},"end":{"line":164,"column":9}}},"19":{"name":"(anonymous_21)","decl":{"start":{"line":180,"column":2},"end":{"line":180,"column":7}},"loc":{"start":{"line":180,"column":39},"end":{"line":188,"column":3}}},"20":{"name":"(anonymous_22)","decl":{"start":{"line":190,"column":2},"end":{"line":190,"column":7}},"loc":{"start":{"line":190,"column":25},"end":{"line":198,"column":3}}},"21":{"name":"(anonymous_23)","decl":{"start":{"line":200,"column":2},"end":{"line":200,"column":7}},"loc":{"start":{"line":200,"column":30},"end":{"line":210,"column":3}}}},"branchMap":{"0":{"loc":{"start":{"line":55,"column":4},"end":{"line":63,"column":null}},"type":"if","locations":[{"start":{"line":55,"column":4},"end":{"line":63,"column":null}}]},"1":{"loc":{"start":{"line":55,"column":8},"end":{"line":55,"column":51}},"type":"binary-expr","locations":[{"start":{"line":55,"column":8},"end":{"line":55,"column":20}},{"start":{"line":55,"column":24},"end":{"line":55,"column":51}}]},"2":{"loc":{"start":{"line":153,"column":4},"end":{"line":177,"column":null}},"type":"if","locations":[{"start":{"line":153,"column":4},"end":{"line":177,"column":null}},{"start":{"line":171,"column":11},"end":{"line":177,"column":null}}]},"3":{"loc":{"start":{"line":193,"column":4},"end":{"line":193,"column":53}},"type":"if","locations":[{"start":{"line":193,"column":4},"end":{"line":193,"column":53}}]},"4":{"loc":{"start":{"line":203,"column":4},"end":{"line":209,"column":null}},"type":"if","locations":[{"start":{"line":203,"column":4},"end":{"line":209,"column":null}},{"start":{"line":205,"column":11},"end":{"line":209,"column":null}}]},"5":{"loc":{"start":{"line":205,"column":11},"end":{"line":209,"column":null}},"type":"if","locations":[{"start":{"line":205,"column":11},"end":{"line":209,"column":null}},{"start":{"line":207,"column":11},"end":{"line":209,"column":null}}]}},"s":{"0":1,"1":1,"2":1,"3":1,"4":1,"5":1,"6":1,"7":1,"8":1,"9":1,"10":9,"11":9,"12":9,"13":9,"14":9,"15":9,"16":9,"17":9,"18":1,"19":8,"20":5,"21":5,"22":5,"23":8,"24":2,"25":2,"26":2,"27":2,"28":2,"29":2,"30":2,"31":1,"32":2,"33":1,"34":1,"35":1,"36":1,"37":5,"38":1,"39":12,"40":1,"41":4,"42":4,"43":4,"44":4,"45":1,"46":1,"47":1,"48":5,"49":1,"50":1,"51":1,"52":1,"53":1,"54":1,"55":0,"56":0,"57":0,"58":0,"59":0,"60":0,"61":1,"62":1,"63":1,"64":1,"65":1,"66":0,"67":0,"68":0,"69":0,"70":0,"71":0,"72":0,"73":0,"74":0,"75":0,"76":1,"77":1},"f":{"0":9,"1":1,"2":8,"3":5,"4":8,"5":2,"6":2,"7":1,"8":1,"9":5,"10":12,"11":4,"12":4,"13":1,"14":5,"15":1,"16":1,"17":0,"18":0,"19":1,"20":0,"21":0},"b":{"0":[2],"1":[2,2],"2":[0,1],"3":[0],"4":[0,0],"5":[0,0]}}
,"C:\\Users\\andre\\StudioProjects\\sharebook\\app\\servidor\\src\\application\\services\\gender.service.ts": {"path":"C:\\Users\\andre\\StudioProjects\\sharebook\\app\\servidor\\src\\application\\services\\gender.service.ts","statementMap":{"0":{"start":{"line":1,"column":0},"end":{"line":1,"column":44}},"1":{"start":{"line":2,"column":0},"end":{"line":2,"column":88}},"2":{"start":{"line":5,"column":7},"end":{"line":15,"column":null}},"3":{"start":{"line":6,"column":22},"end":{"line":6,"column":40}},"4":{"start":{"line":9,"column":4},"end":{"line":9,"column":51}},"5":{"start":{"line":13,"column":4},"end":{"line":13,"column":50}},"6":{"start":{"line":5,"column":13},"end":{"line":15,"column":null}},"7":{"start":{"line":5,"column":13},"end":{"line":5,"column":26}}},"fnMap":{"0":{"name":"(anonymous_2)","decl":{"start":{"line":6,"column":2},"end":{"line":6,"column":22}},"loc":{"start":{"line":6,"column":56},"end":{"line":6,"column":60}}},"1":{"name":"(anonymous_3)","decl":{"start":{"line":8,"column":2},"end":{"line":8,"column":7}},"loc":{"start":{"line":8,"column":26},"end":{"line":10,"column":3}}},"2":{"name":"(anonymous_4)","decl":{"start":{"line":12,"column":2},"end":{"line":12,"column":7}},"loc":{"start":{"line":12,"column":16},"end":{"line":14,"column":3}}}},"branchMap":{},"s":{"0":3,"1":3,"2":3,"3":15,"4":6,"5":1,"6":3,"7":3},"f":{"0":15,"1":6,"2":1},"b":{}}
,"C:\\Users\\andre\\StudioProjects\\sharebook\\app\\servidor\\src\\application\\services\\ibge-finder.service.ts": {"path":"C:\\Users\\andre\\StudioProjects\\sharebook\\app\\servidor\\src\\application\\services\\ibge-finder.service.ts","statementMap":{"0":{"start":{"line":1,"column":0},"end":{"line":1,"column":44}},"1":{"start":{"line":2,"column":0},"end":{"line":2,"column":26}},"2":{"start":{"line":5,"column":7},"end":{"line":15,"column":null}},"3":{"start":{"line":7,"column":21},"end":{"line":7,"column":77}},"4":{"start":{"line":8,"column":4},"end":{"line":8,"column":30}},"5":{"start":{"line":12,"column":21},"end":{"line":12,"column":77}},"6":{"start":{"line":13,"column":4},"end":{"line":13,"column":28}},"7":{"start":{"line":5,"column":13},"end":{"line":15,"column":null}},"8":{"start":{"line":5,"column":13},"end":{"line":5,"column":30}}},"fnMap":{"0":{"name":"(anonymous_1)","decl":{"start":{"line":6,"column":2},"end":{"line":6,"column":7}},"loc":{"start":{"line":6,"column":27},"end":{"line":9,"column":3}}},"1":{"name":"(anonymous_2)","decl":{"start":{"line":11,"column":2},"end":{"line":11,"column":7}},"loc":{"start":{"line":11,"column":25},"end":{"line":14,"column":3}}}},"branchMap":{},"s":{"0":2,"1":2,"2":2,"3":2,"4":2,"5":9,"6":9,"7":2,"8":2},"f":{"0":2,"1":9},"b":{}}
,"C:\\Users\\andre\\StudioProjects\\sharebook\\app\\servidor\\src\\application\\services\\rescue.service.ts": {"path":"C:\\Users\\andre\\StudioProjects\\sharebook\\app\\servidor\\src\\application\\services\\rescue.service.ts","statementMap":{"0":{"start":{"line":1,"column":0},"end":{"line":1,"column":null}},"1":{"start":{"line":6,"column":0},"end":{"line":6,"column":88}},"2":{"start":{"line":7,"column":0},"end":{"line":7,"column":53}},"3":{"start":{"line":9,"column":0},"end":{"line":9,"column":84}},"4":{"start":{"line":10,"column":0},"end":{"line":10,"column":84}},"5":{"start":{"line":11,"column":0},"end":{"line":11,"column":95}},"6":{"start":{"line":12,"column":0},"end":{"line":12,"column":59}},"7":{"start":{"line":15,"column":7},"end":{"line":257,"column":null}},"8":{"start":{"line":17,"column":21},"end":{"line":17,"column":39}},"9":{"start":{"line":18,"column":21},"end":{"line":18,"column":38}},"10":{"start":{"line":19,"column":21},"end":{"line":19,"column":37}},"11":{"start":{"line":20,"column":21},"end":{"line":20,"column":37}},"12":{"start":{"line":21,"column":21},"end":{"line":21,"column":42}},"13":{"start":{"line":22,"column":21},"end":{"line":22,"column":40}},"14":{"start":{"line":26,"column":25},"end":{"line":28,"column":null}},"15":{"start":{"line":30,"column":4},"end":{"line":30,"column":52}},"16":{"start":{"line":30,"column":22},"end":{"line":30,"column":52}},"17":{"start":{"line":31,"column":4},"end":{"line":31,"column":48}},"18":{"start":{"line":35,"column":25},"end":{"line":37,"column":null}},"19":{"start":{"line":39,"column":4},"end":{"line":39,"column":56}},"20":{"start":{"line":39,"column":26},"end":{"line":39,"column":56}},"21":{"start":{"line":41,"column":4},"end":{"line":41,"column":48}},"22":{"start":{"line":45,"column":27},"end":{"line":45,"column":74}},"23":{"start":{"line":47,"column":28},"end":{"line":48,"column":null}},"24":{"start":{"line":48,"column":18},"end":{"line":48,"column":45}},"25":{"start":{"line":51,"column":4},"end":{"line":51,"column":27}},"26":{"start":{"line":55,"column":4},"end":{"line":55,"column":49}},"27":{"start":{"line":59,"column":19},"end":{"line":59,"column":59}},"28":{"start":{"line":60,"column":35},"end":{"line":60,"column":75}},"29":{"start":{"line":61,"column":25},"end":{"line":61,"column":27}},"30":{"start":{"line":62,"column":33},"end":{"line":62,"column":35}},"31":{"start":{"line":64,"column":4},"end":{"line":164,"column":null}},"32":{"start":{"line":65,"column":23},"end":{"line":66,"column":null}},"33":{"start":{"line":68,"column":30},"end":{"line":69,"column":null}},"34":{"start":{"line":71,"column":27},"end":{"line":72,"column":null}},"35":{"start":{"line":75,"column":6},"end":{"line":90,"column":8}},"36":{"start":{"line":92,"column":6},"end":{"line":114,"column":8}},"37":{"start":{"line":116,"column":23},"end":{"line":116,"column":73}},"38":{"start":{"line":117,"column":30},"end":{"line":118,"column":null}},"39":{"start":{"line":120,"column":27},"end":{"line":121,"column":null}},"40":{"start":{"line":124,"column":6},"end":{"line":139,"column":8}},"41":{"start":{"line":141,"column":6},"end":{"line":163,"column":8}},"42":{"start":{"line":166,"column":4},"end":{"line":175,"column":null}},"43":{"start":{"line":170,"column":6},"end":{"line":174,"column":8}},"44":{"start":{"line":177,"column":23},"end":{"line":182,"column":6}},"45":{"start":{"line":183,"column":4},"end":{"line":183,"column":22}},"46":{"start":{"line":187,"column":21},"end":{"line":187,"column":23}},"47":{"start":{"line":188,"column":34},"end":{"line":188,"column":36}},"48":{"start":{"line":189,"column":28},"end":{"line":189,"column":74}},"49":{"start":{"line":192,"column":4},"end":{"line":217,"column":6}},"50":{"start":{"line":194,"column":21},"end":{"line":194,"column":71}},"51":{"start":{"line":195,"column":21},"end":{"line":195,"column":72}},"52":{"start":{"line":197,"column":33},"end":{"line":213,"column":10}},"53":{"start":{"line":215,"column":8},"end":{"line":215,"column":60}},"54":{"start":{"line":219,"column":23},"end":{"line":219,"column":60}},"55":{"start":{"line":220,"column":26},"end":{"line":220,"column":28}},"56":{"start":{"line":222,"column":4},"end":{"line":249,"column":6}},"57":{"start":{"line":224,"column":21},"end":{"line":224,"column":71}},"58":{"start":{"line":225,"column":21},"end":{"line":225,"column":63}},"59":{"start":{"line":227,"column":8},"end":{"line":247,"column":null}},"60":{"start":{"line":228,"column":35},"end":{"line":244,"column":12}},"61":{"start":{"line":246,"column":10},"end":{"line":246,"column":47}},"62":{"start":{"line":251,"column":4},"end":{"line":254,"column":6}},"63":{"start":{"line":255,"column":4},"end":{"line":255,"column":22}},"64":{"start":{"line":15,"column":13},"end":{"line":257,"column":null}},"65":{"start":{"line":15,"column":13},"end":{"line":15,"column":26}}},"fnMap":{"0":{"name":"(anonymous_2)","decl":{"start":{"line":16,"column":2},"end":{"line":16,"column":null}},"loc":{"start":{"line":22,"column":58},"end":{"line":23,"column":6}}},"1":{"name":"(anonymous_3)","decl":{"start":{"line":25,"column":2},"end":{"line":25,"column":7}},"loc":{"start":{"line":25,"column":29},"end":{"line":32,"column":3}}},"2":{"name":"(anonymous_4)","decl":{"start":{"line":34,"column":2},"end":{"line":34,"column":7}},"loc":{"start":{"line":34,"column":29},"end":{"line":42,"column":3}}},"3":{"name":"(anonymous_5)","decl":{"start":{"line":44,"column":2},"end":{"line":44,"column":7}},"loc":{"start":{"line":44,"column":67},"end":{"line":52,"column":3}}},"4":{"name":"(anonymous_6)","decl":{"start":{"line":48,"column":6},"end":{"line":48,"column":7}},"loc":{"start":{"line":48,"column":18},"end":{"line":48,"column":45}}},"5":{"name":"(anonymous_7)","decl":{"start":{"line":54,"column":2},"end":{"line":54,"column":7}},"loc":{"start":{"line":54,"column":15},"end":{"line":56,"column":3}}},"6":{"name":"(anonymous_8)","decl":{"start":{"line":58,"column":2},"end":{"line":58,"column":7}},"loc":{"start":{"line":58,"column":46},"end":{"line":184,"column":3}}},"7":{"name":"(anonymous_9)","decl":{"start":{"line":186,"column":2},"end":{"line":186,"column":7}},"loc":{"start":{"line":186,"column":43},"end":{"line":256,"column":3}}},"8":{"name":"(anonymous_10)","decl":{"start":{"line":193,"column":26},"end":{"line":193,"column":31}},"loc":{"start":{"line":193,"column":43},"end":{"line":216,"column":7}}},"9":{"name":"(anonymous_11)","decl":{"start":{"line":223,"column":21},"end":{"line":223,"column":26}},"loc":{"start":{"line":223,"column":38},"end":{"line":248,"column":7}}}},"branchMap":{"0":{"loc":{"start":{"line":30,"column":4},"end":{"line":30,"column":52}},"type":"if","locations":[{"start":{"line":30,"column":4},"end":{"line":30,"column":52}}]},"1":{"loc":{"start":{"line":39,"column":4},"end":{"line":39,"column":56}},"type":"if","locations":[{"start":{"line":39,"column":4},"end":{"line":39,"column":56}}]},"2":{"loc":{"start":{"line":64,"column":4},"end":{"line":164,"column":null}},"type":"if","locations":[{"start":{"line":64,"column":4},"end":{"line":164,"column":null}},{"start":{"line":115,"column":11},"end":{"line":164,"column":null}}]},"3":{"loc":{"start":{"line":166,"column":4},"end":{"line":175,"column":null}},"type":"if","locations":[{"start":{"line":166,"column":4},"end":{"line":175,"column":null}}]},"4":{"loc":{"start":{"line":167,"column":6},"end":{"line":168,"column":48}},"type":"binary-expr","locations":[{"start":{"line":167,"column":6},"end":{"line":167,"column":44}},{"start":{"line":168,"column":6},"end":{"line":168,"column":48}}]},"5":{"loc":{"start":{"line":227,"column":8},"end":{"line":247,"column":null}},"type":"if","locations":[{"start":{"line":227,"column":8},"end":{"line":247,"column":null}}]}},"s":{"0":2,"1":2,"2":2,"3":2,"4":2,"5":2,"6":2,"7":2,"8":12,"9":12,"10":12,"11":12,"12":12,"13":12,"14":1,"15":1,"16":1,"17":0,"18":0,"19":0,"20":0,"21":0,"22":1,"23":1,"24":2,"25":1,"26":0,"27":1,"28":1,"29":1,"30":1,"31":1,"32":0,"33":0,"34":0,"35":0,"36":0,"37":1,"38":1,"39":1,"40":1,"41":1,"42":1,"43":1,"44":1,"45":1,"46":0,"47":0,"48":0,"49":0,"50":0,"51":0,"52":0,"53":0,"54":0,"55":0,"56":0,"57":0,"58":0,"59":0,"60":0,"61":0,"62":0,"63":0,"64":2,"65":2},"f":{"0":12,"1":1,"2":0,"3":1,"4":2,"5":0,"6":1,"7":0,"8":0,"9":0},"b":{"0":[1],"1":[0],"2":[0,1],"3":[1],"4":[1,1],"5":[0]}}
,"C:\\Users\\andre\\StudioProjects\\sharebook\\app\\servidor\\src\\application\\services\\supabase.service.ts": {"path":"C:\\Users\\andre\\StudioProjects\\sharebook\\app\\servidor\\src\\application\\services\\supabase.service.ts","statementMap":{"0":{"start":{"line":1,"column":0},"end":{"line":1,"column":74}},"1":{"start":{"line":2,"column":0},"end":{"line":2,"column":69}},"2":{"start":{"line":6,"column":7},"end":{"line":57,"column":null}},"3":{"start":{"line":10,"column":4},"end":{"line":13,"column":6}},"4":{"start":{"line":17,"column":22},"end":{"line":22,"column":8}},"5":{"start":{"line":24,"column":4},"end":{"line":27,"column":8}},"6":{"start":{"line":25,"column":6},"end":{"line":27,"column":8}},"7":{"start":{"line":31,"column":28},"end":{"line":33,"column":25}},"8":{"start":{"line":35,"column":4},"end":{"line":35,"column":78}},"9":{"start":{"line":35,"column":15},"end":{"line":35,"column":78}},"10":{"start":{"line":37,"column":4},"end":{"line":37,"column":16}},"11":{"start":{"line":41,"column":22},"end":{"line":43,"column":25}},"12":{"start":{"line":45,"column":4},"end":{"line":45,"column":77}},"13":{"start":{"line":45,"column":15},"end":{"line":45,"column":77}},"14":{"start":{"line":49,"column":28},"end":{"line":51,"column":37}},"15":{"start":{"line":53,"column":4},"end":{"line":53,"column":78}},"16":{"start":{"line":53,"column":15},"end":{"line":53,"column":78}},"17":{"start":{"line":55,"column":4},"end":{"line":55,"column":26}},"18":{"start":{"line":6,"column":13},"end":{"line":57,"column":null}},"19":{"start":{"line":6,"column":13},"end":{"line":6,"column":28}}},"fnMap":{"0":{"name":"(anonymous_2)","decl":{"start":{"line":9,"column":2},"end":{"line":9,"column":null}},"loc":{"start":{"line":9,"column":2},"end":{"line":14,"column":3}}},"1":{"name":"(anonymous_3)","decl":{"start":{"line":16,"column":2},"end":{"line":16,"column":7}},"loc":{"start":{"line":16,"column":65},"end":{"line":28,"column":3}}},"2":{"name":"(anonymous_4)","decl":{"start":{"line":30,"column":2},"end":{"line":30,"column":7}},"loc":{"start":{"line":30,"column":52},"end":{"line":38,"column":3}}},"3":{"name":"(anonymous_5)","decl":{"start":{"line":40,"column":2},"end":{"line":40,"column":7}},"loc":{"start":{"line":40,"column":51},"end":{"line":46,"column":3}}},"4":{"name":"(anonymous_6)","decl":{"start":{"line":48,"column":2},"end":{"line":48,"column":7}},"loc":{"start":{"line":48,"column":55},"end":{"line":56,"column":3}}}},"branchMap":{"0":{"loc":{"start":{"line":24,"column":4},"end":{"line":27,"column":8}},"type":"if","locations":[{"start":{"line":24,"column":4},"end":{"line":27,"column":8}}]},"1":{"loc":{"start":{"line":35,"column":4},"end":{"line":35,"column":78}},"type":"if","locations":[{"start":{"line":35,"column":4},"end":{"line":35,"column":78}}]},"2":{"loc":{"start":{"line":45,"column":4},"end":{"line":45,"column":77}},"type":"if","locations":[{"start":{"line":45,"column":4},"end":{"line":45,"column":77}}]},"3":{"loc":{"start":{"line":53,"column":4},"end":{"line":53,"column":78}},"type":"if","locations":[{"start":{"line":53,"column":4},"end":{"line":53,"column":78}}]}},"s":{"0":3,"1":3,"2":3,"3":19,"4":2,"5":1,"6":0,"7":2,"8":2,"9":1,"10":1,"11":1,"12":1,"13":0,"14":21,"15":21,"16":1,"17":20,"18":3,"19":3},"f":{"0":19,"1":2,"2":2,"3":1,"4":21},"b":{"0":[0],"1":[1],"2":[0],"3":[1]}}
,"C:\\Users\\andre\\StudioProjects\\sharebook\\app\\servidor\\src\\application\\services\\user-gender.service.ts": {"path":"C:\\Users\\andre\\StudioProjects\\sharebook\\app\\servidor\\src\\application\\services\\user-gender.service.ts","statementMap":{"0":{"start":{"line":1,"column":0},"end":{"line":1,"column":44}},"1":{"start":{"line":2,"column":0},"end":{"line":2,"column":98}},"2":{"start":{"line":5,"column":7},"end":{"line":21,"column":null}},"3":{"start":{"line":6,"column":22},"end":{"line":6,"column":44}},"4":{"start":{"line":9,"column":4},"end":{"line":9,"column":54}},"5":{"start":{"line":13,"column":24},"end":{"line":13,"column":44}},"6":{"start":{"line":15,"column":20},"end":{"line":17,"column":48}},"7":{"start":{"line":16,"column":30},"end":{"line":16,"column":66}},"8":{"start":{"line":17,"column":27},"end":{"line":17,"column":47}},"9":{"start":{"line":19,"column":4},"end":{"line":19,"column":19}},"10":{"start":{"line":5,"column":13},"end":{"line":21,"column":null}},"11":{"start":{"line":5,"column":13},"end":{"line":5,"column":31}}},"fnMap":{"0":{"name":"(anonymous_2)","decl":{"start":{"line":6,"column":2},"end":{"line":6,"column":22}},"loc":{"start":{"line":6,"column":65},"end":{"line":6,"column":69}}},"1":{"name":"(anonymous_3)","decl":{"start":{"line":8,"column":2},"end":{"line":8,"column":7}},"loc":{"start":{"line":8,"column":15},"end":{"line":10,"column":3}}},"2":{"name":"(anonymous_4)","decl":{"start":{"line":12,"column":2},"end":{"line":12,"column":7}},"loc":{"start":{"line":12,"column":42},"end":{"line":20,"column":3}}},"3":{"name":"(anonymous_5)","decl":{"start":{"line":16,"column":14},"end":{"line":16,"column":15}},"loc":{"start":{"line":16,"column":30},"end":{"line":16,"column":66}}},"4":{"name":"(anonymous_6)","decl":{"start":{"line":17,"column":11},"end":{"line":17,"column":12}},"loc":{"start":{"line":17,"column":27},"end":{"line":17,"column":47}}}},"branchMap":{},"s":{"0":1,"1":1,"2":1,"3":9,"4":5,"5":5,"6":5,"7":20,"8":10,"9":5,"10":1,"11":1},"f":{"0":9,"1":5,"2":5,"3":20,"4":10},"b":{}}
,"C:\\Users\\andre\\StudioProjects\\sharebook\\app\\servidor\\src\\application\\services\\user.service.ts": {"path":"C:\\Users\\andre\\StudioProjects\\sharebook\\app\\servidor\\src\\application\\services\\user.service.ts","statementMap":{"0":{"start":{"line":1,"column":0},"end":{"line":1,"column":null}},"1":{"start":{"line":6,"column":0},"end":{"line":6,"column":84}},"2":{"start":{"line":8,"column":0},"end":{"line":8,"column":41}},"3":{"start":{"line":11,"column":7},"end":{"line":58,"column":null}},"4":{"start":{"line":13,"column":12},"end":{"line":13,"column":28}},"5":{"start":{"line":14,"column":12},"end":{"line":14,"column":24}},"6":{"start":{"line":18,"column":22},"end":{"line":18,"column":71}},"7":{"start":{"line":19,"column":4},"end":{"line":19,"column":49}},"8":{"start":{"line":19,"column":19},"end":{"line":19,"column":49}},"9":{"start":{"line":20,"column":28},"end":{"line":20,"column":66}},"10":{"start":{"line":22,"column":20},"end":{"line":28,"column":6}},"11":{"start":{"line":30,"column":24},"end":{"line":31,"column":null}},"12":{"start":{"line":35,"column":4},"end":{"line":35,"column":26}},"13":{"start":{"line":39,"column":4},"end":{"line":39,"column":47}},"14":{"start":{"line":43,"column":17},"end":{"line":43,"column":55}},"15":{"start":{"line":44,"column":4},"end":{"line":48,"column":null}},"16":{"start":{"line":45,"column":25},"end":{"line":45,"column":68}},"17":{"start":{"line":47,"column":6},"end":{"line":47,"column":24}},"18":{"start":{"line":50,"column":4},"end":{"line":50,"column":34}},"19":{"start":{"line":54,"column":17},"end":{"line":54,"column":61}},"20":{"start":{"line":55,"column":4},"end":{"line":55,"column":26}},"21":{"start":{"line":55,"column":14},"end":{"line":55,"column":26}},"22":{"start":{"line":56,"column":4},"end":{"line":56,"column":34}},"23":{"start":{"line":11,"column":13},"end":{"line":58,"column":null}},"24":{"start":{"line":11,"column":13},"end":{"line":11,"column":24}}},"fnMap":{"0":{"name":"(anonymous_2)","decl":{"start":{"line":12,"column":2},"end":{"line":12,"column":null}},"loc":{"start":{"line":14,"column":34},"end":{"line":15,"column":6}}},"1":{"name":"(anonymous_3)","decl":{"start":{"line":17,"column":2},"end":{"line":17,"column":7}},"loc":{"start":{"line":17,"column":25},"end":{"line":36,"column":3}}},"2":{"name":"(anonymous_4)","decl":{"start":{"line":38,"column":2},"end":{"line":38,"column":7}},"loc":{"start":{"line":38,"column":15},"end":{"line":40,"column":3}}},"3":{"name":"(anonymous_5)","decl":{"start":{"line":42,"column":2},"end":{"line":42,"column":7}},"loc":{"start":{"line":42,"column":30},"end":{"line":51,"column":3}}},"4":{"name":"(anonymous_6)","decl":{"start":{"line":53,"column":2},"end":{"line":53,"column":7}},"loc":{"start":{"line":53,"column":36},"end":{"line":57,"column":3}}}},"branchMap":{"0":{"loc":{"start":{"line":19,"column":4},"end":{"line":19,"column":49}},"type":"if","locations":[{"start":{"line":19,"column":4},"end":{"line":19,"column":49}}]},"1":{"loc":{"start":{"line":44,"column":4},"end":{"line":48,"column":null}},"type":"if","locations":[{"start":{"line":44,"column":4},"end":{"line":48,"column":null}}]},"2":{"loc":{"start":{"line":55,"column":4},"end":{"line":55,"column":26}},"type":"if","locations":[{"start":{"line":55,"column":4},"end":{"line":55,"column":26}}]}},"s":{"0":2,"1":2,"2":2,"3":2,"4":7,"5":7,"6":2,"7":2,"8":2,"9":0,"10":0,"11":0,"12":0,"13":0,"14":0,"15":0,"16":0,"17":0,"18":0,"19":2,"20":2,"21":1,"22":1,"23":2,"24":2},"f":{"0":7,"1":2,"2":0,"3":0,"4":2},"b":{"0":[2],"1":[0],"2":[1]}}
,"C:\\Users\\andre\\StudioProjects\\sharebook\\app\\servidor\\src\\application\\strategies\\jwt.strategy.ts": {"path":"C:\\Users\\andre\\StudioProjects\\sharebook\\app\\servidor\\src\\application\\strategies\\jwt.strategy.ts","statementMap":{"0":{"start":{"line":1,"column":0},"end":{"line":1,"column":44}},"1":{"start":{"line":2,"column":0},"end":{"line":2,"column":52}},"2":{"start":{"line":3,"column":0},"end":{"line":3,"column":52}},"3":{"start":{"line":7,"column":7},"end":{"line":25,"column":null}},"4":{"start":{"line":9,"column":4},"end":{"line":13,"column":7}},"5":{"start":{"line":17,"column":4},"end":{"line":23,"column":null}},"6":{"start":{"line":7,"column":13},"end":{"line":25,"column":null}},"7":{"start":{"line":7,"column":13},"end":{"line":7,"column":24}}},"fnMap":{"0":{"name":"(anonymous_2)","decl":{"start":{"line":8,"column":2},"end":{"line":8,"column":null}},"loc":{"start":{"line":8,"column":2},"end":{"line":14,"column":3}}},"1":{"name":"(anonymous_3)","decl":{"start":{"line":16,"column":2},"end":{"line":16,"column":7}},"loc":{"start":{"line":16,"column":37},"end":{"line":24,"column":3}}}},"branchMap":{},"s":{"0":2,"1":2,"2":2,"3":2,"4":7,"5":0,"6":2,"7":2},"f":{"0":7,"1":0},"b":{}}
,"C:\\Users\\andre\\StudioProjects\\sharebook\\app\\servidor\\src\\application\\strategies\\local.strategy.ts": {"path":"C:\\Users\\andre\\StudioProjects\\sharebook\\app\\servidor\\src\\application\\strategies\\local.strategy.ts","statementMap":{"0":{"start":{"line":1,"column":0},"end":{"line":1,"column":44}},"1":{"start":{"line":2,"column":0},"end":{"line":2,"column":52}},"2":{"start":{"line":3,"column":0},"end":{"line":3,"column":42}},"3":{"start":{"line":4,"column":0},"end":{"line":4,"column":55}},"4":{"start":{"line":7,"column":7},"end":{"line":15,"column":null}},"5":{"start":{"line":9,"column":4},"end":{"line":9,"column":38}},"6":{"start":{"line":8,"column":22},"end":{"line":8,"column":35}},"7":{"start":{"line":13,"column":4},"end":{"line":13,"column":58}},"8":{"start":{"line":7,"column":13},"end":{"line":15,"column":null}},"9":{"start":{"line":7,"column":13},"end":{"line":7,"column":26}}},"fnMap":{"0":{"name":"(anonymous_2)","decl":{"start":{"line":8,"column":2},"end":{"line":8,"column":22}},"loc":{"start":{"line":8,"column":46},"end":{"line":10,"column":3}}},"1":{"name":"(anonymous_3)","decl":{"start":{"line":12,"column":2},"end":{"line":12,"column":10}},"loc":{"start":{"line":12,"column":42},"end":{"line":14,"column":3}}}},"branchMap":{},"s":{"0":0,"1":0,"2":0,"3":0,"4":0,"5":0,"6":0,"7":0,"8":0,"9":0},"f":{"0":0,"1":0},"b":{}}
,"C:\\Users\\andre\\StudioProjects\\sharebook\\app\\servidor\\src\\infraestructure\\database\\prisma\\prisma.module.ts": {"path":"C:\\Users\\andre\\StudioProjects\\sharebook\\app\\servidor\\src\\infraestructure\\database\\prisma\\prisma.module.ts","statementMap":{"0":{"start":{"line":1,"column":0},"end":{"line":1,"column":40}},"1":{"start":{"line":2,"column":0},"end":{"line":2,"column":49}},"2":{"start":{"line":8,"column":7},"end":{"line":8,"column":null}},"3":{"start":{"line":8,"column":13},"end":{"line":8,"column":null}},"4":{"start":{"line":8,"column":13},"end":{"line":8,"column":25}}},"fnMap":{},"branchMap":{},"s":{"0":0,"1":0,"2":0,"3":0,"4":0},"f":{},"b":{}}
,"C:\\Users\\andre\\StudioProjects\\sharebook\\app\\servidor\\src\\infraestructure\\database\\prisma\\prisma.service.ts": {"path":"C:\\Users\\andre\\StudioProjects\\sharebook\\app\\servidor\\src\\infraestructure\\database\\prisma\\prisma.service.ts","statementMap":{"0":{"start":{"line":1,"column":0},"end":{"line":1,"column":76}},"1":{"start":{"line":2,"column":0},"end":{"line":2,"column":46}},"2":{"start":{"line":5,"column":7},"end":{"line":9,"column":null}},"3":{"start":{"line":7,"column":4},"end":{"line":7,"column":26}},"4":{"start":{"line":5,"column":13},"end":{"line":9,"column":null}},"5":{"start":{"line":5,"column":13},"end":{"line":5,"column":26}}},"fnMap":{"0":{"name":"(anonymous_1)","decl":{"start":{"line":6,"column":2},"end":{"line":6,"column":7}},"loc":{"start":{"line":6,"column":20},"end":{"line":8,"column":3}}}},"branchMap":{},"s":{"0":6,"1":6,"2":6,"3":0,"4":6,"5":6},"f":{"0":0},"b":{}}
,"C:\\Users\\andre\\StudioProjects\\sharebook\\app\\servidor\\src\\infraestructure\\repositories\\alert.repository.ts": {"path":"C:\\Users\\andre\\StudioProjects\\sharebook\\app\\servidor\\src\\infraestructure\\repositories\\alert.repository.ts","statementMap":{"0":{"start":{"line":3,"column":0},"end":{"line":3,"column":66}},"1":{"start":{"line":4,"column":0},"end":{"line":4,"column":44}},"2":{"start":{"line":7,"column":7},"end":{"line":42,"column":null}},"3":{"start":{"line":8,"column":31},"end":{"line":8,"column":39}},"4":{"start":{"line":11,"column":4},"end":{"line":18,"column":null}},"5":{"start":{"line":22,"column":4},"end":{"line":24,"column":7}},"6":{"start":{"line":29,"column":4},"end":{"line":36,"column":null}},"7":{"start":{"line":40,"column":4},"end":{"line":40,"column":49}},"8":{"start":{"line":7,"column":13},"end":{"line":42,"column":null}},"9":{"start":{"line":7,"column":13},"end":{"line":7,"column":28}}},"fnMap":{"0":{"name":"(anonymous_2)","decl":{"start":{"line":8,"column":2},"end":{"line":8,"column":31}},"loc":{"start":{"line":8,"column":52},"end":{"line":8,"column":56}}},"1":{"name":"(anonymous_3)","decl":{"start":{"line":10,"column":2},"end":{"line":10,"column":7}},"loc":{"start":{"line":10,"column":27},"end":{"line":19,"column":3}}},"2":{"name":"(anonymous_4)","decl":{"start":{"line":21,"column":2},"end":{"line":21,"column":7}},"loc":{"start":{"line":21,"column":27},"end":{"line":25,"column":3}}},"3":{"name":"(anonymous_5)","decl":{"start":{"line":27,"column":2},"end":{"line":27,"column":7}},"loc":{"start":{"line":27,"column":58},"end":{"line":37,"column":3}}},"4":{"name":"(anonymous_6)","decl":{"start":{"line":39,"column":2},"end":{"line":39,"column":7}},"loc":{"start":{"line":39,"column":15},"end":{"line":41,"column":3}}}},"branchMap":{},"s":{"0":1,"1":1,"2":1,"3":0,"4":0,"5":0,"6":0,"7":0,"8":1,"9":1},"f":{"0":0,"1":0,"2":0,"3":0,"4":0},"b":{}}
,"C:\\Users\\andre\\StudioProjects\\sharebook\\app\\servidor\\src\\infraestructure\\repositories\\book-gender.repository.ts": {"path":"C:\\Users\\andre\\StudioProjects\\sharebook\\app\\servidor\\src\\infraestructure\\repositories\\book-gender.repository.ts","statementMap":{"0":{"start":{"line":1,"column":0},"end":{"line":1,"column":44}},"1":{"start":{"line":2,"column":0},"end":{"line":2,"column":66}},"2":{"start":{"line":5,"column":7},"end":{"line":11,"column":null}},"3":{"start":{"line":6,"column":22},"end":{"line":6,"column":30}},"4":{"start":{"line":9,"column":4},"end":{"line":9,"column":46}},"5":{"start":{"line":5,"column":13},"end":{"line":11,"column":null}},"6":{"start":{"line":5,"column":13},"end":{"line":5,"column":34}}},"fnMap":{"0":{"name":"(anonymous_2)","decl":{"start":{"line":6,"column":2},"end":{"line":6,"column":22}},"loc":{"start":{"line":6,"column":43},"end":{"line":6,"column":47}}},"1":{"name":"(anonymous_3)","decl":{"start":{"line":8,"column":2},"end":{"line":8,"column":7}},"loc":{"start":{"line":8,"column":16},"end":{"line":10,"column":3}}}},"branchMap":{},"s":{"0":2,"1":2,"2":2,"3":12,"4":10,"5":2,"6":2},"f":{"0":12,"1":10},"b":{}}
,"C:\\Users\\andre\\StudioProjects\\sharebook\\app\\servidor\\src\\infraestructure\\repositories\\book-state.repository.ts": {"path":"C:\\Users\\andre\\StudioProjects\\sharebook\\app\\servidor\\src\\infraestructure\\repositories\\book-state.repository.ts","statementMap":{"0":{"start":{"line":1,"column":0},"end":{"line":1,"column":44}},"1":{"start":{"line":2,"column":0},"end":{"line":2,"column":66}},"2":{"start":{"line":5,"column":7},"end":{"line":17,"column":null}},"3":{"start":{"line":6,"column":22},"end":{"line":6,"column":30}},"4":{"start":{"line":9,"column":4},"end":{"line":11,"column":7}},"5":{"start":{"line":15,"column":4},"end":{"line":15,"column":47}},"6":{"start":{"line":5,"column":13},"end":{"line":17,"column":null}},"7":{"start":{"line":5,"column":13},"end":{"line":5,"column":32}}},"fnMap":{"0":{"name":"(anonymous_2)","decl":{"start":{"line":6,"column":2},"end":{"line":6,"column":22}},"loc":{"start":{"line":6,"column":43},"end":{"line":6,"column":47}}},"1":{"name":"(anonymous_3)","decl":{"start":{"line":8,"column":2},"end":{"line":8,"column":7}},"loc":{"start":{"line":8,"column":26},"end":{"line":12,"column":3}}},"2":{"name":"(anonymous_4)","decl":{"start":{"line":14,"column":2},"end":{"line":14,"column":7}},"loc":{"start":{"line":14,"column":16},"end":{"line":16,"column":3}}}},"branchMap":{},"s":{"0":2,"1":2,"2":2,"3":12,"4":5,"5":0,"6":2,"7":2},"f":{"0":12,"1":5,"2":0},"b":{}}
,"C:\\Users\\andre\\StudioProjects\\sharebook\\app\\servidor\\src\\infraestructure\\repositories\\book.repository.ts": {"path":"C:\\Users\\andre\\StudioProjects\\sharebook\\app\\servidor\\src\\infraestructure\\repositories\\book.repository.ts","statementMap":{"0":{"start":{"line":1,"column":0},"end":{"line":1,"column":44}},"1":{"start":{"line":2,"column":0},"end":{"line":2,"column":66}},"2":{"start":{"line":6,"column":7},"end":{"line":54,"column":null}},"3":{"start":{"line":7,"column":22},"end":{"line":7,"column":30}},"4":{"start":{"line":10,"column":4},"end":{"line":27,"column":7}},"5":{"start":{"line":31,"column":4},"end":{"line":36,"column":7}},"6":{"start":{"line":40,"column":4},"end":{"line":42,"column":7}},"7":{"start":{"line":46,"column":4},"end":{"line":46,"column":46}},"8":{"start":{"line":50,"column":4},"end":{"line":52,"column":7}},"9":{"start":{"line":6,"column":13},"end":{"line":54,"column":null}},"10":{"start":{"line":6,"column":13},"end":{"line":6,"column":27}}},"fnMap":{"0":{"name":"(anonymous_2)","decl":{"start":{"line":7,"column":2},"end":{"line":7,"column":22}},"loc":{"start":{"line":7,"column":43},"end":{"line":7,"column":47}}},"1":{"name":"(anonymous_3)","decl":{"start":{"line":9,"column":2},"end":{"line":9,"column":7}},"loc":{"start":{"line":9,"column":25},"end":{"line":28,"column":3}}},"2":{"name":"(anonymous_4)","decl":{"start":{"line":30,"column":2},"end":{"line":30,"column":7}},"loc":{"start":{"line":30,"column":25},"end":{"line":37,"column":3}}},"3":{"name":"(anonymous_5)","decl":{"start":{"line":39,"column":2},"end":{"line":39,"column":7}},"loc":{"start":{"line":39,"column":26},"end":{"line":43,"column":3}}},"4":{"name":"(anonymous_6)","decl":{"start":{"line":45,"column":2},"end":{"line":45,"column":7}},"loc":{"start":{"line":45,"column":16},"end":{"line":47,"column":3}}},"5":{"name":"(anonymous_7)","decl":{"start":{"line":49,"column":2},"end":{"line":49,"column":7}},"loc":{"start":{"line":49,"column":25},"end":{"line":53,"column":3}}}},"branchMap":{},"s":{"0":2,"1":2,"2":2,"3":12,"4":0,"5":0,"6":5,"7":2,"8":0,"9":2,"10":2},"f":{"0":12,"1":0,"2":0,"3":5,"4":2,"5":0},"b":{}}
,"C:\\Users\\andre\\StudioProjects\\sharebook\\app\\servidor\\src\\infraestructure\\repositories\\gender.repository.ts": {"path":"C:\\Users\\andre\\StudioProjects\\sharebook\\app\\servidor\\src\\infraestructure\\repositories\\gender.repository.ts","statementMap":{"0":{"start":{"line":1,"column":0},"end":{"line":1,"column":44}},"1":{"start":{"line":2,"column":0},"end":{"line":2,"column":66}},"2":{"start":{"line":5,"column":7},"end":{"line":17,"column":null}},"3":{"start":{"line":6,"column":22},"end":{"line":6,"column":30}},"4":{"start":{"line":9,"column":4},"end":{"line":11,"column":7}},"5":{"start":{"line":15,"column":4},"end":{"line":15,"column":47}},"6":{"start":{"line":5,"column":13},"end":{"line":17,"column":null}},"7":{"start":{"line":5,"column":13},"end":{"line":5,"column":29}}},"fnMap":{"0":{"name":"(anonymous_2)","decl":{"start":{"line":6,"column":2},"end":{"line":6,"column":22}},"loc":{"start":{"line":6,"column":43},"end":{"line":6,"column":47}}},"1":{"name":"(anonymous_3)","decl":{"start":{"line":8,"column":2},"end":{"line":8,"column":7}},"loc":{"start":{"line":8,"column":26},"end":{"line":12,"column":3}}},"2":{"name":"(anonymous_4)","decl":{"start":{"line":14,"column":2},"end":{"line":14,"column":7}},"loc":{"start":{"line":14,"column":16},"end":{"line":16,"column":3}}}},"branchMap":{},"s":{"0":3,"1":3,"2":3,"3":15,"4":6,"5":1,"6":3,"7":3},"f":{"0":15,"1":6,"2":1},"b":{}}
,"C:\\Users\\andre\\StudioProjects\\sharebook\\app\\servidor\\src\\infraestructure\\repositories\\rescue.repository.ts": {"path":"C:\\Users\\andre\\StudioProjects\\sharebook\\app\\servidor\\src\\infraestructure\\repositories\\rescue.repository.ts","statementMap":{"0":{"start":{"line":2,"column":0},"end":{"line":2,"column":66}},"1":{"start":{"line":3,"column":0},"end":{"line":3,"column":44}},"2":{"start":{"line":6,"column":7},"end":{"line":69,"column":null}},"3":{"start":{"line":7,"column":31},"end":{"line":7,"column":39}},"4":{"start":{"line":10,"column":4},"end":{"line":17,"column":7}},"5":{"start":{"line":21,"column":4},"end":{"line":23,"column":7}},"6":{"start":{"line":27,"column":4},"end":{"line":29,"column":null}},"7":{"start":{"line":33,"column":4},"end":{"line":40,"column":null}},"8":{"start":{"line":44,"column":4},"end":{"line":46,"column":null}},"9":{"start":{"line":50,"column":4},"end":{"line":63,"column":null}},"10":{"start":{"line":67,"column":4},"end":{"line":67,"column":54}},"11":{"start":{"line":6,"column":13},"end":{"line":69,"column":null}},"12":{"start":{"line":6,"column":13},"end":{"line":6,"column":29}}},"fnMap":{"0":{"name":"(anonymous_2)","decl":{"start":{"line":7,"column":2},"end":{"line":7,"column":31}},"loc":{"start":{"line":7,"column":52},"end":{"line":7,"column":56}}},"1":{"name":"(anonymous_3)","decl":{"start":{"line":9,"column":2},"end":{"line":9,"column":7}},"loc":{"start":{"line":9,"column":29},"end":{"line":18,"column":3}}},"2":{"name":"(anonymous_4)","decl":{"start":{"line":20,"column":2},"end":{"line":20,"column":7}},"loc":{"start":{"line":20,"column":27},"end":{"line":24,"column":3}}},"3":{"name":"(anonymous_5)","decl":{"start":{"line":26,"column":2},"end":{"line":26,"column":7}},"loc":{"start":{"line":26,"column":35},"end":{"line":30,"column":3}}},"4":{"name":"(anonymous_6)","decl":{"start":{"line":32,"column":2},"end":{"line":32,"column":7}},"loc":{"start":{"line":32,"column":58},"end":{"line":41,"column":3}}},"5":{"name":"(anonymous_7)","decl":{"start":{"line":43,"column":2},"end":{"line":43,"column":7}},"loc":{"start":{"line":43,"column":33},"end":{"line":47,"column":3}}},"6":{"name":"(anonymous_8)","decl":{"start":{"line":49,"column":2},"end":{"line":49,"column":7}},"loc":{"start":{"line":49,"column":29},"end":{"line":64,"column":3}}},"7":{"name":"(anonymous_9)","decl":{"start":{"line":66,"column":2},"end":{"line":66,"column":7}},"loc":{"start":{"line":66,"column":15},"end":{"line":68,"column":3}}}},"branchMap":{},"s":{"0":2,"1":2,"2":2,"3":12,"4":0,"5":1,"6":0,"7":1,"8":1,"9":0,"10":0,"11":2,"12":2},"f":{"0":12,"1":0,"2":1,"3":0,"4":1,"5":1,"6":0,"7":0},"b":{}}
,"C:\\Users\\andre\\StudioProjects\\sharebook\\app\\servidor\\src\\infraestructure\\repositories\\user-gender.repository.ts": {"path":"C:\\Users\\andre\\StudioProjects\\sharebook\\app\\servidor\\src\\infraestructure\\repositories\\user-gender.repository.ts","statementMap":{"0":{"start":{"line":1,"column":0},"end":{"line":1,"column":44}},"1":{"start":{"line":2,"column":0},"end":{"line":2,"column":66}},"2":{"start":{"line":5,"column":7},"end":{"line":11,"column":null}},"3":{"start":{"line":6,"column":22},"end":{"line":6,"column":30}},"4":{"start":{"line":9,"column":4},"end":{"line":9,"column":48}},"5":{"start":{"line":5,"column":13},"end":{"line":11,"column":null}},"6":{"start":{"line":5,"column":13},"end":{"line":5,"column":34}}},"fnMap":{"0":{"name":"(anonymous_2)","decl":{"start":{"line":6,"column":2},"end":{"line":6,"column":22}},"loc":{"start":{"line":6,"column":43},"end":{"line":6,"column":47}}},"1":{"name":"(anonymous_3)","decl":{"start":{"line":8,"column":2},"end":{"line":8,"column":7}},"loc":{"start":{"line":8,"column":16},"end":{"line":10,"column":3}}}},"branchMap":{},"s":{"0":1,"1":1,"2":1,"3":9,"4":5,"5":1,"6":1},"f":{"0":9,"1":5},"b":{}}
,"C:\\Users\\andre\\StudioProjects\\sharebook\\app\\servidor\\src\\infraestructure\\repositories\\user.repository.ts": {"path":"C:\\Users\\andre\\StudioProjects\\sharebook\\app\\servidor\\src\\infraestructure\\repositories\\user.repository.ts","statementMap":{"0":{"start":{"line":1,"column":0},"end":{"line":1,"column":44}},"1":{"start":{"line":2,"column":0},"end":{"line":2,"column":66}},"2":{"start":{"line":3,"column":0},"end":{"line":3,"column":33}},"3":{"start":{"line":7,"column":7},"end":{"line":45,"column":null}},"4":{"start":{"line":8,"column":31},"end":{"line":8,"column":39}},"5":{"start":{"line":11,"column":18},"end":{"line":13,"column":null}},"6":{"start":{"line":16,"column":4},"end":{"line":27,"column":7}},"7":{"start":{"line":31,"column":4},"end":{"line":33,"column":7}},"8":{"start":{"line":37,"column":4},"end":{"line":39,"column":7}},"9":{"start":{"line":43,"column":4},"end":{"line":43,"column":50}},"10":{"start":{"line":7,"column":13},"end":{"line":45,"column":null}},"11":{"start":{"line":7,"column":13},"end":{"line":7,"column":27}}},"fnMap":{"0":{"name":"(anonymous_2)","decl":{"start":{"line":8,"column":2},"end":{"line":8,"column":31}},"loc":{"start":{"line":8,"column":52},"end":{"line":8,"column":56}}},"1":{"name":"(anonymous_3)","decl":{"start":{"line":10,"column":2},"end":{"line":10,"column":7}},"loc":{"start":{"line":10,"column":25},"end":{"line":28,"column":3}}},"2":{"name":"(anonymous_4)","decl":{"start":{"line":30,"column":2},"end":{"line":30,"column":7}},"loc":{"start":{"line":30,"column":27},"end":{"line":34,"column":3}}},"3":{"name":"(anonymous_5)","decl":{"start":{"line":36,"column":2},"end":{"line":36,"column":7}},"loc":{"start":{"line":36,"column":33},"end":{"line":40,"column":3}}},"4":{"name":"(anonymous_6)","decl":{"start":{"line":42,"column":2},"end":{"line":42,"column":7}},"loc":{"start":{"line":42,"column":15},"end":{"line":44,"column":3}}}},"branchMap":{},"s":{"0":5,"1":5,"2":5,"3":5,"4":20,"5":0,"6":0,"7":10,"8":4,"9":0,"10":5,"11":5},"f":{"0":20,"1":0,"2":10,"3":4,"4":0},"b":{}}
,"C:\\Users\\andre\\StudioProjects\\sharebook\\app\\servidor\\src\\interfaces\\controllers\\alert.controller.ts": {"path":"C:\\Users\\andre\\StudioProjects\\sharebook\\app\\servidor\\src\\interfaces\\controllers\\alert.controller.ts","statementMap":{"0":{"start":{"line":1,"column":0},"end":{"line":1,"column":56}},"1":{"start":{"line":2,"column":0},"end":{"line":2,"column":72}},"2":{"start":{"line":3,"column":0},"end":{"line":3,"column":59}},"3":{"start":{"line":6,"column":7},"end":{"line":13,"column":null}},"4":{"start":{"line":7,"column":34},"end":{"line":7,"column":48}},"5":{"start":{"line":11,"column":8},"end":{"line":11,"column":134}},"6":{"start":{"line":10,"column":10},"end":{"line":12,"column":null}},"7":{"start":{"line":6,"column":13},"end":{"line":13,"column":null}},"8":{"start":{"line":6,"column":13},"end":{"line":6,"column":28}}},"fnMap":{"0":{"name":"(anonymous_4)","decl":{"start":{"line":7,"column":4},"end":{"line":7,"column":34}},"loc":{"start":{"line":7,"column":60},"end":{"line":7,"column":63}}},"1":{"name":"(anonymous_5)","decl":{"start":{"line":10,"column":4},"end":{"line":10,"column":9}},"loc":{"start":{"line":10,"column":37},"end":{"line":12,"column":5}}}},"branchMap":{},"s":{"0":0,"1":0,"2":0,"3":0,"4":0,"5":0,"6":0,"7":0,"8":0},"f":{"0":0,"1":0},"b":{}}
,"C:\\Users\\andre\\StudioProjects\\sharebook\\app\\servidor\\src\\interfaces\\controllers\\app.controller.ts": {"path":"C:\\Users\\andre\\StudioProjects\\sharebook\\app\\servidor\\src\\interfaces\\controllers\\app.controller.ts","statementMap":{"0":{"start":{"line":1,"column":0},"end":{"line":1,"column":49}},"1":{"start":{"line":2,"column":0},"end":{"line":2,"column":68}},"2":{"start":{"line":3,"column":0},"end":{"line":3,"column":61}},"3":{"start":{"line":6,"column":7},"end":{"line":14,"column":null}},"4":{"start":{"line":7,"column":31},"end":{"line":7,"column":43}},"5":{"start":{"line":12,"column":4},"end":{"line":12,"column":38}},"6":{"start":{"line":9,"column":2},"end":{"line":13,"column":null}},"7":{"start":{"line":6,"column":13},"end":{"line":14,"column":null}},"8":{"start":{"line":6,"column":13},"end":{"line":6,"column":26}}},"fnMap":{"0":{"name":"(anonymous_2)","decl":{"start":{"line":7,"column":2},"end":{"line":7,"column":31}},"loc":{"start":{"line":7,"column":53},"end":{"line":7,"column":57}}},"1":{"name":"(anonymous_3)","decl":{"start":{"line":11,"column":2},"end":{"line":11,"column":10}},"loc":{"start":{"line":11,"column":10},"end":{"line":13,"column":3}}}},"branchMap":{},"s":{"0":1,"1":1,"2":1,"3":1,"4":1,"5":1,"6":1,"7":1,"8":1},"f":{"0":1,"1":1},"b":{}}
,"C:\\Users\\andre\\StudioProjects\\sharebook\\app\\servidor\\src\\interfaces\\controllers\\auth.controller.ts": {"path":"C:\\Users\\andre\\StudioProjects\\sharebook\\app\\servidor\\src\\interfaces\\controllers\\auth.controller.ts","statementMap":{"0":{"start":{"line":1,"column":0},"end":{"line":1,"column":92}},"1":{"start":{"line":3,"column":0},"end":{"line":3,"column":70}},"2":{"start":{"line":5,"column":0},"end":{"line":5,"column":61}},"3":{"start":{"line":6,"column":0},"end":{"line":6,"column":60}},"4":{"start":{"line":9,"column":7},"end":{"line":19,"column":null}},"5":{"start":{"line":10,"column":31},"end":{"line":10,"column":44}},"6":{"start":{"line":17,"column":4},"end":{"line":17,"column":44}},"7":{"start":{"line":12,"column":2},"end":{"line":18,"column":null}},"8":{"start":{"line":9,"column":13},"end":{"line":19,"column":null}},"9":{"start":{"line":9,"column":13},"end":{"line":9,"column":27}}},"fnMap":{"0":{"name":"(anonymous_4)","decl":{"start":{"line":10,"column":2},"end":{"line":10,"column":31}},"loc":{"start":{"line":10,"column":55},"end":{"line":10,"column":59}}},"1":{"name":"(anonymous_5)","decl":{"start":{"line":16,"column":2},"end":{"line":16,"column":7}},"loc":{"start":{"line":16,"column":35},"end":{"line":18,"column":3}}}},"branchMap":{},"s":{"0":0,"1":0,"2":0,"3":0,"4":0,"5":0,"6":0,"7":0,"8":0,"9":0},"f":{"0":0,"1":0},"b":{}}
,"C:\\Users\\andre\\StudioProjects\\sharebook\\app\\servidor\\src\\interfaces\\controllers\\book.controller.ts": {"path":"C:\\Users\\andre\\StudioProjects\\sharebook\\app\\servidor\\src\\interfaces\\controllers\\book.controller.ts","statementMap":{"0":{"start":{"line":1,"column":0},"end":{"line":1,"column":null}},"1":{"start":{"line":13,"column":0},"end":{"line":13,"column":70}},"2":{"start":{"line":14,"column":0},"end":{"line":14,"column":52}},"3":{"start":{"line":15,"column":0},"end":{"line":15,"column":57}},"4":{"start":{"line":16,"column":0},"end":{"line":16,"column":59}},"5":{"start":{"line":19,"column":7},"end":{"line":103,"column":null}},"6":{"start":{"line":20,"column":22},"end":{"line":20,"column":35}},"7":{"start":{"line":24,"column":4},"end":{"line":24,"column":55}},"8":{"start":{"line":29,"column":4},"end":{"line":29,"column":59}},"9":{"start":{"line":38,"column":4},"end":{"line":38,"column":58}},"10":{"start":{"line":65,"column":4},"end":{"line":65,"column":54}},"11":{"start":{"line":92,"column":4},"end":{"line":92,"column":41}},"12":{"start":{"line":101,"column":4},"end":{"line":101,"column":39}},"13":{"start":{"line":23,"column":8},"end":{"line":25,"column":null}},"14":{"start":{"line":28,"column":8},"end":{"line":30,"column":null}},"15":{"start":{"line":37,"column":8},"end":{"line":39,"column":null}},"16":{"start":{"line":64,"column":8},"end":{"line":66,"column":null}},"17":{"start":{"line":91,"column":8},"end":{"line":93,"column":null}},"18":{"start":{"line":95,"column":2},"end":{"line":102,"column":null}},"19":{"start":{"line":19,"column":13},"end":{"line":103,"column":null}},"20":{"start":{"line":19,"column":13},"end":{"line":19,"column":26}}},"fnMap":{"0":{"name":"(anonymous_4)","decl":{"start":{"line":20,"column":2},"end":{"line":20,"column":22}},"loc":{"start":{"line":20,"column":46},"end":{"line":20,"column":50}}},"1":{"name":"(anonymous_5)","decl":{"start":{"line":23,"column":2},"end":{"line":23,"column":7}},"loc":{"start":{"line":23,"column":27},"end":{"line":25,"column":3}}},"2":{"name":"(anonymous_6)","decl":{"start":{"line":28,"column":2},"end":{"line":28,"column":7}},"loc":{"start":{"line":28,"column":30},"end":{"line":30,"column":3}}},"3":{"name":"(anonymous_7)","decl":{"start":{"line":37,"column":2},"end":{"line":37,"column":7}},"loc":{"start":{"line":37,"column":61},"end":{"line":39,"column":3}}},"4":{"name":"(anonymous_8)","decl":{"start":{"line":64,"column":2},"end":{"line":64,"column":7}},"loc":{"start":{"line":64,"column":76},"end":{"line":66,"column":3}}},"5":{"name":"(anonymous_9)","decl":{"start":{"line":91,"column":2},"end":{"line":91,"column":7}},"loc":{"start":{"line":91,"column":33},"end":{"line":93,"column":3}}},"6":{"name":"(anonymous_10)","decl":{"start":{"line":100,"column":2},"end":{"line":100,"column":8}},"loc":{"start":{"line":100,"column":32},"end":{"line":102,"column":3}}}},"branchMap":{},"s":{"0":0,"1":0,"2":0,"3":0,"4":0,"5":0,"6":0,"7":0,"8":0,"9":0,"10":0,"11":0,"12":0,"13":0,"14":0,"15":0,"16":0,"17":0,"18":0,"19":0,"20":0},"f":{"0":0,"1":0,"2":0,"3":0,"4":0,"5":0,"6":0},"b":{}}
,"C:\\Users\\andre\\StudioProjects\\sharebook\\app\\servidor\\src\\interfaces\\controllers\\gender.controller.ts": {"path":"C:\\Users\\andre\\StudioProjects\\sharebook\\app\\servidor\\src\\interfaces\\controllers\\gender.controller.ts","statementMap":{"0":{"start":{"line":1,"column":0},"end":{"line":1,"column":56}},"1":{"start":{"line":2,"column":0},"end":{"line":2,"column":81}},"2":{"start":{"line":5,"column":7},"end":{"line":17,"column":null}},"3":{"start":{"line":6,"column":22},"end":{"line":6,"column":37}},"4":{"start":{"line":10,"column":4},"end":{"line":10,"column":42}},"5":{"start":{"line":15,"column":4},"end":{"line":15,"column":41}},"6":{"start":{"line":9,"column":8},"end":{"line":11,"column":null}},"7":{"start":{"line":14,"column":8},"end":{"line":16,"column":null}},"8":{"start":{"line":5,"column":13},"end":{"line":17,"column":null}},"9":{"start":{"line":5,"column":13},"end":{"line":5,"column":29}}},"fnMap":{"0":{"name":"(anonymous_4)","decl":{"start":{"line":6,"column":2},"end":{"line":6,"column":22}},"loc":{"start":{"line":6,"column":50},"end":{"line":6,"column":54}}},"1":{"name":"(anonymous_5)","decl":{"start":{"line":9,"column":2},"end":{"line":9,"column":7}},"loc":{"start":{"line":9,"column":39},"end":{"line":11,"column":3}}},"2":{"name":"(anonymous_6)","decl":{"start":{"line":14,"column":2},"end":{"line":14,"column":7}},"loc":{"start":{"line":14,"column":16},"end":{"line":16,"column":3}}}},"branchMap":{},"s":{"0":1,"1":1,"2":1,"3":3,"4":0,"5":0,"6":1,"7":1,"8":1,"9":1},"f":{"0":3,"1":0,"2":0},"b":{}}
,"C:\\Users\\andre\\StudioProjects\\sharebook\\app\\servidor\\src\\interfaces\\controllers\\rescue.controller.ts": {"path":"C:\\Users\\andre\\StudioProjects\\sharebook\\app\\servidor\\src\\interfaces\\controllers\\rescue.controller.ts","statementMap":{"0":{"start":{"line":1,"column":0},"end":{"line":1,"column":78}},"1":{"start":{"line":2,"column":0},"end":{"line":2,"column":42}},"2":{"start":{"line":3,"column":0},"end":{"line":3,"column":72}},"3":{"start":{"line":4,"column":0},"end":{"line":4,"column":59}},"4":{"start":{"line":7,"column":7},"end":{"line":58,"column":null}},"5":{"start":{"line":8,"column":31},"end":{"line":8,"column":46}},"6":{"start":{"line":24,"column":4},"end":{"line":24,"column":45}},"7":{"start":{"line":41,"column":4},"end":{"line":41,"column":45}},"8":{"start":{"line":46,"column":4},"end":{"line":46,"column":11}},"9":{"start":{"line":51,"column":4},"end":{"line":51,"column":59}},"10":{"start":{"line":56,"column":4},"end":{"line":56,"column":62}},"11":{"start":{"line":23,"column":8},"end":{"line":25,"column":null}},"12":{"start":{"line":40,"column":8},"end":{"line":42,"column":null}},"13":{"start":{"line":45,"column":8},"end":{"line":47,"column":null}},"14":{"start":{"line":50,"column":8},"end":{"line":52,"column":null}},"15":{"start":{"line":55,"column":8},"end":{"line":57,"column":null}},"16":{"start":{"line":7,"column":13},"end":{"line":58,"column":null}},"17":{"start":{"line":7,"column":13},"end":{"line":7,"column":29}}},"fnMap":{"0":{"name":"(anonymous_4)","decl":{"start":{"line":8,"column":2},"end":{"line":8,"column":31}},"loc":{"start":{"line":8,"column":59},"end":{"line":8,"column":63}}},"1":{"name":"(anonymous_5)","decl":{"start":{"line":23,"column":2},"end":{"line":23,"column":7}},"loc":{"start":{"line":23,"column":37},"end":{"line":25,"column":3}}},"2":{"name":"(anonymous_6)","decl":{"start":{"line":40,"column":2},"end":{"line":40,"column":7}},"loc":{"start":{"line":40,"column":37},"end":{"line":42,"column":3}}},"3":{"name":"(anonymous_7)","decl":{"start":{"line":45,"column":2},"end":{"line":45,"column":7}},"loc":{"start":{"line":45,"column":56},"end":{"line":47,"column":3}}},"4":{"name":"(anonymous_8)","decl":{"start":{"line":50,"column":2},"end":{"line":50,"column":7}},"loc":{"start":{"line":50,"column":56},"end":{"line":52,"column":3}}},"5":{"name":"(anonymous_9)","decl":{"start":{"line":55,"column":2},"end":{"line":55,"column":7}},"loc":{"start":{"line":55,"column":58},"end":{"line":57,"column":3}}}},"branchMap":{},"s":{"0":0,"1":0,"2":0,"3":0,"4":0,"5":0,"6":0,"7":0,"8":0,"9":0,"10":0,"11":0,"12":0,"13":0,"14":0,"15":0,"16":0,"17":0},"f":{"0":0,"1":0,"2":0,"3":0,"4":0,"5":0},"b":{}}
,"C:\\Users\\andre\\StudioProjects\\sharebook\\app\\servidor\\src\\interfaces\\controllers\\user.controller.ts": {"path":"C:\\Users\\andre\\StudioProjects\\sharebook\\app\\servidor\\src\\interfaces\\controllers\\user.controller.ts","statementMap":{"0":{"start":{"line":1,"column":0},"end":{"line":1,"column":null}},"1":{"start":{"line":11,"column":0},"end":{"line":11,"column":70}},"2":{"start":{"line":12,"column":0},"end":{"line":12,"column":57}},"3":{"start":{"line":13,"column":0},"end":{"line":13,"column":61}},"4":{"start":{"line":15,"column":0},"end":{"line":15,"column":70}},"5":{"start":{"line":18,"column":7},"end":{"line":67,"column":null}},"6":{"start":{"line":20,"column":21},"end":{"line":20,"column":34}},"7":{"start":{"line":21,"column":21},"end":{"line":21,"column":34}},"8":{"start":{"line":28,"column":4},"end":{"line":28,"column":40}},"9":{"start":{"line":29,"column":4},"end":{"line":29,"column":18}},"10":{"start":{"line":39,"column":24},"end":{"line":39,"column":73}},"11":{"start":{"line":40,"column":19},"end":{"line":40,"column":60}},"12":{"start":{"line":41,"column":14},"end":{"line":44,"column":null}},"13":{"start":{"line":46,"column":4},"end":{"line":46,"column":16}},"14":{"start":{"line":56,"column":4},"end":{"line":56,"column":38}},"15":{"start":{"line":61,"column":27},"end":{"line":61,"column":65}},"16":{"start":{"line":62,"column":4},"end":{"line":64,"column":null}},"17":{"start":{"line":26,"column":8},"end":{"line":34,"column":null}},"18":{"start":{"line":38,"column":8},"end":{"line":52,"column":null}},"19":{"start":{"line":54,"column":2},"end":{"line":57,"column":null}},"20":{"start":{"line":60,"column":8},"end":{"line":66,"column":null}},"21":{"start":{"line":18,"column":13},"end":{"line":67,"column":null}},"22":{"start":{"line":18,"column":13},"end":{"line":18,"column":27}}},"fnMap":{"0":{"name":"(anonymous_4)","decl":{"start":{"line":19,"column":2},"end":{"line":19,"column":null}},"loc":{"start":{"line":21,"column":45},"end":{"line":22,"column":6}}},"1":{"name":"(anonymous_5)","decl":{"start":{"line":26,"column":2},"end":{"line":26,"column":7}},"loc":{"start":{"line":26,"column":61},"end":{"line":34,"column":3}}},"2":{"name":"(anonymous_6)","decl":{"start":{"line":38,"column":2},"end":{"line":38,"column":7}},"loc":{"start":{"line":38,"column":43},"end":{"line":52,"column":3}}},"3":{"name":"(anonymous_7)","decl":{"start":{"line":55,"column":2},"end":{"line":55,"column":9}},"loc":{"start":{"line":55,"column":9},"end":{"line":57,"column":3}}},"4":{"name":"(anonymous_8)","decl":{"start":{"line":60,"column":2},"end":{"line":60,"column":7}},"loc":{"start":{"line":60,"column":43},"end":{"line":66,"column":3}}}},"branchMap":{},"s":{"0":0,"1":0,"2":0,"3":0,"4":0,"5":0,"6":0,"7":0,"8":0,"9":0,"10":0,"11":0,"12":0,"13":0,"14":0,"15":0,"16":0,"17":0,"18":0,"19":0,"20":0,"21":0,"22":0},"f":{"0":0,"1":0,"2":0,"3":0,"4":0},"b":{}}
,"C:\\Users\\andre\\StudioProjects\\sharebook\\app\\servidor\\src\\interfaces\\decorators\\is-public.decorator.ts": {"path":"C:\\Users\\andre\\StudioProjects\\sharebook\\app\\servidor\\src\\interfaces\\decorators\\is-public.decorator.ts","statementMap":{"0":{"start":{"line":1,"column":0},"end":{"line":1,"column":45}},"1":{"start":{"line":3,"column":13},"end":{"line":3,"column":40}},"2":{"start":{"line":4,"column":24},"end":{"line":4,"column":62}},"3":{"start":{"line":4,"column":30},"end":{"line":4,"column":62}},"4":{"start":{"line":4,"column":13},"end":{"line":4,"column":24}}},"fnMap":{"0":{"name":"(anonymous_0)","decl":{"start":{"line":4,"column":24},"end":{"line":4,"column":27}},"loc":{"start":{"line":4,"column":30},"end":{"line":4,"column":62}}}},"branchMap":{},"s":{"0":1,"1":1,"2":1,"3":1,"4":1},"f":{"0":1},"b":{}}
}
