{"C:\\Users\\andre\\StudioProjects\\sharebook\\app\\servidor\\src\\application\\services\\alert.service.ts": {"path":"C:\\Users\\andre\\StudioProjects\\sharebook\\app\\servidor\\src\\application\\services\\alert.service.ts","statementMap":{"0":{"start":{"line":1,"column":0},"end":{"line":1,"column":63}},"1":{"start":{"line":3,"column":0},"end":{"line":3,"column":86}},"2":{"start":{"line":6,"column":7},"end":{"line":34,"column":null}},"3":{"start":{"line":7,"column":31},"end":{"line":7,"column":48}},"4":{"start":{"line":15,"column":18},"end":{"line":17,"column":null}},"5":{"start":{"line":19,"column":4},"end":{"line":21,"column":null}},"6":{"start":{"line":20,"column":6},"end":{"line":20,"column":36}},"7":{"start":{"line":23,"column":29},"end":{"line":30,"column":6}},"8":{"start":{"line":32,"column":4},"end":{"line":32,"column":56}},"9":{"start":{"line":6,"column":13},"end":{"line":34,"column":null}},"10":{"start":{"line":6,"column":13},"end":{"line":6,"column":25}}},"fnMap":{"0":{"name":"(anonymous_2)","decl":{"start":{"line":7,"column":2},"end":{"line":7,"column":31}},"loc":{"start":{"line":7,"column":63},"end":{"line":7,"column":67}}},"1":{"name":"(anonymous_3)","decl":{"start":{"line":9,"column":2},"end":{"line":9,"column":7}},"loc":{"start":{"line":13,"column":29},"end":{"line":33,"column":3}}}},"branchMap":{"0":{"loc":{"start":{"line":19,"column":4},"end":{"line":21,"column":null}},"type":"if","locations":[{"start":{"line":19,"column":4},"end":{"line":21,"column":null}}]},"1":{"loc":{"start":{"line":26,"column":32},"end":{"line":28,"column":15}},"type":"cond-expr","locations":[{"start":{"line":27,"column":10},"end":{"line":27,"column":34}},{"start":{"line":28,"column":10},"end":{"line":28,"column":15}}]},"2":{"loc":{"start":{"line":29,"column":24},"end":{"line":29,"column":67}},"type":"cond-expr","locations":[{"start":{"line":29,"column":43},"end":{"line":29,"column":59}},{"start":{"line":29,"column":62},"end":{"line":29,"column":67}}]}},"s":{"0":1,"1":1,"2":1,"3":1,"4":0,"5":0,"6":0,"7":0,"8":0,"9":1,"10":1},"f":{"0":1,"1":0},"b":{"0":[0],"1":[0,0],"2":[0,0]}}
,"C:\\Users\\andre\\StudioProjects\\sharebook\\app\\servidor\\src\\application\\services\\app.service.ts": {"path":"C:\\Users\\andre\\StudioProjects\\sharebook\\app\\servidor\\src\\application\\services\\app.service.ts","statementMap":{"0":{"start":{"line":1,"column":0},"end":{"line":1,"column":44}},"1":{"start":{"line":4,"column":7},"end":{"line":8,"column":null}},"2":{"start":{"line":6,"column":4},"end":{"line":6,"column":26}},"3":{"start":{"line":4,"column":13},"end":{"line":8,"column":null}},"4":{"start":{"line":4,"column":13},"end":{"line":4,"column":23}}},"fnMap":{"0":{"name":"(anonymous_1)","decl":{"start":{"line":5,"column":2},"end":{"line":5,"column":10}},"loc":{"start":{"line":5,"column":10},"end":{"line":7,"column":3}}}},"branchMap":{},"s":{"0":1,"1":1,"2":1,"3":1,"4":1},"f":{"0":1},"b":{}}
,"C:\\Users\\andre\\StudioProjects\\sharebook\\app\\servidor\\src\\application\\services\\auth.service.ts": {"path":"C:\\Users\\andre\\StudioProjects\\sharebook\\app\\servidor\\src\\application\\services\\auth.service.ts","statementMap":{"0":{"start":{"line":1,"column":0},"end":{"line":1,"column":44}},"1":{"start":{"line":2,"column":0},"end":{"line":2,"column":33}},"2":{"start":{"line":3,"column":0},"end":{"line":3,"column":45}},"3":{"start":{"line":5,"column":0},"end":{"line":5,"column":41}},"4":{"start":{"line":10,"column":7},"end":{"line":56,"column":null}},"5":{"start":{"line":12,"column":21},"end":{"line":12,"column":34}},"6":{"start":{"line":13,"column":21},"end":{"line":13,"column":33}},"7":{"start":{"line":17,"column":17},"end":{"line":17,"column":61}},"8":{"start":{"line":19,"column":4},"end":{"line":28,"column":null}},"9":{"start":{"line":20,"column":30},"end":{"line":20,"column":72}},"10":{"start":{"line":23,"column":6},"end":{"line":26,"column":null}},"11":{"start":{"line":24,"column":8},"end":{"line":26,"column":null}},"12":{"start":{"line":30,"column":4},"end":{"line":30,"column":54}},"13":{"start":{"line":34,"column":33},"end":{"line":40,"column":6}},"14":{"start":{"line":42,"column":21},"end":{"line":42,"column":50}},"15":{"start":{"line":43,"column":39},"end":{"line":49,"column":6}},"16":{"start":{"line":51,"column":4},"end":{"line":54,"column":6}},"17":{"start":{"line":10,"column":13},"end":{"line":56,"column":null}},"18":{"start":{"line":10,"column":13},"end":{"line":10,"column":24}}},"fnMap":{"0":{"name":"(anonymous_2)","decl":{"start":{"line":11,"column":2},"end":{"line":11,"column":null}},"loc":{"start":{"line":13,"column":43},"end":{"line":14,"column":6}}},"1":{"name":"(anonymous_3)","decl":{"start":{"line":16,"column":2},"end":{"line":16,"column":7}},"loc":{"start":{"line":16,"column":52},"end":{"line":31,"column":3}}},"2":{"name":"(anonymous_4)","decl":{"start":{"line":33,"column":2},"end":{"line":33,"column":7}},"loc":{"start":{"line":33,"column":24},"end":{"line":55,"column":3}}}},"branchMap":{"0":{"loc":{"start":{"line":19,"column":4},"end":{"line":28,"column":null}},"type":"if","locations":[{"start":{"line":19,"column":4},"end":{"line":28,"column":null}}]},"1":{"loc":{"start":{"line":23,"column":6},"end":{"line":26,"column":null}},"type":"if","locations":[{"start":{"line":23,"column":6},"end":{"line":26,"column":null}}]}},"s":{"0":1,"1":1,"2":1,"3":1,"4":1,"5":4,"6":4,"7":2,"8":1,"9":1,"10":1,"11":1,"12":0,"13":1,"14":1,"15":1,"16":1,"17":1,"18":1},"f":{"0":4,"1":2,"2":1},"b":{"0":[1],"1":[1]}}
,"C:\\Users\\andre\\StudioProjects\\sharebook\\app\\servidor\\src\\application\\services\\book-gender.service.ts": {"path":"C:\\Users\\andre\\StudioProjects\\sharebook\\app\\servidor\\src\\application\\services\\book-gender.service.ts","statementMap":{"0":{"start":{"line":1,"column":0},"end":{"line":1,"column":44}},"1":{"start":{"line":2,"column":0},"end":{"line":2,"column":98}},"2":{"start":{"line":3,"column":0},"end":{"line":3,"column":49}},"3":{"start":{"line":6,"column":7},"end":{"line":37,"column":null}},"4":{"start":{"line":8,"column":12},"end":{"line":8,"column":34}},"5":{"start":{"line":9,"column":12},"end":{"line":9,"column":27}},"6":{"start":{"line":13,"column":4},"end":{"line":13,"column":54}},"7":{"start":{"line":17,"column":24},"end":{"line":17,"column":44}},"8":{"start":{"line":19,"column":20},"end":{"line":21,"column":48}},"9":{"start":{"line":20,"column":30},"end":{"line":20,"column":61}},"10":{"start":{"line":21,"column":27},"end":{"line":21,"column":47}},"11":{"start":{"line":23,"column":4},"end":{"line":23,"column":19}},"12":{"start":{"line":27,"column":22},"end":{"line":27,"column":57}},"13":{"start":{"line":28,"column":23},"end":{"line":32,"column":null}},"14":{"start":{"line":30,"column":23},"end":{"line":30,"column":65}},"15":{"start":{"line":31,"column":8},"end":{"line":31,"column":27}},"16":{"start":{"line":35,"column":4},"end":{"line":35,"column":22}},"17":{"start":{"line":6,"column":13},"end":{"line":37,"column":null}},"18":{"start":{"line":6,"column":13},"end":{"line":6,"column":31}}},"fnMap":{"0":{"name":"(anonymous_2)","decl":{"start":{"line":7,"column":2},"end":{"line":7,"column":null}},"loc":{"start":{"line":9,"column":40},"end":{"line":10,"column":6}}},"1":{"name":"(anonymous_3)","decl":{"start":{"line":12,"column":2},"end":{"line":12,"column":7}},"loc":{"start":{"line":12,"column":15},"end":{"line":14,"column":3}}},"2":{"name":"(anonymous_4)","decl":{"start":{"line":16,"column":2},"end":{"line":16,"column":7}},"loc":{"start":{"line":16,"column":39},"end":{"line":24,"column":3}}},"3":{"name":"(anonymous_5)","decl":{"start":{"line":20,"column":14},"end":{"line":20,"column":15}},"loc":{"start":{"line":20,"column":30},"end":{"line":20,"column":61}}},"4":{"name":"(anonymous_6)","decl":{"start":{"line":21,"column":11},"end":{"line":21,"column":12}},"loc":{"start":{"line":21,"column":27},"end":{"line":21,"column":47}}},"5":{"name":"(anonymous_7)","decl":{"start":{"line":26,"column":2},"end":{"line":26,"column":7}},"loc":{"start":{"line":26,"column":38},"end":{"line":36,"column":3}}},"6":{"name":"(anonymous_8)","decl":{"start":{"line":29,"column":20},"end":{"line":29,"column":25}},"loc":{"start":{"line":29,"column":39},"end":{"line":32,"column":7}}}},"branchMap":{},"s":{"0":3,"1":3,"2":3,"3":3,"4":22,"5":22,"6":26,"7":26,"8":26,"9":156,"10":22,"11":26,"12":20,"13":20,"14":16,"15":16,"16":20,"17":3,"18":3},"f":{"0":22,"1":26,"2":26,"3":156,"4":22,"5":20,"6":16},"b":{}}
,"C:\\Users\\andre\\StudioProjects\\sharebook\\app\\servidor\\src\\application\\services\\book-state.service.ts": {"path":"C:\\Users\\andre\\StudioProjects\\sharebook\\app\\servidor\\src\\application\\services\\book-state.service.ts","statementMap":{"0":{"start":{"line":1,"column":0},"end":{"line":1,"column":44}},"1":{"start":{"line":2,"column":0},"end":{"line":2,"column":95}},"2":{"start":{"line":5,"column":7},"end":{"line":15,"column":null}},"3":{"start":{"line":6,"column":22},"end":{"line":6,"column":43}},"4":{"start":{"line":9,"column":4},"end":{"line":9,"column":54}},"5":{"start":{"line":13,"column":4},"end":{"line":13,"column":53}},"6":{"start":{"line":5,"column":13},"end":{"line":15,"column":null}},"7":{"start":{"line":5,"column":13},"end":{"line":5,"column":29}}},"fnMap":{"0":{"name":"(anonymous_2)","decl":{"start":{"line":6,"column":2},"end":{"line":6,"column":22}},"loc":{"start":{"line":6,"column":62},"end":{"line":6,"column":66}}},"1":{"name":"(anonymous_3)","decl":{"start":{"line":8,"column":2},"end":{"line":8,"column":7}},"loc":{"start":{"line":8,"column":26},"end":{"line":10,"column":3}}},"2":{"name":"(anonymous_4)","decl":{"start":{"line":12,"column":2},"end":{"line":12,"column":7}},"loc":{"start":{"line":12,"column":16},"end":{"line":14,"column":3}}}},"branchMap":{},"s":{"0":1,"1":1,"2":1,"3":12,"4":4,"5":0,"6":1,"7":1},"f":{"0":12,"1":4,"2":0},"b":{}}
,"C:\\Users\\andre\\StudioProjects\\sharebook\\app\\servidor\\src\\application\\services\\book.service.ts": {"path":"C:\\Users\\andre\\StudioProjects\\sharebook\\app\\servidor\\src\\application\\services\\book.service.ts","statementMap":{"0":{"start":{"line":2,"column":0},"end":{"line":2,"column":63}},"1":{"start":{"line":3,"column":0},"end":{"line":3,"column":84}},"2":{"start":{"line":4,"column":0},"end":{"line":4,"column":58}},"3":{"start":{"line":5,"column":0},"end":{"line":5,"column":84}},"4":{"start":{"line":6,"column":0},"end":{"line":6,"column":59}},"5":{"start":{"line":7,"column":0},"end":{"line":7,"column":59}},"6":{"start":{"line":8,"column":0},"end":{"line":8,"column":56}},"7":{"start":{"line":9,"column":0},"end":{"line":9,"column":49}},"8":{"start":{"line":11,"column":0},"end":{"line":11,"column":53}},"9":{"start":{"line":15,"column":7},"end":{"line":223,"column":null}},"10":{"start":{"line":17,"column":12},"end":{"line":17,"column":28}},"11":{"start":{"line":18,"column":12},"end":{"line":18,"column":31}},"12":{"start":{"line":19,"column":12},"end":{"line":19,"column":28}},"13":{"start":{"line":20,"column":12},"end":{"line":20,"column":31}},"14":{"start":{"line":21,"column":12},"end":{"line":21,"column":31}},"15":{"start":{"line":22,"column":12},"end":{"line":22,"column":30}},"16":{"start":{"line":23,"column":12},"end":{"line":23,"column":27}},"17":{"start":{"line":24,"column":12},"end":{"line":24,"column":29}},"18":{"start":{"line":28,"column":4},"end":{"line":28,"column":58}},"19":{"start":{"line":32,"column":4},"end":{"line":32,"column":56}},"20":{"start":{"line":36,"column":24},"end":{"line":36,"column":77}},"21":{"start":{"line":37,"column":24},"end":{"line":37,"column":77}},"22":{"start":{"line":39,"column":4},"end":{"line":39,"column":80}},"23":{"start":{"line":39,"column":45},"end":{"line":39,"column":78}},"24":{"start":{"line":43,"column":17},"end":{"line":44,"column":null}},"25":{"start":{"line":44,"column":14},"end":{"line":44,"column":32}},"26":{"start":{"line":46,"column":4},"end":{"line":46,"column":16}},"27":{"start":{"line":50,"column":4},"end":{"line":50,"column":49}},"28":{"start":{"line":54,"column":17},"end":{"line":54,"column":59}},"29":{"start":{"line":55,"column":22},"end":{"line":55,"column":73}},"30":{"start":{"line":57,"column":28},"end":{"line":62,"column":6}},"31":{"start":{"line":64,"column":17},"end":{"line":64,"column":19}},"32":{"start":{"line":66,"column":4},"end":{"line":74,"column":null}},"33":{"start":{"line":67,"column":6},"end":{"line":73,"column":8}},"34":{"start":{"line":69,"column":29},"end":{"line":69,"column":41}},"35":{"start":{"line":71,"column":12},"end":{"line":71,"column":64}},"36":{"start":{"line":76,"column":4},"end":{"line":96,"column":6}},"37":{"start":{"line":100,"column":17},"end":{"line":100,"column":60}},"38":{"start":{"line":101,"column":19},"end":{"line":101,"column":49}},"39":{"start":{"line":103,"column":18},"end":{"line":103,"column":54}},"40":{"start":{"line":104,"column":26},"end":{"line":104,"column":77}},"41":{"start":{"line":104,"column":49},"end":{"line":104,"column":76}},"42":{"start":{"line":106,"column":23},"end":{"line":113,"column":6}},"43":{"start":{"line":106,"column":46},"end":{"line":113,"column":6}},"44":{"start":{"line":115,"column":57},"end":{"line":133,"column":6}},"45":{"start":{"line":119,"column":28},"end":{"line":119,"column":65}},"46":{"start":{"line":125,"column":34},"end":{"line":126,"column":null}},"47":{"start":{"line":128,"column":36},"end":{"line":128,"column":75}},"48":{"start":{"line":129,"column":12},"end":{"line":129,"column":46}},"49":{"start":{"line":135,"column":4},"end":{"line":135,"column":58}},"50":{"start":{"line":139,"column":18},"end":{"line":139,"column":54}},"51":{"start":{"line":141,"column":20},"end":{"line":154,"column":null}},"52":{"start":{"line":143,"column":26},"end":{"line":143,"column":53}},"53":{"start":{"line":144,"column":30},"end":{"line":154,"column":10}},"54":{"start":{"line":157,"column":4},"end":{"line":157,"column":19}},"55":{"start":{"line":161,"column":17},"end":{"line":161,"column":59}},"56":{"start":{"line":162,"column":17},"end":{"line":162,"column":60}},"57":{"start":{"line":163,"column":25},"end":{"line":163,"column":57}},"58":{"start":{"line":164,"column":4},"end":{"line":188,"column":null}},"59":{"start":{"line":165,"column":33},"end":{"line":175,"column":10}},"60":{"start":{"line":166,"column":26},"end":{"line":166,"column":53}},"61":{"start":{"line":168,"column":23},"end":{"line":168,"column":88}},"62":{"start":{"line":169,"column":10},"end":{"line":174,"column":12}},"63":{"start":{"line":176,"column":22},"end":{"line":176,"column":59}},"64":{"start":{"line":177,"column":6},"end":{"line":181,"column":8}},"65":{"start":{"line":183,"column":25},"end":{"line":183,"column":94}},"66":{"start":{"line":184,"column":6},"end":{"line":187,"column":8}},"67":{"start":{"line":194,"column":4},"end":{"line":194,"column":50}},"68":{"start":{"line":202,"column":23},"end":{"line":202,"column":65}},"69":{"start":{"line":204,"column":4},"end":{"line":204,"column":53}},"70":{"start":{"line":204,"column":23},"end":{"line":204,"column":53}},"71":{"start":{"line":205,"column":4},"end":{"line":208,"column":7}},"72":{"start":{"line":212,"column":17},"end":{"line":212,"column":59}},"73":{"start":{"line":214,"column":4},"end":{"line":221,"column":null}},"74":{"start":{"line":215,"column":6},"end":{"line":215,"column":36}},"75":{"start":{"line":216,"column":11},"end":{"line":221,"column":null}},"76":{"start":{"line":217,"column":6},"end":{"line":217,"column":null}},"77":{"start":{"line":219,"column":6},"end":{"line":219,"column":42}},"78":{"start":{"line":220,"column":6},"end":{"line":220,"column":18}},"79":{"start":{"line":15,"column":13},"end":{"line":223,"column":null}},"80":{"start":{"line":15,"column":13},"end":{"line":15,"column":24}}},"fnMap":{"0":{"name":"(anonymous_2)","decl":{"start":{"line":16,"column":2},"end":{"line":16,"column":null}},"loc":{"start":{"line":24,"column":44},"end":{"line":25,"column":6}}},"1":{"name":"(anonymous_3)","decl":{"start":{"line":27,"column":2},"end":{"line":27,"column":7}},"loc":{"start":{"line":27,"column":36},"end":{"line":29,"column":3}}},"2":{"name":"(anonymous_4)","decl":{"start":{"line":31,"column":2},"end":{"line":31,"column":7}},"loc":{"start":{"line":31,"column":34},"end":{"line":33,"column":3}}},"3":{"name":"(anonymous_5)","decl":{"start":{"line":35,"column":2},"end":{"line":35,"column":7}},"loc":{"start":{"line":35,"column":55},"end":{"line":40,"column":3}}},"4":{"name":"(anonymous_6)","decl":{"start":{"line":39,"column":28},"end":{"line":39,"column":29}},"loc":{"start":{"line":39,"column":45},"end":{"line":39,"column":78}}},"5":{"name":"(anonymous_7)","decl":{"start":{"line":42,"column":2},"end":{"line":42,"column":7}},"loc":{"start":{"line":42,"column":34},"end":{"line":47,"column":3}}},"6":{"name":"(anonymous_8)","decl":{"start":{"line":44,"column":6},"end":{"line":44,"column":10}},"loc":{"start":{"line":44,"column":14},"end":{"line":44,"column":32}}},"7":{"name":"(anonymous_9)","decl":{"start":{"line":49,"column":2},"end":{"line":49,"column":7}},"loc":{"start":{"line":49,"column":29},"end":{"line":51,"column":3}}},"8":{"name":"(anonymous_10)","decl":{"start":{"line":53,"column":2},"end":{"line":53,"column":7}},"loc":{"start":{"line":53,"column":36},"end":{"line":97,"column":3}}},"9":{"name":"(anonymous_11)","decl":{"start":{"line":69,"column":18},"end":{"line":69,"column":19}},"loc":{"start":{"line":69,"column":29},"end":{"line":69,"column":41}}},"10":{"name":"(anonymous_12)","decl":{"start":{"line":70,"column":15},"end":{"line":70,"column":16}},"loc":{"start":{"line":71,"column":12},"end":{"line":71,"column":64}}},"11":{"name":"(anonymous_13)","decl":{"start":{"line":99,"column":2},"end":{"line":99,"column":7}},"loc":{"start":{"line":99,"column":31},"end":{"line":136,"column":3}}},"12":{"name":"(anonymous_14)","decl":{"start":{"line":104,"column":39},"end":{"line":104,"column":40}},"loc":{"start":{"line":104,"column":49},"end":{"line":104,"column":76}}},"13":{"name":"(anonymous_15)","decl":{"start":{"line":106,"column":23},"end":{"line":106,"column":28}},"loc":{"start":{"line":106,"column":46},"end":{"line":113,"column":6}}},"14":{"name":"(anonymous_16)","decl":{"start":{"line":119,"column":18},"end":{"line":119,"column":19}},"loc":{"start":{"line":119,"column":28},"end":{"line":119,"column":65}}},"15":{"name":"(anonymous_17)","decl":{"start":{"line":124,"column":18},"end":{"line":124,"column":23}},"loc":{"start":{"line":124,"column":33},"end":{"line":130,"column":11}}},"16":{"name":"(anonymous_18)","decl":{"start":{"line":138,"column":2},"end":{"line":138,"column":7}},"loc":{"start":{"line":138,"column":35},"end":{"line":158,"column":3}}},"17":{"name":"(anonymous_19)","decl":{"start":{"line":143,"column":16},"end":{"line":143,"column":17}},"loc":{"start":{"line":143,"column":26},"end":{"line":143,"column":53}}},"18":{"name":"(anonymous_20)","decl":{"start":{"line":144,"column":13},"end":{"line":144,"column":18}},"loc":{"start":{"line":144,"column":30},"end":{"line":154,"column":10}}},"19":{"name":"(anonymous_21)","decl":{"start":{"line":160,"column":2},"end":{"line":160,"column":7}},"loc":{"start":{"line":160,"column":48},"end":{"line":189,"column":3}}},"20":{"name":"(anonymous_22)","decl":{"start":{"line":166,"column":16},"end":{"line":166,"column":22}},"loc":{"start":{"line":166,"column":26},"end":{"line":166,"column":53}}},"21":{"name":"(anonymous_23)","decl":{"start":{"line":167,"column":13},"end":{"line":167,"column":18}},"loc":{"start":{"line":167,"column":30},"end":{"line":175,"column":9}}},"22":{"name":"(anonymous_24)","decl":{"start":{"line":191,"column":2},"end":{"line":191,"column":7}},"loc":{"start":{"line":191,"column":25},"end":{"line":199,"column":3}}},"23":{"name":"(anonymous_25)","decl":{"start":{"line":201,"column":2},"end":{"line":201,"column":7}},"loc":{"start":{"line":201,"column":25},"end":{"line":209,"column":3}}},"24":{"name":"(anonymous_26)","decl":{"start":{"line":211,"column":2},"end":{"line":211,"column":7}},"loc":{"start":{"line":211,"column":30},"end":{"line":222,"column":3}}}},"branchMap":{"0":{"loc":{"start":{"line":66,"column":4},"end":{"line":74,"column":null}},"type":"if","locations":[{"start":{"line":66,"column":4},"end":{"line":74,"column":null}}]},"1":{"loc":{"start":{"line":66,"column":8},"end":{"line":66,"column":51}},"type":"binary-expr","locations":[{"start":{"line":66,"column":8},"end":{"line":66,"column":20}},{"start":{"line":66,"column":24},"end":{"line":66,"column":51}}]},"2":{"loc":{"start":{"line":164,"column":4},"end":{"line":188,"column":null}},"type":"if","locations":[{"start":{"line":164,"column":4},"end":{"line":188,"column":null}},{"start":{"line":182,"column":11},"end":{"line":188,"column":null}}]},"3":{"loc":{"start":{"line":204,"column":4},"end":{"line":204,"column":53}},"type":"if","locations":[{"start":{"line":204,"column":4},"end":{"line":204,"column":53}}]},"4":{"loc":{"start":{"line":214,"column":4},"end":{"line":221,"column":null}},"type":"if","locations":[{"start":{"line":214,"column":4},"end":{"line":221,"column":null}},{"start":{"line":216,"column":11},"end":{"line":221,"column":null}}]},"5":{"loc":{"start":{"line":216,"column":11},"end":{"line":221,"column":null}},"type":"if","locations":[{"start":{"line":216,"column":11},"end":{"line":221,"column":null}},{"start":{"line":218,"column":11},"end":{"line":221,"column":null}}]}},"s":{"0":1,"1":1,"2":1,"3":1,"4":1,"5":1,"6":1,"7":1,"8":1,"9":1,"10":12,"11":12,"12":12,"13":12,"14":12,"15":12,"16":12,"17":12,"18":1,"19":11,"20":6,"21":6,"22":6,"23":10,"24":2,"25":14,"26":2,"27":0,"28":3,"29":3,"30":3,"31":3,"32":3,"33":3,"34":3,"35":1,"36":3,"37":1,"38":1,"39":1,"40":1,"41":6,"42":1,"43":15,"44":1,"45":5,"46":5,"47":5,"48":5,"49":1,"50":1,"51":1,"52":6,"53":1,"54":1,"55":2,"56":2,"57":2,"58":2,"59":1,"60":6,"61":1,"62":1,"63":1,"64":1,"65":1,"66":1,"67":1,"68":1,"69":1,"70":0,"71":1,"72":1,"73":1,"74":0,"75":1,"76":0,"77":1,"78":1,"79":1,"80":1},"f":{"0":12,"1":1,"2":11,"3":6,"4":10,"5":2,"6":14,"7":0,"8":3,"9":3,"10":1,"11":1,"12":6,"13":15,"14":5,"15":5,"16":1,"17":6,"18":1,"19":2,"20":6,"21":1,"22":1,"23":1,"24":1},"b":{"0":[3],"1":[3,3],"2":[1,1],"3":[0],"4":[0,1],"5":[0,1]}}
,"C:\\Users\\andre\\StudioProjects\\sharebook\\app\\servidor\\src\\application\\services\\gender.service.ts": {"path":"C:\\Users\\andre\\StudioProjects\\sharebook\\app\\servidor\\src\\application\\services\\gender.service.ts","statementMap":{"0":{"start":{"line":1,"column":0},"end":{"line":1,"column":44}},"1":{"start":{"line":2,"column":0},"end":{"line":2,"column":88}},"2":{"start":{"line":5,"column":7},"end":{"line":15,"column":null}},"3":{"start":{"line":6,"column":22},"end":{"line":6,"column":40}},"4":{"start":{"line":9,"column":4},"end":{"line":9,"column":51}},"5":{"start":{"line":13,"column":4},"end":{"line":13,"column":50}},"6":{"start":{"line":5,"column":13},"end":{"line":15,"column":null}},"7":{"start":{"line":5,"column":13},"end":{"line":5,"column":26}}},"fnMap":{"0":{"name":"(anonymous_2)","decl":{"start":{"line":6,"column":2},"end":{"line":6,"column":22}},"loc":{"start":{"line":6,"column":56},"end":{"line":6,"column":60}}},"1":{"name":"(anonymous_3)","decl":{"start":{"line":8,"column":2},"end":{"line":8,"column":7}},"loc":{"start":{"line":8,"column":26},"end":{"line":10,"column":3}}},"2":{"name":"(anonymous_4)","decl":{"start":{"line":12,"column":2},"end":{"line":12,"column":7}},"loc":{"start":{"line":12,"column":16},"end":{"line":14,"column":3}}}},"branchMap":{},"s":{"0":4,"1":4,"2":4,"3":25,"4":17,"5":1,"6":4,"7":4},"f":{"0":25,"1":17,"2":1},"b":{}}
,"C:\\Users\\andre\\StudioProjects\\sharebook\\app\\servidor\\src\\application\\services\\ibge-finder.service.ts": {"path":"C:\\Users\\andre\\StudioProjects\\sharebook\\app\\servidor\\src\\application\\services\\ibge-finder.service.ts","statementMap":{"0":{"start":{"line":1,"column":0},"end":{"line":1,"column":44}},"1":{"start":{"line":2,"column":0},"end":{"line":2,"column":26}},"2":{"start":{"line":5,"column":7},"end":{"line":15,"column":null}},"3":{"start":{"line":7,"column":21},"end":{"line":7,"column":77}},"4":{"start":{"line":8,"column":4},"end":{"line":8,"column":30}},"5":{"start":{"line":12,"column":21},"end":{"line":12,"column":77}},"6":{"start":{"line":13,"column":4},"end":{"line":13,"column":28}},"7":{"start":{"line":5,"column":13},"end":{"line":15,"column":null}},"8":{"start":{"line":5,"column":13},"end":{"line":5,"column":30}}},"fnMap":{"0":{"name":"(anonymous_1)","decl":{"start":{"line":6,"column":2},"end":{"line":6,"column":7}},"loc":{"start":{"line":6,"column":27},"end":{"line":9,"column":3}}},"1":{"name":"(anonymous_2)","decl":{"start":{"line":11,"column":2},"end":{"line":11,"column":7}},"loc":{"start":{"line":11,"column":25},"end":{"line":14,"column":3}}}},"branchMap":{},"s":{"0":2,"1":2,"2":2,"3":2,"4":2,"5":12,"6":12,"7":2,"8":2},"f":{"0":2,"1":12},"b":{}}
,"C:\\Users\\andre\\StudioProjects\\sharebook\\app\\servidor\\src\\application\\services\\rescue.service.ts": {"path":"C:\\Users\\andre\\StudioProjects\\sharebook\\app\\servidor\\src\\application\\services\\rescue.service.ts","statementMap":{"0":{"start":{"line":1,"column":0},"end":{"line":1,"column":null}},"1":{"start":{"line":6,"column":0},"end":{"line":6,"column":88}},"2":{"start":{"line":7,"column":0},"end":{"line":7,"column":53}},"3":{"start":{"line":9,"column":0},"end":{"line":9,"column":84}},"4":{"start":{"line":10,"column":0},"end":{"line":10,"column":84}},"5":{"start":{"line":11,"column":0},"end":{"line":11,"column":95}},"6":{"start":{"line":12,"column":0},"end":{"line":12,"column":59}},"7":{"start":{"line":15,"column":7},"end":{"line":266,"column":null}},"8":{"start":{"line":17,"column":21},"end":{"line":17,"column":39}},"9":{"start":{"line":18,"column":21},"end":{"line":18,"column":38}},"10":{"start":{"line":19,"column":21},"end":{"line":19,"column":37}},"11":{"start":{"line":20,"column":21},"end":{"line":20,"column":37}},"12":{"start":{"line":21,"column":21},"end":{"line":21,"column":42}},"13":{"start":{"line":22,"column":21},"end":{"line":22,"column":40}},"14":{"start":{"line":26,"column":25},"end":{"line":28,"column":null}},"15":{"start":{"line":30,"column":4},"end":{"line":30,"column":52}},"16":{"start":{"line":30,"column":22},"end":{"line":30,"column":52}},"17":{"start":{"line":31,"column":4},"end":{"line":31,"column":48}},"18":{"start":{"line":35,"column":25},"end":{"line":37,"column":null}},"19":{"start":{"line":39,"column":4},"end":{"line":39,"column":56}},"20":{"start":{"line":39,"column":26},"end":{"line":39,"column":56}},"21":{"start":{"line":41,"column":4},"end":{"line":41,"column":48}},"22":{"start":{"line":45,"column":27},"end":{"line":45,"column":74}},"23":{"start":{"line":47,"column":28},"end":{"line":48,"column":null}},"24":{"start":{"line":48,"column":18},"end":{"line":48,"column":45}},"25":{"start":{"line":51,"column":4},"end":{"line":51,"column":27}},"26":{"start":{"line":55,"column":23},"end":{"line":58,"column":null}},"27":{"start":{"line":57,"column":8},"end":{"line":57,"column":36}},"28":{"start":{"line":60,"column":4},"end":{"line":60,"column":22}},"29":{"start":{"line":64,"column":4},"end":{"line":64,"column":49}},"30":{"start":{"line":68,"column":19},"end":{"line":68,"column":59}},"31":{"start":{"line":69,"column":35},"end":{"line":69,"column":75}},"32":{"start":{"line":70,"column":25},"end":{"line":70,"column":27}},"33":{"start":{"line":71,"column":33},"end":{"line":71,"column":35}},"34":{"start":{"line":73,"column":4},"end":{"line":173,"column":null}},"35":{"start":{"line":74,"column":23},"end":{"line":75,"column":null}},"36":{"start":{"line":77,"column":30},"end":{"line":78,"column":null}},"37":{"start":{"line":80,"column":27},"end":{"line":81,"column":null}},"38":{"start":{"line":84,"column":6},"end":{"line":99,"column":8}},"39":{"start":{"line":101,"column":6},"end":{"line":123,"column":8}},"40":{"start":{"line":125,"column":23},"end":{"line":125,"column":73}},"41":{"start":{"line":126,"column":30},"end":{"line":127,"column":null}},"42":{"start":{"line":129,"column":27},"end":{"line":130,"column":null}},"43":{"start":{"line":133,"column":6},"end":{"line":148,"column":8}},"44":{"start":{"line":150,"column":6},"end":{"line":172,"column":8}},"45":{"start":{"line":175,"column":4},"end":{"line":184,"column":null}},"46":{"start":{"line":179,"column":6},"end":{"line":183,"column":8}},"47":{"start":{"line":186,"column":23},"end":{"line":191,"column":6}},"48":{"start":{"line":192,"column":4},"end":{"line":192,"column":22}},"49":{"start":{"line":196,"column":21},"end":{"line":196,"column":23}},"50":{"start":{"line":197,"column":34},"end":{"line":197,"column":36}},"51":{"start":{"line":198,"column":28},"end":{"line":198,"column":74}},"52":{"start":{"line":201,"column":4},"end":{"line":226,"column":6}},"53":{"start":{"line":203,"column":21},"end":{"line":203,"column":71}},"54":{"start":{"line":204,"column":21},"end":{"line":204,"column":72}},"55":{"start":{"line":206,"column":33},"end":{"line":222,"column":10}},"56":{"start":{"line":224,"column":8},"end":{"line":224,"column":60}},"57":{"start":{"line":228,"column":23},"end":{"line":228,"column":60}},"58":{"start":{"line":229,"column":26},"end":{"line":229,"column":28}},"59":{"start":{"line":231,"column":4},"end":{"line":258,"column":6}},"60":{"start":{"line":233,"column":21},"end":{"line":233,"column":71}},"61":{"start":{"line":234,"column":21},"end":{"line":234,"column":63}},"62":{"start":{"line":236,"column":8},"end":{"line":256,"column":null}},"63":{"start":{"line":237,"column":35},"end":{"line":253,"column":12}},"64":{"start":{"line":255,"column":10},"end":{"line":255,"column":47}},"65":{"start":{"line":260,"column":4},"end":{"line":263,"column":6}},"66":{"start":{"line":264,"column":4},"end":{"line":264,"column":22}},"67":{"start":{"line":15,"column":13},"end":{"line":266,"column":null}},"68":{"start":{"line":15,"column":13},"end":{"line":15,"column":26}}},"fnMap":{"0":{"name":"(anonymous_2)","decl":{"start":{"line":16,"column":2},"end":{"line":16,"column":null}},"loc":{"start":{"line":22,"column":58},"end":{"line":23,"column":6}}},"1":{"name":"(anonymous_3)","decl":{"start":{"line":25,"column":2},"end":{"line":25,"column":7}},"loc":{"start":{"line":25,"column":29},"end":{"line":32,"column":3}}},"2":{"name":"(anonymous_4)","decl":{"start":{"line":34,"column":2},"end":{"line":34,"column":7}},"loc":{"start":{"line":34,"column":29},"end":{"line":42,"column":3}}},"3":{"name":"(anonymous_5)","decl":{"start":{"line":44,"column":2},"end":{"line":44,"column":7}},"loc":{"start":{"line":44,"column":67},"end":{"line":52,"column":3}}},"4":{"name":"(anonymous_6)","decl":{"start":{"line":48,"column":6},"end":{"line":48,"column":7}},"loc":{"start":{"line":48,"column":18},"end":{"line":48,"column":45}}},"5":{"name":"(anonymous_7)","decl":{"start":{"line":54,"column":2},"end":{"line":54,"column":7}},"loc":{"start":{"line":54,"column":47},"end":{"line":61,"column":3}}},"6":{"name":"(anonymous_8)","decl":{"start":{"line":56,"column":6},"end":{"line":56,"column":7}},"loc":{"start":{"line":56,"column":17},"end":{"line":58,"column":7}}},"7":{"name":"(anonymous_9)","decl":{"start":{"line":63,"column":2},"end":{"line":63,"column":7}},"loc":{"start":{"line":63,"column":15},"end":{"line":65,"column":3}}},"8":{"name":"(anonymous_10)","decl":{"start":{"line":67,"column":2},"end":{"line":67,"column":7}},"loc":{"start":{"line":67,"column":49},"end":{"line":193,"column":3}}},"9":{"name":"(anonymous_11)","decl":{"start":{"line":195,"column":2},"end":{"line":195,"column":7}},"loc":{"start":{"line":195,"column":43},"end":{"line":265,"column":3}}},"10":{"name":"(anonymous_12)","decl":{"start":{"line":202,"column":26},"end":{"line":202,"column":31}},"loc":{"start":{"line":202,"column":43},"end":{"line":225,"column":7}}},"11":{"name":"(anonymous_13)","decl":{"start":{"line":232,"column":21},"end":{"line":232,"column":26}},"loc":{"start":{"line":232,"column":38},"end":{"line":257,"column":7}}}},"branchMap":{"0":{"loc":{"start":{"line":30,"column":4},"end":{"line":30,"column":52}},"type":"if","locations":[{"start":{"line":30,"column":4},"end":{"line":30,"column":52}}]},"1":{"loc":{"start":{"line":39,"column":4},"end":{"line":39,"column":56}},"type":"if","locations":[{"start":{"line":39,"column":4},"end":{"line":39,"column":56}}]},"2":{"loc":{"start":{"line":73,"column":4},"end":{"line":173,"column":null}},"type":"if","locations":[{"start":{"line":73,"column":4},"end":{"line":173,"column":null}},{"start":{"line":124,"column":11},"end":{"line":173,"column":null}}]},"3":{"loc":{"start":{"line":175,"column":4},"end":{"line":184,"column":null}},"type":"if","locations":[{"start":{"line":175,"column":4},"end":{"line":184,"column":null}}]},"4":{"loc":{"start":{"line":176,"column":6},"end":{"line":177,"column":48}},"type":"binary-expr","locations":[{"start":{"line":176,"column":6},"end":{"line":176,"column":44}},{"start":{"line":177,"column":6},"end":{"line":177,"column":48}}]},"5":{"loc":{"start":{"line":236,"column":8},"end":{"line":256,"column":null}},"type":"if","locations":[{"start":{"line":236,"column":8},"end":{"line":256,"column":null}}]}},"s":{"0":3,"1":3,"2":3,"3":3,"4":3,"5":3,"6":3,"7":3,"8":22,"9":22,"10":22,"11":22,"12":22,"13":22,"14":2,"15":2,"16":0,"17":2,"18":0,"19":0,"20":0,"21":0,"22":1,"23":1,"24":2,"25":1,"26":1,"27":6,"28":1,"29":1,"30":4,"31":4,"32":4,"33":4,"34":4,"35":2,"36":2,"37":2,"38":2,"39":2,"40":2,"41":2,"42":2,"43":2,"44":2,"45":4,"46":4,"47":4,"48":4,"49":2,"50":2,"51":2,"52":2,"53":4,"54":4,"55":4,"56":4,"57":2,"58":2,"59":2,"60":12,"61":12,"62":12,"63":4,"64":4,"65":2,"66":2,"67":3,"68":3},"f":{"0":22,"1":2,"2":0,"3":1,"4":2,"5":1,"6":6,"7":1,"8":4,"9":2,"10":4,"11":12},"b":{"0":[0],"1":[0],"2":[2,2],"3":[4],"4":[4,4],"5":[4]}}
,"C:\\Users\\andre\\StudioProjects\\sharebook\\app\\servidor\\src\\application\\services\\supabase.service.ts": {"path":"C:\\Users\\andre\\StudioProjects\\sharebook\\app\\servidor\\src\\application\\services\\supabase.service.ts","statementMap":{"0":{"start":{"line":1,"column":0},"end":{"line":1,"column":74}},"1":{"start":{"line":2,"column":0},"end":{"line":2,"column":69}},"2":{"start":{"line":6,"column":7},"end":{"line":57,"column":null}},"3":{"start":{"line":10,"column":4},"end":{"line":13,"column":6}},"4":{"start":{"line":17,"column":22},"end":{"line":22,"column":8}},"5":{"start":{"line":24,"column":4},"end":{"line":27,"column":8}},"6":{"start":{"line":25,"column":6},"end":{"line":27,"column":8}},"7":{"start":{"line":31,"column":28},"end":{"line":33,"column":25}},"8":{"start":{"line":35,"column":4},"end":{"line":35,"column":78}},"9":{"start":{"line":35,"column":15},"end":{"line":35,"column":78}},"10":{"start":{"line":37,"column":4},"end":{"line":37,"column":16}},"11":{"start":{"line":41,"column":22},"end":{"line":43,"column":25}},"12":{"start":{"line":45,"column":4},"end":{"line":45,"column":77}},"13":{"start":{"line":45,"column":15},"end":{"line":45,"column":77}},"14":{"start":{"line":49,"column":28},"end":{"line":51,"column":37}},"15":{"start":{"line":53,"column":4},"end":{"line":53,"column":78}},"16":{"start":{"line":53,"column":15},"end":{"line":53,"column":78}},"17":{"start":{"line":55,"column":4},"end":{"line":55,"column":26}},"18":{"start":{"line":6,"column":13},"end":{"line":57,"column":null}},"19":{"start":{"line":6,"column":13},"end":{"line":6,"column":28}}},"fnMap":{"0":{"name":"(anonymous_2)","decl":{"start":{"line":9,"column":2},"end":{"line":9,"column":null}},"loc":{"start":{"line":9,"column":2},"end":{"line":14,"column":3}}},"1":{"name":"(anonymous_3)","decl":{"start":{"line":16,"column":2},"end":{"line":16,"column":7}},"loc":{"start":{"line":16,"column":65},"end":{"line":28,"column":3}}},"2":{"name":"(anonymous_4)","decl":{"start":{"line":30,"column":2},"end":{"line":30,"column":7}},"loc":{"start":{"line":30,"column":52},"end":{"line":38,"column":3}}},"3":{"name":"(anonymous_5)","decl":{"start":{"line":40,"column":2},"end":{"line":40,"column":7}},"loc":{"start":{"line":40,"column":51},"end":{"line":46,"column":3}}},"4":{"name":"(anonymous_6)","decl":{"start":{"line":48,"column":2},"end":{"line":48,"column":7}},"loc":{"start":{"line":48,"column":55},"end":{"line":56,"column":3}}}},"branchMap":{"0":{"loc":{"start":{"line":24,"column":4},"end":{"line":27,"column":8}},"type":"if","locations":[{"start":{"line":24,"column":4},"end":{"line":27,"column":8}}]},"1":{"loc":{"start":{"line":35,"column":4},"end":{"line":35,"column":78}},"type":"if","locations":[{"start":{"line":35,"column":4},"end":{"line":35,"column":78}}]},"2":{"loc":{"start":{"line":45,"column":4},"end":{"line":45,"column":77}},"type":"if","locations":[{"start":{"line":45,"column":4},"end":{"line":45,"column":77}}]},"3":{"loc":{"start":{"line":53,"column":4},"end":{"line":53,"column":78}},"type":"if","locations":[{"start":{"line":53,"column":4},"end":{"line":53,"column":78}}]}},"s":{"0":4,"1":4,"2":4,"3":29,"4":1,"5":1,"6":0,"7":2,"8":2,"9":1,"10":1,"11":1,"12":1,"13":0,"14":51,"15":51,"16":1,"17":50,"18":4,"19":4},"f":{"0":29,"1":1,"2":2,"3":1,"4":51},"b":{"0":[0],"1":[1],"2":[0],"3":[1]}}
,"C:\\Users\\andre\\StudioProjects\\sharebook\\app\\servidor\\src\\application\\services\\user-gender.service.ts": {"path":"C:\\Users\\andre\\StudioProjects\\sharebook\\app\\servidor\\src\\application\\services\\user-gender.service.ts","statementMap":{"0":{"start":{"line":1,"column":0},"end":{"line":1,"column":44}},"1":{"start":{"line":2,"column":0},"end":{"line":2,"column":98}},"2":{"start":{"line":5,"column":7},"end":{"line":21,"column":null}},"3":{"start":{"line":6,"column":22},"end":{"line":6,"column":44}},"4":{"start":{"line":9,"column":4},"end":{"line":9,"column":54}},"5":{"start":{"line":13,"column":24},"end":{"line":13,"column":44}},"6":{"start":{"line":15,"column":20},"end":{"line":17,"column":48}},"7":{"start":{"line":16,"column":30},"end":{"line":16,"column":66}},"8":{"start":{"line":17,"column":27},"end":{"line":17,"column":47}},"9":{"start":{"line":19,"column":4},"end":{"line":19,"column":19}},"10":{"start":{"line":5,"column":13},"end":{"line":21,"column":null}},"11":{"start":{"line":5,"column":13},"end":{"line":5,"column":31}}},"fnMap":{"0":{"name":"(anonymous_2)","decl":{"start":{"line":6,"column":2},"end":{"line":6,"column":22}},"loc":{"start":{"line":6,"column":65},"end":{"line":6,"column":69}}},"1":{"name":"(anonymous_3)","decl":{"start":{"line":8,"column":2},"end":{"line":8,"column":7}},"loc":{"start":{"line":8,"column":15},"end":{"line":10,"column":3}}},"2":{"name":"(anonymous_4)","decl":{"start":{"line":12,"column":2},"end":{"line":12,"column":7}},"loc":{"start":{"line":12,"column":42},"end":{"line":20,"column":3}}},"3":{"name":"(anonymous_5)","decl":{"start":{"line":16,"column":14},"end":{"line":16,"column":15}},"loc":{"start":{"line":16,"column":30},"end":{"line":16,"column":66}}},"4":{"name":"(anonymous_6)","decl":{"start":{"line":17,"column":11},"end":{"line":17,"column":12}},"loc":{"start":{"line":17,"column":27},"end":{"line":17,"column":47}}}},"branchMap":{},"s":{"0":1,"1":1,"2":1,"3":12,"4":6,"5":6,"6":6,"7":24,"8":12,"9":6,"10":1,"11":1},"f":{"0":12,"1":6,"2":6,"3":24,"4":12},"b":{}}
,"C:\\Users\\andre\\StudioProjects\\sharebook\\app\\servidor\\src\\application\\services\\user.service.ts": {"path":"C:\\Users\\andre\\StudioProjects\\sharebook\\app\\servidor\\src\\application\\services\\user.service.ts","statementMap":{"0":{"start":{"line":1,"column":0},"end":{"line":1,"column":null}},"1":{"start":{"line":6,"column":0},"end":{"line":6,"column":84}},"2":{"start":{"line":8,"column":0},"end":{"line":8,"column":41}},"3":{"start":{"line":11,"column":7},"end":{"line":58,"column":null}},"4":{"start":{"line":13,"column":12},"end":{"line":13,"column":28}},"5":{"start":{"line":14,"column":12},"end":{"line":14,"column":24}},"6":{"start":{"line":18,"column":22},"end":{"line":18,"column":71}},"7":{"start":{"line":19,"column":4},"end":{"line":19,"column":49}},"8":{"start":{"line":19,"column":19},"end":{"line":19,"column":49}},"9":{"start":{"line":20,"column":28},"end":{"line":20,"column":66}},"10":{"start":{"line":22,"column":20},"end":{"line":28,"column":6}},"11":{"start":{"line":30,"column":24},"end":{"line":31,"column":null}},"12":{"start":{"line":35,"column":4},"end":{"line":35,"column":26}},"13":{"start":{"line":39,"column":4},"end":{"line":39,"column":47}},"14":{"start":{"line":43,"column":17},"end":{"line":43,"column":55}},"15":{"start":{"line":44,"column":4},"end":{"line":48,"column":null}},"16":{"start":{"line":45,"column":25},"end":{"line":45,"column":68}},"17":{"start":{"line":47,"column":6},"end":{"line":47,"column":24}},"18":{"start":{"line":50,"column":4},"end":{"line":50,"column":34}},"19":{"start":{"line":54,"column":17},"end":{"line":54,"column":61}},"20":{"start":{"line":55,"column":4},"end":{"line":55,"column":26}},"21":{"start":{"line":55,"column":14},"end":{"line":55,"column":26}},"22":{"start":{"line":56,"column":4},"end":{"line":56,"column":34}},"23":{"start":{"line":11,"column":13},"end":{"line":58,"column":null}},"24":{"start":{"line":11,"column":13},"end":{"line":11,"column":24}}},"fnMap":{"0":{"name":"(anonymous_2)","decl":{"start":{"line":12,"column":2},"end":{"line":12,"column":null}},"loc":{"start":{"line":14,"column":34},"end":{"line":15,"column":6}}},"1":{"name":"(anonymous_3)","decl":{"start":{"line":17,"column":2},"end":{"line":17,"column":7}},"loc":{"start":{"line":17,"column":25},"end":{"line":36,"column":3}}},"2":{"name":"(anonymous_4)","decl":{"start":{"line":38,"column":2},"end":{"line":38,"column":7}},"loc":{"start":{"line":38,"column":15},"end":{"line":40,"column":3}}},"3":{"name":"(anonymous_5)","decl":{"start":{"line":42,"column":2},"end":{"line":42,"column":7}},"loc":{"start":{"line":42,"column":30},"end":{"line":51,"column":3}}},"4":{"name":"(anonymous_6)","decl":{"start":{"line":53,"column":2},"end":{"line":53,"column":7}},"loc":{"start":{"line":53,"column":36},"end":{"line":57,"column":3}}}},"branchMap":{"0":{"loc":{"start":{"line":19,"column":4},"end":{"line":19,"column":49}},"type":"if","locations":[{"start":{"line":19,"column":4},"end":{"line":19,"column":49}}]},"1":{"loc":{"start":{"line":44,"column":4},"end":{"line":48,"column":null}},"type":"if","locations":[{"start":{"line":44,"column":4},"end":{"line":48,"column":null}}]},"2":{"loc":{"start":{"line":55,"column":4},"end":{"line":55,"column":26}},"type":"if","locations":[{"start":{"line":55,"column":4},"end":{"line":55,"column":26}}]}},"s":{"0":2,"1":2,"2":2,"3":2,"4":7,"5":7,"6":2,"7":2,"8":1,"9":1,"10":1,"11":1,"12":1,"13":0,"14":0,"15":0,"16":0,"17":0,"18":0,"19":2,"20":2,"21":1,"22":1,"23":2,"24":2},"f":{"0":7,"1":2,"2":0,"3":0,"4":2},"b":{"0":[1],"1":[0],"2":[1]}}
,"C:\\Users\\andre\\StudioProjects\\sharebook\\app\\servidor\\src\\interfaces\\controllers\\alert.controller.ts": {"path":"C:\\Users\\andre\\StudioProjects\\sharebook\\app\\servidor\\src\\interfaces\\controllers\\alert.controller.ts","statementMap":{"0":{"start":{"line":1,"column":0},"end":{"line":1,"column":56}},"1":{"start":{"line":2,"column":0},"end":{"line":2,"column":72}},"2":{"start":{"line":3,"column":0},"end":{"line":3,"column":59}},"3":{"start":{"line":6,"column":7},"end":{"line":13,"column":null}},"4":{"start":{"line":7,"column":34},"end":{"line":7,"column":48}},"5":{"start":{"line":11,"column":8},"end":{"line":11,"column":134}},"6":{"start":{"line":10,"column":10},"end":{"line":12,"column":null}},"7":{"start":{"line":6,"column":13},"end":{"line":13,"column":null}},"8":{"start":{"line":6,"column":13},"end":{"line":6,"column":28}}},"fnMap":{"0":{"name":"(anonymous_4)","decl":{"start":{"line":7,"column":4},"end":{"line":7,"column":34}},"loc":{"start":{"line":7,"column":60},"end":{"line":7,"column":63}}},"1":{"name":"(anonymous_5)","decl":{"start":{"line":10,"column":4},"end":{"line":10,"column":9}},"loc":{"start":{"line":10,"column":37},"end":{"line":12,"column":5}}}},"branchMap":{},"s":{"0":0,"1":0,"2":0,"3":0,"4":0,"5":0,"6":0,"7":0,"8":0},"f":{"0":0,"1":0},"b":{}}
,"C:\\Users\\andre\\StudioProjects\\sharebook\\app\\servidor\\src\\interfaces\\controllers\\app.controller.ts": {"path":"C:\\Users\\andre\\StudioProjects\\sharebook\\app\\servidor\\src\\interfaces\\controllers\\app.controller.ts","statementMap":{"0":{"start":{"line":1,"column":0},"end":{"line":1,"column":49}},"1":{"start":{"line":2,"column":0},"end":{"line":2,"column":68}},"2":{"start":{"line":3,"column":0},"end":{"line":3,"column":61}},"3":{"start":{"line":6,"column":7},"end":{"line":14,"column":null}},"4":{"start":{"line":7,"column":31},"end":{"line":7,"column":43}},"5":{"start":{"line":12,"column":4},"end":{"line":12,"column":38}},"6":{"start":{"line":9,"column":2},"end":{"line":13,"column":null}},"7":{"start":{"line":6,"column":13},"end":{"line":14,"column":null}},"8":{"start":{"line":6,"column":13},"end":{"line":6,"column":26}}},"fnMap":{"0":{"name":"(anonymous_2)","decl":{"start":{"line":7,"column":2},"end":{"line":7,"column":31}},"loc":{"start":{"line":7,"column":53},"end":{"line":7,"column":57}}},"1":{"name":"(anonymous_3)","decl":{"start":{"line":11,"column":2},"end":{"line":11,"column":10}},"loc":{"start":{"line":11,"column":10},"end":{"line":13,"column":3}}}},"branchMap":{},"s":{"0":1,"1":1,"2":1,"3":1,"4":1,"5":1,"6":1,"7":1,"8":1},"f":{"0":1,"1":1},"b":{}}
,"C:\\Users\\andre\\StudioProjects\\sharebook\\app\\servidor\\src\\interfaces\\controllers\\auth.controller.ts": {"path":"C:\\Users\\andre\\StudioProjects\\sharebook\\app\\servidor\\src\\interfaces\\controllers\\auth.controller.ts","statementMap":{"0":{"start":{"line":1,"column":0},"end":{"line":1,"column":92}},"1":{"start":{"line":3,"column":0},"end":{"line":3,"column":70}},"2":{"start":{"line":5,"column":0},"end":{"line":5,"column":61}},"3":{"start":{"line":6,"column":0},"end":{"line":6,"column":60}},"4":{"start":{"line":9,"column":7},"end":{"line":19,"column":null}},"5":{"start":{"line":10,"column":31},"end":{"line":10,"column":44}},"6":{"start":{"line":17,"column":4},"end":{"line":17,"column":44}},"7":{"start":{"line":12,"column":2},"end":{"line":18,"column":null}},"8":{"start":{"line":9,"column":13},"end":{"line":19,"column":null}},"9":{"start":{"line":9,"column":13},"end":{"line":9,"column":27}}},"fnMap":{"0":{"name":"(anonymous_4)","decl":{"start":{"line":10,"column":2},"end":{"line":10,"column":31}},"loc":{"start":{"line":10,"column":55},"end":{"line":10,"column":59}}},"1":{"name":"(anonymous_5)","decl":{"start":{"line":16,"column":2},"end":{"line":16,"column":7}},"loc":{"start":{"line":16,"column":35},"end":{"line":18,"column":3}}}},"branchMap":{},"s":{"0":0,"1":0,"2":0,"3":0,"4":0,"5":0,"6":0,"7":0,"8":0,"9":0},"f":{"0":0,"1":0},"b":{}}
,"C:\\Users\\andre\\StudioProjects\\sharebook\\app\\servidor\\src\\interfaces\\controllers\\book.controller.ts": {"path":"C:\\Users\\andre\\StudioProjects\\sharebook\\app\\servidor\\src\\interfaces\\controllers\\book.controller.ts","statementMap":{"0":{"start":{"line":1,"column":0},"end":{"line":1,"column":null}},"1":{"start":{"line":13,"column":0},"end":{"line":13,"column":70}},"2":{"start":{"line":14,"column":0},"end":{"line":14,"column":52}},"3":{"start":{"line":15,"column":0},"end":{"line":15,"column":57}},"4":{"start":{"line":19,"column":7},"end":{"line":103,"column":null}},"5":{"start":{"line":20,"column":22},"end":{"line":20,"column":35}},"6":{"start":{"line":24,"column":4},"end":{"line":24,"column":55}},"7":{"start":{"line":29,"column":4},"end":{"line":29,"column":59}},"8":{"start":{"line":38,"column":4},"end":{"line":38,"column":58}},"9":{"start":{"line":65,"column":4},"end":{"line":65,"column":41}},"10":{"start":{"line":92,"column":4},"end":{"line":92,"column":41}},"11":{"start":{"line":101,"column":4},"end":{"line":101,"column":39}},"12":{"start":{"line":23,"column":8},"end":{"line":25,"column":null}},"13":{"start":{"line":28,"column":8},"end":{"line":30,"column":null}},"14":{"start":{"line":37,"column":8},"end":{"line":39,"column":null}},"15":{"start":{"line":64,"column":8},"end":{"line":66,"column":null}},"16":{"start":{"line":91,"column":8},"end":{"line":93,"column":null}},"17":{"start":{"line":95,"column":2},"end":{"line":102,"column":null}},"18":{"start":{"line":19,"column":13},"end":{"line":103,"column":null}},"19":{"start":{"line":19,"column":13},"end":{"line":19,"column":26}}},"fnMap":{"0":{"name":"(anonymous_4)","decl":{"start":{"line":20,"column":2},"end":{"line":20,"column":22}},"loc":{"start":{"line":20,"column":46},"end":{"line":20,"column":50}}},"1":{"name":"(anonymous_5)","decl":{"start":{"line":23,"column":2},"end":{"line":23,"column":7}},"loc":{"start":{"line":23,"column":27},"end":{"line":25,"column":3}}},"2":{"name":"(anonymous_6)","decl":{"start":{"line":28,"column":2},"end":{"line":28,"column":7}},"loc":{"start":{"line":28,"column":30},"end":{"line":30,"column":3}}},"3":{"name":"(anonymous_7)","decl":{"start":{"line":37,"column":2},"end":{"line":37,"column":7}},"loc":{"start":{"line":37,"column":61},"end":{"line":39,"column":3}}},"4":{"name":"(anonymous_8)","decl":{"start":{"line":64,"column":2},"end":{"line":64,"column":7}},"loc":{"start":{"line":64,"column":82},"end":{"line":66,"column":3}}},"5":{"name":"(anonymous_9)","decl":{"start":{"line":91,"column":2},"end":{"line":91,"column":7}},"loc":{"start":{"line":91,"column":33},"end":{"line":93,"column":3}}},"6":{"name":"(anonymous_10)","decl":{"start":{"line":100,"column":2},"end":{"line":100,"column":8}},"loc":{"start":{"line":100,"column":32},"end":{"line":102,"column":3}}}},"branchMap":{},"s":{"0":0,"1":0,"2":0,"3":0,"4":0,"5":0,"6":0,"7":0,"8":0,"9":0,"10":0,"11":0,"12":0,"13":0,"14":0,"15":0,"16":0,"17":0,"18":0,"19":0},"f":{"0":0,"1":0,"2":0,"3":0,"4":0,"5":0,"6":0},"b":{}}
,"C:\\Users\\andre\\StudioProjects\\sharebook\\app\\servidor\\src\\interfaces\\controllers\\gender.controller.ts": {"path":"C:\\Users\\andre\\StudioProjects\\sharebook\\app\\servidor\\src\\interfaces\\controllers\\gender.controller.ts","statementMap":{"0":{"start":{"line":1,"column":0},"end":{"line":1,"column":56}},"1":{"start":{"line":2,"column":0},"end":{"line":2,"column":81}},"2":{"start":{"line":5,"column":7},"end":{"line":17,"column":null}},"3":{"start":{"line":6,"column":22},"end":{"line":6,"column":37}},"4":{"start":{"line":10,"column":4},"end":{"line":10,"column":42}},"5":{"start":{"line":15,"column":4},"end":{"line":15,"column":41}},"6":{"start":{"line":9,"column":8},"end":{"line":11,"column":null}},"7":{"start":{"line":14,"column":8},"end":{"line":16,"column":null}},"8":{"start":{"line":5,"column":13},"end":{"line":17,"column":null}},"9":{"start":{"line":5,"column":13},"end":{"line":5,"column":29}}},"fnMap":{"0":{"name":"(anonymous_4)","decl":{"start":{"line":6,"column":2},"end":{"line":6,"column":22}},"loc":{"start":{"line":6,"column":50},"end":{"line":6,"column":54}}},"1":{"name":"(anonymous_5)","decl":{"start":{"line":9,"column":2},"end":{"line":9,"column":7}},"loc":{"start":{"line":9,"column":39},"end":{"line":11,"column":3}}},"2":{"name":"(anonymous_6)","decl":{"start":{"line":14,"column":2},"end":{"line":14,"column":7}},"loc":{"start":{"line":14,"column":16},"end":{"line":16,"column":3}}}},"branchMap":{},"s":{"0":1,"1":1,"2":1,"3":3,"4":0,"5":0,"6":1,"7":1,"8":1,"9":1},"f":{"0":3,"1":0,"2":0},"b":{}}
,"C:\\Users\\andre\\StudioProjects\\sharebook\\app\\servidor\\src\\interfaces\\controllers\\rescue.controller.ts": {"path":"C:\\Users\\andre\\StudioProjects\\sharebook\\app\\servidor\\src\\interfaces\\controllers\\rescue.controller.ts","statementMap":{"0":{"start":{"line":1,"column":0},"end":{"line":1,"column":78}},"1":{"start":{"line":2,"column":0},"end":{"line":2,"column":42}},"2":{"start":{"line":3,"column":0},"end":{"line":3,"column":74}},"3":{"start":{"line":4,"column":0},"end":{"line":4,"column":61}},"4":{"start":{"line":7,"column":7},"end":{"line":58,"column":null}},"5":{"start":{"line":8,"column":31},"end":{"line":8,"column":46}},"6":{"start":{"line":24,"column":4},"end":{"line":24,"column":45}},"7":{"start":{"line":41,"column":4},"end":{"line":41,"column":45}},"8":{"start":{"line":51,"column":4},"end":{"line":51,"column":59}},"9":{"start":{"line":56,"column":4},"end":{"line":56,"column":62}},"10":{"start":{"line":23,"column":8},"end":{"line":25,"column":null}},"11":{"start":{"line":40,"column":8},"end":{"line":42,"column":null}},"12":{"start":{"line":50,"column":8},"end":{"line":52,"column":null}},"13":{"start":{"line":55,"column":8},"end":{"line":57,"column":null}},"14":{"start":{"line":7,"column":13},"end":{"line":58,"column":null}},"15":{"start":{"line":7,"column":13},"end":{"line":7,"column":29}}},"fnMap":{"0":{"name":"(anonymous_4)","decl":{"start":{"line":8,"column":2},"end":{"line":8,"column":31}},"loc":{"start":{"line":8,"column":59},"end":{"line":8,"column":63}}},"1":{"name":"(anonymous_5)","decl":{"start":{"line":23,"column":2},"end":{"line":23,"column":7}},"loc":{"start":{"line":23,"column":37},"end":{"line":25,"column":3}}},"2":{"name":"(anonymous_6)","decl":{"start":{"line":40,"column":2},"end":{"line":40,"column":7}},"loc":{"start":{"line":40,"column":37},"end":{"line":42,"column":3}}},"3":{"name":"(anonymous_7)","decl":{"start":{"line":50,"column":2},"end":{"line":50,"column":7}},"loc":{"start":{"line":50,"column":56},"end":{"line":52,"column":3}}},"4":{"name":"(anonymous_8)","decl":{"start":{"line":55,"column":2},"end":{"line":55,"column":7}},"loc":{"start":{"line":55,"column":58},"end":{"line":57,"column":3}}}},"branchMap":{},"s":{"0":1,"1":1,"2":1,"3":1,"4":1,"5":5,"6":1,"7":0,"8":1,"9":2,"10":1,"11":1,"12":1,"13":1,"14":1,"15":1},"f":{"0":5,"1":1,"2":0,"3":1,"4":2},"b":{}}
,"C:\\Users\\andre\\StudioProjects\\sharebook\\app\\servidor\\src\\interfaces\\controllers\\user.controller.ts": {"path":"C:\\Users\\andre\\StudioProjects\\sharebook\\app\\servidor\\src\\interfaces\\controllers\\user.controller.ts","statementMap":{"0":{"start":{"line":1,"column":0},"end":{"line":1,"column":null}},"1":{"start":{"line":11,"column":0},"end":{"line":11,"column":70}},"2":{"start":{"line":12,"column":0},"end":{"line":12,"column":57}},"3":{"start":{"line":13,"column":0},"end":{"line":13,"column":61}},"4":{"start":{"line":15,"column":0},"end":{"line":15,"column":70}},"5":{"start":{"line":18,"column":7},"end":{"line":67,"column":null}},"6":{"start":{"line":20,"column":21},"end":{"line":20,"column":34}},"7":{"start":{"line":21,"column":21},"end":{"line":21,"column":34}},"8":{"start":{"line":28,"column":4},"end":{"line":28,"column":40}},"9":{"start":{"line":29,"column":4},"end":{"line":29,"column":18}},"10":{"start":{"line":39,"column":24},"end":{"line":39,"column":73}},"11":{"start":{"line":40,"column":19},"end":{"line":40,"column":60}},"12":{"start":{"line":41,"column":14},"end":{"line":44,"column":null}},"13":{"start":{"line":46,"column":4},"end":{"line":46,"column":16}},"14":{"start":{"line":56,"column":4},"end":{"line":56,"column":38}},"15":{"start":{"line":61,"column":27},"end":{"line":61,"column":65}},"16":{"start":{"line":62,"column":4},"end":{"line":64,"column":null}},"17":{"start":{"line":26,"column":8},"end":{"line":34,"column":null}},"18":{"start":{"line":38,"column":8},"end":{"line":52,"column":null}},"19":{"start":{"line":54,"column":2},"end":{"line":57,"column":null}},"20":{"start":{"line":60,"column":8},"end":{"line":66,"column":null}},"21":{"start":{"line":18,"column":13},"end":{"line":67,"column":null}},"22":{"start":{"line":18,"column":13},"end":{"line":18,"column":27}}},"fnMap":{"0":{"name":"(anonymous_4)","decl":{"start":{"line":19,"column":2},"end":{"line":19,"column":null}},"loc":{"start":{"line":21,"column":45},"end":{"line":22,"column":6}}},"1":{"name":"(anonymous_5)","decl":{"start":{"line":26,"column":2},"end":{"line":26,"column":7}},"loc":{"start":{"line":26,"column":61},"end":{"line":34,"column":3}}},"2":{"name":"(anonymous_6)","decl":{"start":{"line":38,"column":2},"end":{"line":38,"column":7}},"loc":{"start":{"line":38,"column":43},"end":{"line":52,"column":3}}},"3":{"name":"(anonymous_7)","decl":{"start":{"line":55,"column":2},"end":{"line":55,"column":9}},"loc":{"start":{"line":55,"column":9},"end":{"line":57,"column":3}}},"4":{"name":"(anonymous_8)","decl":{"start":{"line":60,"column":2},"end":{"line":60,"column":7}},"loc":{"start":{"line":60,"column":43},"end":{"line":66,"column":3}}}},"branchMap":{},"s":{"0":0,"1":0,"2":0,"3":0,"4":0,"5":0,"6":0,"7":0,"8":0,"9":0,"10":0,"11":0,"12":0,"13":0,"14":0,"15":0,"16":0,"17":0,"18":0,"19":0,"20":0,"21":0,"22":0},"f":{"0":0,"1":0,"2":0,"3":0,"4":0},"b":{}}
,"C:\\Users\\andre\\StudioProjects\\sharebook\\app\\servidor\\src\\interfaces\\decorators\\is-public.decorator.ts": {"path":"C:\\Users\\andre\\StudioProjects\\sharebook\\app\\servidor\\src\\interfaces\\decorators\\is-public.decorator.ts","statementMap":{"0":{"start":{"line":1,"column":0},"end":{"line":1,"column":45}},"1":{"start":{"line":3,"column":13},"end":{"line":3,"column":40}},"2":{"start":{"line":4,"column":24},"end":{"line":4,"column":62}},"3":{"start":{"line":4,"column":30},"end":{"line":4,"column":62}},"4":{"start":{"line":4,"column":13},"end":{"line":4,"column":24}}},"fnMap":{"0":{"name":"(anonymous_0)","decl":{"start":{"line":4,"column":24},"end":{"line":4,"column":27}},"loc":{"start":{"line":4,"column":30},"end":{"line":4,"column":62}}}},"branchMap":{},"s":{"0":1,"1":1,"2":1,"3":1,"4":1},"f":{"0":1},"b":{}}
}
