TN:
SF:src\application\modules\alert.module.ts
FNF:0
FNH:0
DA:1,0
DA:2,0
DA:3,0
DA:4,0
DA:5,0
DA:13,0
LF:6
LH:0
BRF:0
BRH:0
end_of_record
TN:
SF:src\application\modules\app.module.ts
FN:25,(anonymous_1)
FNF:1
FNH:0
FNDA:0,(anonymous_1)
DA:1,0
DA:7,0
DA:8,0
DA:9,0
DA:10,0
DA:11,0
DA:12,0
DA:13,0
DA:14,0
DA:15,0
DA:16,0
DA:17,0
DA:24,0
DA:26,0
LF:14
LH:0
BRF:0
BRH:0
end_of_record
TN:
SF:src\application\modules\auth.module.ts
FN:20,(anonymous_1)
FNF:1
FNH:0
FNDA:0,(anonymous_1)
DA:1,0
DA:2,0
DA:4,0
DA:5,0
DA:6,0
DA:7,0
DA:8,0
DA:9,0
DA:19,0
DA:21,0
LF:10
LH:0
BRF:0
BRH:0
end_of_record
TN:
SF:src\application\modules\book-gender.module.ts
FNF:0
FNH:0
DA:1,0
DA:3,0
DA:4,0
DA:5,0
DA:7,0
DA:8,0
DA:20,0
LF:7
LH:0
BRF:0
BRH:0
end_of_record
TN:
SF:src\application\modules\book.module.ts
FNF:0
FNH:0
DA:1,0
DA:2,0
DA:3,0
DA:4,0
DA:5,0
DA:6,0
DA:7,0
DA:8,0
DA:9,0
DA:10,0
DA:11,0
DA:12,0
DA:13,0
DA:14,0
DA:15,0
DA:16,0
DA:17,0
DA:18,0
DA:41,0
LF:19
LH:0
BRF:0
BRH:0
end_of_record
TN:
SF:src\application\modules\gender.module.ts
FNF:0
FNH:0
DA:1,0
DA:2,0
DA:3,0
DA:9,0
LF:4
LH:0
BRF:0
BRH:0
end_of_record
TN:
SF:src\application\modules\rescue.module.ts
FNF:0
FNH:0
DA:1,0
DA:2,0
DA:3,0
DA:4,0
DA:5,0
DA:6,0
DA:7,0
DA:8,0
DA:9,0
DA:10,0
DA:11,0
DA:12,0
DA:13,0
DA:31,0
LF:14
LH:0
BRF:0
BRH:0
end_of_record
TN:
SF:src\application\modules\user.module.ts
FNF:0
FNH:0
DA:1,0
DA:2,0
DA:3,0
DA:4,0
DA:5,0
DA:6,0
DA:7,0
DA:8,0
DA:22,0
LF:9
LH:0
BRF:0
BRH:0
end_of_record
TN:
SF:src\application\services\alert.service.ts
FN:7,(anonymous_2)
FN:11,(anonymous_3)
FNF:2
FNH:1
FNDA:1,(anonymous_2)
FNDA:0,(anonymous_3)
DA:1,1
DA:3,1
DA:6,1
DA:8,1
DA:12,0
DA:14,0
DA:15,0
DA:18,0
DA:25,0
LF:9
LH:4
BRDA:14,0,0,0
BRDA:21,1,0,0
BRDA:21,1,1,0
BRDA:22,2,0,0
BRDA:22,2,1,0
BRF:5
BRH:0
end_of_record
TN:
SF:src\application\services\app.service.ts
FN:5,(anonymous_1)
FNF:1
FNH:1
FNDA:1,(anonymous_1)
DA:1,1
DA:4,1
DA:6,1
LF:3
LH:3
BRF:0
BRH:0
end_of_record
TN:
SF:src\application\services\auth.service.ts
FN:11,(anonymous_2)
FN:16,(anonymous_3)
FN:33,(anonymous_4)
FNF:3
FNH:3
FNDA:4,(anonymous_2)
FNDA:2,(anonymous_3)
FNDA:1,(anonymous_4)
DA:1,1
DA:2,1
DA:3,1
DA:5,1
DA:10,1
DA:12,4
DA:13,4
DA:17,2
DA:19,1
DA:20,1
DA:23,1
DA:24,1
DA:30,0
DA:34,1
DA:42,1
DA:43,1
DA:51,1
LF:17
LH:16
BRDA:19,0,0,1
BRDA:23,1,0,1
BRF:2
BRH:2
end_of_record
TN:
SF:src\application\services\book-gender.service.ts
FN:7,(anonymous_2)
FN:12,(anonymous_3)
FN:16,(anonymous_4)
FN:20,(anonymous_5)
FN:21,(anonymous_6)
FN:26,(anonymous_7)
FN:29,(anonymous_8)
FNF:7
FNH:7
FNDA:3,(anonymous_2)
FNDA:2,(anonymous_3)
FNDA:2,(anonymous_4)
FNDA:12,(anonymous_5)
FNDA:2,(anonymous_6)
FNDA:2,(anonymous_7)
FNDA:2,(anonymous_8)
DA:1,1
DA:2,1
DA:3,1
DA:6,1
DA:8,3
DA:9,3
DA:13,2
DA:17,2
DA:19,2
DA:20,12
DA:21,2
DA:23,2
DA:27,2
DA:28,2
DA:30,2
DA:31,2
DA:35,2
LF:17
LH:17
BRF:0
BRH:0
end_of_record
TN:
SF:src\application\services\book-state.service.ts
FN:6,(anonymous_2)
FN:8,(anonymous_3)
FN:12,(anonymous_4)
FNF:3
FNH:0
FNDA:0,(anonymous_2)
FNDA:0,(anonymous_3)
FNDA:0,(anonymous_4)
DA:1,0
DA:2,0
DA:5,0
DA:6,0
DA:9,0
DA:13,0
LF:6
LH:0
BRF:0
BRH:0
end_of_record
TN:
SF:src\application\services\book.service.ts
FN:16,(anonymous_2)
FN:27,(anonymous_3)
FN:31,(anonymous_4)
FN:35,(anonymous_5)
FN:39,(anonymous_6)
FN:42,(anonymous_7)
FN:58,(anonymous_8)
FN:59,(anonymous_9)
FN:88,(anonymous_10)
FN:93,(anonymous_11)
FN:95,(anonymous_12)
FN:108,(anonymous_13)
FN:113,(anonymous_14)
FN:127,(anonymous_15)
FN:132,(anonymous_16)
FN:133,(anonymous_17)
FN:149,(anonymous_18)
FN:155,(anonymous_19)
FN:156,(anonymous_20)
FN:180,(anonymous_21)
FN:190,(anonymous_22)
FNF:21
FNH:0
FNDA:0,(anonymous_2)
FNDA:0,(anonymous_3)
FNDA:0,(anonymous_4)
FNDA:0,(anonymous_5)
FNDA:0,(anonymous_6)
FNDA:0,(anonymous_7)
FNDA:0,(anonymous_8)
FNDA:0,(anonymous_9)
FNDA:0,(anonymous_10)
FNDA:0,(anonymous_11)
FNDA:0,(anonymous_12)
FNDA:0,(anonymous_13)
FNDA:0,(anonymous_14)
FNDA:0,(anonymous_15)
FNDA:0,(anonymous_16)
FNDA:0,(anonymous_17)
FNDA:0,(anonymous_18)
FNDA:0,(anonymous_19)
FNDA:0,(anonymous_20)
FNDA:0,(anonymous_21)
FNDA:0,(anonymous_22)
DA:2,0
DA:3,0
DA:4,0
DA:5,0
DA:6,0
DA:7,0
DA:8,0
DA:9,0
DA:11,0
DA:15,0
DA:17,0
DA:18,0
DA:19,0
DA:20,0
DA:21,0
DA:22,0
DA:23,0
DA:24,0
DA:28,0
DA:32,0
DA:36,0
DA:37,0
DA:39,0
DA:43,0
DA:44,0
DA:46,0
DA:53,0
DA:55,0
DA:56,0
DA:58,0
DA:60,0
DA:65,0
DA:89,0
DA:90,0
DA:92,0
DA:93,0
DA:95,0
DA:104,0
DA:108,0
DA:114,0
DA:117,0
DA:118,0
DA:124,0
DA:128,0
DA:130,0
DA:132,0
DA:133,0
DA:146,0
DA:150,0
DA:151,0
DA:152,0
DA:153,0
DA:154,0
DA:155,0
DA:157,0
DA:158,0
DA:165,0
DA:166,0
DA:172,0
DA:173,0
DA:181,0
DA:182,0
DA:184,0
DA:191,0
DA:193,0
DA:194,0
LF:66
LH:0
BRDA:55,0,0,0
BRDA:55,1,0,0
BRDA:55,1,1,0
BRDA:153,2,0,0
BRDA:153,2,1,0
BRDA:193,3,0,0
BRF:6
BRH:0
end_of_record
TN:
SF:src\application\services\gender.service.ts
FN:6,(anonymous_2)
FN:8,(anonymous_3)
FN:12,(anonymous_4)
FNF:3
FNH:3
FNDA:6,(anonymous_2)
FNDA:3,(anonymous_3)
FNDA:1,(anonymous_4)
DA:1,2
DA:2,2
DA:5,2
DA:6,6
DA:9,3
DA:13,1
LF:6
LH:6
BRF:0
BRH:0
end_of_record
TN:
SF:src\application\services\ibge-finder.service.ts
FN:6,(anonymous_1)
FN:11,(anonymous_2)
FNF:2
FNH:2
FNDA:1,(anonymous_1)
FNDA:1,(anonymous_2)
DA:1,1
DA:2,1
DA:5,1
DA:7,1
DA:8,1
DA:12,1
DA:13,1
LF:7
LH:7
BRF:0
BRH:0
end_of_record
TN:
SF:src\application\services\rescue.service.ts
FN:16,(anonymous_2)
FN:25,(anonymous_3)
FN:34,(anonymous_4)
FN:44,(anonymous_5)
FN:48,(anonymous_6)
FN:54,(anonymous_7)
FN:58,(anonymous_8)
FN:186,(anonymous_9)
FN:193,(anonymous_10)
FN:223,(anonymous_11)
FNF:10
FNH:3
FNDA:3,(anonymous_2)
FNDA:1,(anonymous_3)
FNDA:0,(anonymous_4)
FNDA:0,(anonymous_5)
FNDA:0,(anonymous_6)
FNDA:0,(anonymous_7)
FNDA:1,(anonymous_8)
FNDA:0,(anonymous_9)
FNDA:0,(anonymous_10)
FNDA:0,(anonymous_11)
DA:1,1
DA:6,1
DA:7,1
DA:9,1
DA:10,1
DA:11,1
DA:12,1
DA:15,1
DA:17,3
DA:18,3
DA:19,3
DA:20,3
DA:21,3
DA:22,3
DA:26,1
DA:30,1
DA:31,1
DA:35,0
DA:39,0
DA:41,0
DA:45,0
DA:47,0
DA:48,0
DA:51,0
DA:55,0
DA:59,1
DA:60,1
DA:61,1
DA:62,1
DA:64,1
DA:65,0
DA:68,0
DA:71,0
DA:75,0
DA:92,0
DA:116,1
DA:117,1
DA:120,1
DA:124,1
DA:141,1
DA:166,1
DA:170,1
DA:177,1
DA:183,1
DA:187,0
DA:188,0
DA:189,0
DA:192,0
DA:194,0
DA:195,0
DA:197,0
DA:215,0
DA:219,0
DA:220,0
DA:222,0
DA:224,0
DA:225,0
DA:227,0
DA:228,0
DA:246,0
DA:251,0
DA:255,0
LF:62
LH:31
BRDA:30,0,0,0
BRDA:39,1,0,0
BRDA:64,2,0,0
BRDA:64,2,1,1
BRDA:166,3,0,1
BRDA:167,4,0,1
BRDA:167,4,1,1
BRDA:227,5,0,0
BRF:8
BRH:4
end_of_record
TN:
SF:src\application\services\supabase.service.ts
FN:9,(anonymous_2)
FN:16,(anonymous_3)
FN:30,(anonymous_4)
FN:40,(anonymous_5)
FN:48,(anonymous_6)
FNF:5
FNH:5
FNDA:10,(anonymous_2)
FNDA:1,(anonymous_3)
FNDA:2,(anonymous_4)
FNDA:1,(anonymous_5)
FNDA:5,(anonymous_6)
DA:1,2
DA:2,2
DA:6,2
DA:10,10
DA:17,1
DA:24,1
DA:25,0
DA:31,2
DA:35,2
DA:37,1
DA:41,1
DA:45,1
DA:49,5
DA:53,5
DA:55,4
LF:15
LH:14
BRDA:24,0,0,0
BRDA:35,1,0,1
BRDA:45,2,0,0
BRDA:53,3,0,1
BRF:4
BRH:2
end_of_record
TN:
SF:src\application\services\user-gender.service.ts
FN:6,(anonymous_2)
FN:8,(anonymous_3)
FN:12,(anonymous_4)
FN:16,(anonymous_5)
FN:17,(anonymous_6)
FNF:5
FNH:0
FNDA:0,(anonymous_2)
FNDA:0,(anonymous_3)
FNDA:0,(anonymous_4)
FNDA:0,(anonymous_5)
FNDA:0,(anonymous_6)
DA:1,0
DA:2,0
DA:5,0
DA:6,0
DA:9,0
DA:13,0
DA:15,0
DA:16,0
DA:17,0
DA:19,0
LF:10
LH:0
BRF:0
BRH:0
end_of_record
TN:
SF:src\application\services\user.service.ts
FN:12,(anonymous_2)
FN:17,(anonymous_3)
FN:38,(anonymous_4)
FN:42,(anonymous_5)
FN:53,(anonymous_6)
FNF:5
FNH:3
FNDA:7,(anonymous_2)
FNDA:2,(anonymous_3)
FNDA:0,(anonymous_4)
FNDA:0,(anonymous_5)
FNDA:2,(anonymous_6)
DA:1,2
DA:6,2
DA:8,2
DA:11,2
DA:13,7
DA:14,7
DA:18,2
DA:19,2
DA:20,1
DA:22,1
DA:30,1
DA:35,1
DA:39,0
DA:43,0
DA:44,0
DA:45,0
DA:47,0
DA:50,0
DA:54,2
DA:55,2
DA:56,1
LF:21
LH:15
BRDA:19,0,0,1
BRDA:44,1,0,0
BRDA:55,2,0,1
BRF:3
BRH:2
end_of_record
TN:
SF:src\application\strategies\jwt.strategy.ts
FN:8,(anonymous_2)
FN:16,(anonymous_3)
FNF:2
FNH:1
FNDA:7,(anonymous_2)
FNDA:0,(anonymous_3)
DA:1,2
DA:2,2
DA:3,2
DA:7,2
DA:9,7
DA:17,0
LF:6
LH:5
BRF:0
BRH:0
end_of_record
TN:
SF:src\application\strategies\local.strategy.ts
FN:8,(anonymous_2)
FN:12,(anonymous_3)
FNF:2
FNH:0
FNDA:0,(anonymous_2)
FNDA:0,(anonymous_3)
DA:1,0
DA:2,0
DA:3,0
DA:4,0
DA:7,0
DA:8,0
DA:9,0
DA:13,0
LF:8
LH:0
BRF:0
BRH:0
end_of_record
TN:
SF:src\infraestructure\database\prisma\prisma.module.ts
FNF:0
FNH:0
DA:1,0
DA:2,0
DA:8,0
LF:3
LH:0
BRF:0
BRH:0
end_of_record
TN:
SF:src\infraestructure\database\prisma\prisma.service.ts
FN:6,(anonymous_1)
FNF:1
FNH:0
FNDA:0,(anonymous_1)
DA:1,5
DA:2,5
DA:5,5
DA:7,0
LF:4
LH:3
BRF:0
BRH:0
end_of_record
TN:
SF:src\infraestructure\repositories\alert.repository.ts
FN:8,(anonymous_2)
FN:10,(anonymous_3)
FN:21,(anonymous_4)
FN:27,(anonymous_5)
FN:39,(anonymous_6)
FNF:5
FNH:0
FNDA:0,(anonymous_2)
FNDA:0,(anonymous_3)
FNDA:0,(anonymous_4)
FNDA:0,(anonymous_5)
FNDA:0,(anonymous_6)
DA:3,1
DA:4,1
DA:7,1
DA:8,0
DA:11,0
DA:22,0
DA:29,0
DA:40,0
LF:8
LH:3
BRF:0
BRH:0
end_of_record
TN:
SF:src\infraestructure\repositories\book-gender.repository.ts
FN:6,(anonymous_2)
FN:8,(anonymous_3)
FNF:2
FNH:2
FNDA:3,(anonymous_2)
FNDA:2,(anonymous_3)
DA:1,1
DA:2,1
DA:5,1
DA:6,3
DA:9,2
LF:5
LH:5
BRF:0
BRH:0
end_of_record
TN:
SF:src\infraestructure\repositories\book-state.repository.ts
FN:6,(anonymous_2)
FN:8,(anonymous_3)
FN:14,(anonymous_4)
FNF:3
FNH:2
FNDA:3,(anonymous_2)
FNDA:2,(anonymous_3)
FNDA:0,(anonymous_4)
DA:1,1
DA:2,1
DA:5,1
DA:6,3
DA:9,2
DA:15,0
LF:6
LH:5
BRF:0
BRH:0
end_of_record
TN:
SF:src\infraestructure\repositories\book.repository.ts
FN:7,(anonymous_2)
FN:9,(anonymous_3)
FN:30,(anonymous_4)
FN:39,(anonymous_5)
FN:45,(anonymous_6)
FNF:5
FNH:2
FNDA:3,(anonymous_2)
FNDA:0,(anonymous_3)
FNDA:0,(anonymous_4)
FNDA:2,(anonymous_5)
FNDA:0,(anonymous_6)
DA:1,1
DA:2,1
DA:6,1
DA:7,3
DA:10,0
DA:31,0
DA:40,2
DA:46,0
LF:8
LH:5
BRF:0
BRH:0
end_of_record
TN:
SF:src\infraestructure\repositories\gender.repository.ts
FN:6,(anonymous_2)
FN:8,(anonymous_3)
FN:14,(anonymous_4)
FNF:3
FNH:3
FNDA:6,(anonymous_2)
FNDA:3,(anonymous_3)
FNDA:1,(anonymous_4)
DA:1,2
DA:2,2
DA:5,2
DA:6,6
DA:9,3
DA:15,1
LF:6
LH:6
BRF:0
BRH:0
end_of_record
TN:
SF:src\infraestructure\repositories\rescue.repository.ts
FN:7,(anonymous_2)
FN:9,(anonymous_3)
FN:20,(anonymous_4)
FN:26,(anonymous_5)
FN:32,(anonymous_6)
FN:43,(anonymous_7)
FN:49,(anonymous_8)
FN:66,(anonymous_9)
FNF:8
FNH:4
FNDA:3,(anonymous_2)
FNDA:1,(anonymous_3)
FNDA:1,(anonymous_4)
FNDA:0,(anonymous_5)
FNDA:1,(anonymous_6)
FNDA:0,(anonymous_7)
FNDA:0,(anonymous_8)
FNDA:0,(anonymous_9)
DA:2,1
DA:3,1
DA:6,1
DA:7,3
DA:10,1
DA:21,1
DA:27,0
DA:33,1
DA:44,0
DA:50,0
DA:67,0
LF:11
LH:7
BRF:0
BRH:0
end_of_record
TN:
SF:src\infraestructure\repositories\user-gender.repository.ts
FN:6,(anonymous_2)
FN:8,(anonymous_3)
FNF:2
FNH:0
FNDA:0,(anonymous_2)
FNDA:0,(anonymous_3)
DA:1,0
DA:2,0
DA:5,0
DA:6,0
DA:9,0
LF:5
LH:0
BRF:0
BRH:0
end_of_record
TN:
SF:src\infraestructure\repositories\user.repository.ts
FN:8,(anonymous_2)
FN:10,(anonymous_3)
FN:30,(anonymous_4)
FN:36,(anonymous_5)
FN:42,(anonymous_6)
FNF:5
FNH:4
FNDA:11,(anonymous_2)
FNDA:1,(anonymous_3)
FNDA:2,(anonymous_4)
FNDA:4,(anonymous_5)
FNDA:0,(anonymous_6)
DA:1,4
DA:2,4
DA:3,4
DA:7,4
DA:8,11
DA:11,1
DA:16,1
DA:31,2
DA:37,4
DA:43,0
LF:10
LH:9
BRF:0
BRH:0
end_of_record
TN:
SF:src\interfaces\controllers\alert.controller.ts
FN:7,(anonymous_4)
FN:10,(anonymous_5)
FNF:2
FNH:0
FNDA:0,(anonymous_4)
FNDA:0,(anonymous_5)
DA:1,0
DA:2,0
DA:3,0
DA:6,0
DA:7,0
DA:10,0
DA:11,0
LF:7
LH:0
BRF:0
BRH:0
end_of_record
TN:
SF:src\interfaces\controllers\app.controller.ts
FN:7,(anonymous_2)
FN:11,(anonymous_3)
FNF:2
FNH:2
FNDA:1,(anonymous_2)
FNDA:1,(anonymous_3)
DA:1,1
DA:2,1
DA:3,1
DA:6,1
DA:7,1
DA:9,1
DA:12,1
LF:7
LH:7
BRF:0
BRH:0
end_of_record
TN:
SF:src\interfaces\controllers\auth.controller.ts
FN:10,(anonymous_4)
FN:16,(anonymous_5)
FNF:2
FNH:0
FNDA:0,(anonymous_4)
FNDA:0,(anonymous_5)
DA:1,0
DA:3,0
DA:5,0
DA:6,0
DA:9,0
DA:10,0
DA:12,0
DA:17,0
LF:8
LH:0
BRF:0
BRH:0
end_of_record
TN:
SF:src\interfaces\controllers\book.controller.ts
FN:19,(anonymous_4)
FN:22,(anonymous_5)
FN:27,(anonymous_6)
FN:36,(anonymous_7)
FN:63,(anonymous_8)
FN:90,(anonymous_9)
FNF:6
FNH:0
FNDA:0,(anonymous_4)
FNDA:0,(anonymous_5)
FNDA:0,(anonymous_6)
FNDA:0,(anonymous_7)
FNDA:0,(anonymous_8)
FNDA:0,(anonymous_9)
DA:1,0
DA:12,0
DA:13,0
DA:14,0
DA:15,0
DA:18,0
DA:19,0
DA:22,0
DA:23,0
DA:27,0
DA:28,0
DA:36,0
DA:37,0
DA:63,0
DA:64,0
DA:90,0
DA:91,0
LF:17
LH:0
BRF:0
BRH:0
end_of_record
TN:
SF:src\interfaces\controllers\gender.controller.ts
FN:6,(anonymous_4)
FN:9,(anonymous_5)
FN:14,(anonymous_6)
FNF:3
FNH:1
FNDA:3,(anonymous_4)
FNDA:0,(anonymous_5)
FNDA:0,(anonymous_6)
DA:1,1
DA:2,1
DA:5,1
DA:6,3
DA:9,1
DA:10,0
DA:14,1
DA:15,0
LF:8
LH:6
BRF:0
BRH:0
end_of_record
TN:
SF:src\interfaces\controllers\rescue.controller.ts
FN:8,(anonymous_4)
FN:23,(anonymous_5)
FN:40,(anonymous_6)
FN:45,(anonymous_7)
FN:50,(anonymous_8)
FN:55,(anonymous_9)
FNF:6
FNH:0
FNDA:0,(anonymous_4)
FNDA:0,(anonymous_5)
FNDA:0,(anonymous_6)
FNDA:0,(anonymous_7)
FNDA:0,(anonymous_8)
FNDA:0,(anonymous_9)
DA:1,0
DA:2,0
DA:3,0
DA:4,0
DA:7,0
DA:8,0
DA:23,0
DA:24,0
DA:40,0
DA:41,0
DA:45,0
DA:46,0
DA:50,0
DA:51,0
DA:55,0
DA:56,0
LF:16
LH:0
BRF:0
BRH:0
end_of_record
TN:
SF:src\interfaces\controllers\user.controller.ts
FN:19,(anonymous_4)
FN:26,(anonymous_5)
FN:38,(anonymous_6)
FN:55,(anonymous_7)
FN:60,(anonymous_8)
FNF:5
FNH:0
FNDA:0,(anonymous_4)
FNDA:0,(anonymous_5)
FNDA:0,(anonymous_6)
FNDA:0,(anonymous_7)
FNDA:0,(anonymous_8)
DA:1,0
DA:11,0
DA:12,0
DA:13,0
DA:15,0
DA:18,0
DA:20,0
DA:21,0
DA:26,0
DA:28,0
DA:29,0
DA:38,0
DA:39,0
DA:40,0
DA:41,0
DA:46,0
DA:54,0
DA:56,0
DA:60,0
DA:61,0
DA:62,0
LF:21
LH:0
BRF:0
BRH:0
end_of_record
TN:
SF:src\interfaces\decorators\is-public.decorator.ts
FN:4,(anonymous_0)
FNF:1
FNH:1
FNDA:1,(anonymous_0)
DA:1,1
DA:3,1
DA:4,1
LF:3
LH:3
BRF:0
BRH:0
end_of_record
