TN:
SF:src\application\modules\app.module.ts
FNF:0
FNH:0
DA:1,0
DA:2,0
DA:3,0
DA:4,0
DA:5,0
DA:6,0
DA:7,0
DA:15,0
LF:8
LH:0
BRF:0
BRH:0
end_of_record
TN:
SF:src\application\modules\auth.module.ts
FN:20,(anonymous_1)
FNF:1
FNH:0
FNDA:0,(anonymous_1)
DA:1,0
DA:2,0
DA:4,0
DA:5,0
DA:6,0
DA:7,0
DA:8,0
DA:9,0
DA:19,0
DA:21,0
LF:10
LH:0
BRF:0
BRH:0
end_of_record
TN:
SF:src\application\modules\user.module.ts
FNF:0
FNH:0
DA:1,0
DA:2,0
DA:3,0
DA:4,0
DA:5,0
DA:6,0
DA:7,0
DA:15,0
LF:8
LH:0
BRF:0
BRH:0
end_of_record
TN:
SF:src\application\services\app.service.ts
FN:5,(anonymous_1)
FNF:1
FNH:1
FNDA:1,(anonymous_1)
DA:1,1
DA:4,1
DA:6,1
LF:3
LH:3
BRF:0
BRH:0
end_of_record
TN:
SF:src\application\services\auth.service.ts
FN:11,(anonymous_2)
FN:16,(anonymous_3)
FN:31,(anonymous_4)
FNF:3
FNH:3
FNDA:4,(anonymous_2)
FNDA:2,(anonymous_3)
FNDA:1,(anonymous_4)
DA:1,1
DA:2,1
DA:3,1
DA:5,1
DA:10,1
DA:12,4
DA:13,4
DA:17,2
DA:19,1
DA:20,1
DA:22,1
DA:28,0
DA:34,1
DA:42,1
DA:43,1
DA:51,1
LF:16
LH:15
BRDA:19,0,0,1
BRDA:22,1,0,1
BRF:2
BRH:2
end_of_record
TN:
SF:src\application\services\user.service.ts
FN:11,(anonymous_2)
FN:13,(anonymous_3)
FN:22,(anonymous_4)
FN:26,(anonymous_5)
FN:37,(anonymous_6)
FNF:5
FNH:3
FNDA:7,(anonymous_2)
FNDA:2,(anonymous_3)
FNDA:0,(anonymous_4)
FNDA:0,(anonymous_5)
FNDA:2,(anonymous_6)
DA:1,2
DA:6,2
DA:10,2
DA:11,7
DA:14,2
DA:17,2
DA:19,1
DA:23,0
DA:27,0
DA:28,0
DA:29,0
DA:31,0
DA:34,0
DA:38,2
DA:39,2
DA:40,1
LF:16
LH:10
BRDA:17,0,0,1
BRDA:28,1,0,0
BRDA:39,2,0,1
BRF:3
BRH:2
end_of_record
TN:
SF:src\application\strategies\jwt.strategy.ts
FN:8,(anonymous_2)
FN:16,(anonymous_3)
FNF:2
FNH:1
FNDA:4,(anonymous_2)
FNDA:0,(anonymous_3)
DA:1,1
DA:2,1
DA:3,1
DA:7,1
DA:9,4
DA:17,0
LF:6
LH:5
BRF:0
BRH:0
end_of_record
TN:
SF:src\application\strategies\local.strategy.ts
FN:8,(anonymous_2)
FN:12,(anonymous_3)
FNF:2
FNH:0
FNDA:0,(anonymous_2)
FNDA:0,(anonymous_3)
DA:1,0
DA:2,0
DA:3,0
DA:4,0
DA:7,0
DA:8,0
DA:9,0
DA:13,0
LF:8
LH:0
BRF:0
BRH:0
end_of_record
TN:
SF:src\infraestructure\database\prisma\prisma.module.ts
FNF:0
FNH:0
DA:1,0
DA:2,0
DA:8,0
LF:3
LH:0
BRF:0
BRH:0
end_of_record
TN:
SF:src\infraestructure\database\prisma\prisma.service.ts
FN:6,(anonymous_1)
FNF:1
FNH:0
FNDA:0,(anonymous_1)
DA:1,2
DA:2,2
DA:5,2
DA:7,0
LF:4
LH:3
BRF:0
BRH:0
end_of_record
TN:
SF:src\infraestructure\repositories\user.repository.ts
FN:8,(anonymous_2)
FN:10,(anonymous_3)
FN:30,(anonymous_4)
FN:36,(anonymous_5)
FN:42,(anonymous_6)
FNF:5
FNH:3
FNDA:7,(anonymous_2)
FNDA:1,(anonymous_3)
FNDA:0,(anonymous_4)
FNDA:4,(anonymous_5)
FNDA:0,(anonymous_6)
DA:1,2
DA:2,2
DA:3,2
DA:7,2
DA:8,7
DA:11,1
DA:16,1
DA:31,0
DA:37,4
DA:43,0
LF:10
LH:8
BRF:0
BRH:0
end_of_record
TN:
SF:src\interfaces\controllers\app.controller.ts
FN:7,(anonymous_2)
FN:11,(anonymous_3)
FNF:2
FNH:2
FNDA:1,(anonymous_2)
FNDA:1,(anonymous_3)
DA:1,1
DA:2,1
DA:3,1
DA:6,1
DA:7,1
DA:9,1
DA:12,1
LF:7
LH:7
BRF:0
BRH:0
end_of_record
TN:
SF:src\interfaces\controllers\auth.controller.ts
FN:10,(anonymous_4)
FN:16,(anonymous_5)
FNF:2
FNH:0
FNDA:0,(anonymous_4)
FNDA:0,(anonymous_5)
DA:1,0
DA:3,0
DA:5,0
DA:6,0
DA:9,0
DA:10,0
DA:12,0
DA:17,0
LF:8
LH:0
BRF:0
BRH:0
end_of_record
TN:
SF:src\interfaces\controllers\user.controller.ts
FN:8,(anonymous_4)
FN:12,(anonymous_5)
FN:17,(anonymous_6)
FN:22,(anonymous_7)
FNF:4
FNH:0
FNDA:0,(anonymous_4)
FNDA:0,(anonymous_5)
FNDA:0,(anonymous_6)
FNDA:0,(anonymous_7)
DA:1,0
DA:2,0
DA:3,0
DA:4,0
DA:7,0
DA:8,0
DA:10,0
DA:13,0
DA:16,0
DA:18,0
DA:22,0
DA:23,0
DA:24,0
LF:13
LH:0
BRF:0
BRH:0
end_of_record
TN:
SF:src\interfaces\decorators\is-public.decorator.ts
FN:4,(anonymous_0)
FNF:1
FNH:1
FNDA:1,(anonymous_0)
DA:1,1
DA:3,1
DA:4,1
LF:3
LH:3
BRF:0
BRH:0
end_of_record
